<?xml version="1.0" encoding="UTF-8"?>
<!-- Generated by org.testng.reporters.JUnitXMLReporter -->
<testsuite hostname="CTLINDT-0119" name="Grouping" tests="93" failures="65" timestamp="2 May 2017 03:39:41 GMT" time="14952.952" errors="0">
  <testcase name="HOOQ_Home_Page_VerifyHomePage" time="399.357" classname="tv.hooq.web.scripts.HOOQ_Home_Page_VerifyHomePage">
    <failure type="java.lang.AssertionError" message="Step MouseOver  Failed with description MouseOver Action was &amp;lt;b&amp;gt;NOT&amp;lt;/b&amp;gt; perform on &amp;lt;b&amp;gt;Header Navigation&amp;lt;/b&amp;gt; expected [true] but found [false]">
      <![CDATA[java.lang.AssertionError: Step MouseOver  Failed with description MouseOver Action was <b>NOT</b> perform on <b>Header Navigation</b> expected [true] but found [false]
	at com.ctaf.support.HtmlReportSupport.onFailure(HtmlReportSupport.java:780)
	at com.ctaf.utilities.Reporter.failureReport(Reporter.java:92)
	at com.ctaf.accelerators.ActionEngine.mouseHoverByJavaScript(ActionEngine.java:1874)
	at tv.hooq.web.workflows.HOOQWorkflows.fnVerifyHomePageScreenAfterLogin(HOOQWorkflows.java:4461)
	at tv.hooq.web.scripts.HOOQ_Home_Page_VerifyHomePage.HOOQ_Home_Page_VerifyHomePage(HOOQ_Home_Page_VerifyHomePage.java:50)
	at org.apache.maven.surefire.testng.TestNGExecutor.run(TestNGExecutor.java:122)
	at org.apache.maven.surefire.testng.TestNGXmlTestSuite.execute(TestNGXmlTestSuite.java:92)
	at org.apache.maven.surefire.testng.TestNGProvider.invoke(TestNGProvider.java:101)
	at org.apache.maven.surefire.util.ReflectionUtils.invokeMethodWithArray(ReflectionUtils.java:164)
	at org.apache.maven.surefire.booter.ProviderFactory$ProviderProxy.invoke(ProviderFactory.java:110)
	at org.apache.maven.surefire.booter.SurefireStarter.invokeProvider(SurefireStarter.java:172)
	at org.apache.maven.surefire.booter.SurefireStarter.runSuitesInProcessWhenForked(SurefireStarter.java:104)
	at org.apache.maven.surefire.booter.ForkedBooter.main(ForkedBooter.java:70)
... Removed 28 stack frames]]>
    </failure>
  </testcase> <!-- HOOQ_Home_Page_VerifyHomePage -->
  <testcase name="HOOQ_Home_Page_VerifyHomePage" time="393.248" classname="tv.hooq.web.scripts.HOOQ_Home_Page_VerifyHomePage">
    <failure type="java.lang.AssertionError" message="Step MouseOver  Failed with description MouseOver Action was &amp;lt;b&amp;gt;NOT&amp;lt;/b&amp;gt; perform on &amp;lt;b&amp;gt;Header Navigation&amp;lt;/b&amp;gt; expected [true] but found [false]">
      <![CDATA[java.lang.AssertionError: Step MouseOver  Failed with description MouseOver Action was <b>NOT</b> perform on <b>Header Navigation</b> expected [true] but found [false]
	at com.ctaf.support.HtmlReportSupport.onFailure(HtmlReportSupport.java:780)
	at com.ctaf.utilities.Reporter.failureReport(Reporter.java:92)
	at com.ctaf.accelerators.ActionEngine.mouseHoverByJavaScript(ActionEngine.java:1874)
	at tv.hooq.web.workflows.HOOQWorkflows.fnVerifyHomePageScreenAfterLogin(HOOQWorkflows.java:4461)
	at tv.hooq.web.scripts.HOOQ_Home_Page_VerifyHomePage.HOOQ_Home_Page_VerifyHomePage(HOOQ_Home_Page_VerifyHomePage.java:50)
	at org.apache.maven.surefire.testng.TestNGExecutor.run(TestNGExecutor.java:122)
	at org.apache.maven.surefire.testng.TestNGXmlTestSuite.execute(TestNGXmlTestSuite.java:92)
	at org.apache.maven.surefire.testng.TestNGProvider.invoke(TestNGProvider.java:101)
	at org.apache.maven.surefire.util.ReflectionUtils.invokeMethodWithArray(ReflectionUtils.java:164)
	at org.apache.maven.surefire.booter.ProviderFactory$ProviderProxy.invoke(ProviderFactory.java:110)
	at org.apache.maven.surefire.booter.SurefireStarter.invokeProvider(SurefireStarter.java:172)
	at org.apache.maven.surefire.booter.SurefireStarter.runSuitesInProcessWhenForked(SurefireStarter.java:104)
	at org.apache.maven.surefire.booter.ForkedBooter.main(ForkedBooter.java:70)
... Removed 28 stack frames]]>
    </failure>
  </testcase> <!-- HOOQ_Home_Page_VerifyHomePage -->
  <testcase name="HOOQ_Home_Page_VerifyHomePage" time="387.373" classname="tv.hooq.web.scripts.HOOQ_Home_Page_VerifyHomePage">
    <failure type="java.lang.AssertionError" message="Step MouseOver  Failed with description MouseOver Action was &amp;lt;b&amp;gt;NOT&amp;lt;/b&amp;gt; perform on &amp;lt;b&amp;gt;Header Navigation&amp;lt;/b&amp;gt; expected [true] but found [false]">
      <![CDATA[java.lang.AssertionError: Step MouseOver  Failed with description MouseOver Action was <b>NOT</b> perform on <b>Header Navigation</b> expected [true] but found [false]
	at com.ctaf.support.HtmlReportSupport.onFailure(HtmlReportSupport.java:780)
	at com.ctaf.utilities.Reporter.failureReport(Reporter.java:92)
	at com.ctaf.accelerators.ActionEngine.mouseHoverByJavaScript(ActionEngine.java:1874)
	at tv.hooq.web.workflows.HOOQWorkflows.fnVerifyHomePageScreenAfterLogin(HOOQWorkflows.java:4461)
	at tv.hooq.web.scripts.HOOQ_Home_Page_VerifyHomePage.HOOQ_Home_Page_VerifyHomePage(HOOQ_Home_Page_VerifyHomePage.java:50)
	at org.apache.maven.surefire.testng.TestNGExecutor.run(TestNGExecutor.java:122)
	at org.apache.maven.surefire.testng.TestNGXmlTestSuite.execute(TestNGXmlTestSuite.java:92)
	at org.apache.maven.surefire.testng.TestNGProvider.invoke(TestNGProvider.java:101)
	at org.apache.maven.surefire.util.ReflectionUtils.invokeMethodWithArray(ReflectionUtils.java:164)
	at org.apache.maven.surefire.booter.ProviderFactory$ProviderProxy.invoke(ProviderFactory.java:110)
	at org.apache.maven.surefire.booter.SurefireStarter.invokeProvider(SurefireStarter.java:172)
	at org.apache.maven.surefire.booter.SurefireStarter.runSuitesInProcessWhenForked(SurefireStarter.java:104)
	at org.apache.maven.surefire.booter.ForkedBooter.main(ForkedBooter.java:70)
... Removed 28 stack frames]]>
    </failure>
  </testcase> <!-- HOOQ_Home_Page_VerifyHomePage -->
  <testcase name="HOOQ_Home_Page_VerifyHomePage" time="31.764" classname="tv.hooq.web.scripts.HOOQ_Home_Page_VerifyHomePage"/>
  <testcase name="HOOQ_Web_ConitnueWatching" time="203.937" classname="tv.hooq.web.scripts.HOOQ_Web_ConitnueWatching">
    <failure type="java.lang.AssertionError" message="Step MouseOver  Failed with description MouseOver Action was &amp;lt;b&amp;gt;NOT&amp;lt;/b&amp;gt; perform on &amp;lt;b&amp;gt;Header Navigation&amp;lt;/b&amp;gt; expected [true] but found [false]">
      <![CDATA[java.lang.AssertionError: Step MouseOver  Failed with description MouseOver Action was <b>NOT</b> perform on <b>Header Navigation</b> expected [true] but found [false]
	at com.ctaf.support.HtmlReportSupport.onFailure(HtmlReportSupport.java:780)
	at com.ctaf.utilities.Reporter.failureReport(Reporter.java:92)
	at com.ctaf.accelerators.ActionEngine.mouseHoverByJavaScript(ActionEngine.java:1874)
	at tv.hooq.web.workflows.HOOQWorkflows.logOut(HOOQWorkflows.java:328)
	at tv.hooq.web.scripts.HOOQ_Web_ConitnueWatching.HOOQ_Web_ConitnueWatching(HOOQ_Web_ConitnueWatching.java:33)
	at org.apache.maven.surefire.testng.TestNGExecutor.run(TestNGExecutor.java:122)
	at org.apache.maven.surefire.testng.TestNGXmlTestSuite.execute(TestNGXmlTestSuite.java:92)
	at org.apache.maven.surefire.testng.TestNGProvider.invoke(TestNGProvider.java:101)
	at org.apache.maven.surefire.util.ReflectionUtils.invokeMethodWithArray(ReflectionUtils.java:164)
	at org.apache.maven.surefire.booter.ProviderFactory$ProviderProxy.invoke(ProviderFactory.java:110)
	at org.apache.maven.surefire.booter.SurefireStarter.invokeProvider(SurefireStarter.java:172)
	at org.apache.maven.surefire.booter.SurefireStarter.runSuitesInProcessWhenForked(SurefireStarter.java:104)
	at org.apache.maven.surefire.booter.ForkedBooter.main(ForkedBooter.java:70)
... Removed 28 stack frames]]>
    </failure>
  </testcase> <!-- HOOQ_Web_ConitnueWatching -->
  <testcase name="HOOQ_Web_FaceBookLogin" time="8.642" classname="tv.hooq.web.scripts.HOOQ_Web_FaceBookLogin"/>
  <testcase name="HOOQ_Web_FAQ_Search" time="148.947" classname="tv.hooq.web.scripts.HOOQ_Web_FAQ_Search">
    <failure type="java.lang.AssertionError" message="Step MouseOver  Failed with description MouseOver Action was &amp;lt;b&amp;gt;NOT&amp;lt;/b&amp;gt; perform on &amp;lt;b&amp;gt;Header Navigation&amp;lt;/b&amp;gt; expected [true] but found [false]">
      <![CDATA[java.lang.AssertionError: Step MouseOver  Failed with description MouseOver Action was <b>NOT</b> perform on <b>Header Navigation</b> expected [true] but found [false]
	at com.ctaf.support.HtmlReportSupport.onFailure(HtmlReportSupport.java:780)
	at com.ctaf.utilities.Reporter.failureReport(Reporter.java:92)
	at com.ctaf.accelerators.ActionEngine.mouseHoverByJavaScript(ActionEngine.java:1874)
	at tv.hooq.web.workflows.HOOQWorkflows.navigateToSupport(HOOQWorkflows.java:748)
	at tv.hooq.web.workflows.HOOQWorkflows.fnVerifyFAQsearch(HOOQWorkflows.java:7697)
	at tv.hooq.web.scripts.HOOQ_Web_FAQ_Search.HOOQ_Web_FAQ_Search(HOOQ_Web_FAQ_Search.java:32)
	at org.apache.maven.surefire.testng.TestNGExecutor.run(TestNGExecutor.java:122)
	at org.apache.maven.surefire.testng.TestNGXmlTestSuite.execute(TestNGXmlTestSuite.java:92)
	at org.apache.maven.surefire.testng.TestNGProvider.invoke(TestNGProvider.java:101)
	at org.apache.maven.surefire.util.ReflectionUtils.invokeMethodWithArray(ReflectionUtils.java:164)
	at org.apache.maven.surefire.booter.ProviderFactory$ProviderProxy.invoke(ProviderFactory.java:110)
	at org.apache.maven.surefire.booter.SurefireStarter.invokeProvider(SurefireStarter.java:172)
	at org.apache.maven.surefire.booter.SurefireStarter.runSuitesInProcessWhenForked(SurefireStarter.java:104)
	at org.apache.maven.surefire.booter.ForkedBooter.main(ForkedBooter.java:70)
... Removed 28 stack frames]]>
    </failure>
  </testcase> <!-- HOOQ_Web_FAQ_Search -->
  <testcase name="HOOQ_Web_FAQ_Search" time="137.941" classname="tv.hooq.web.scripts.HOOQ_Web_FAQ_Search">
    <failure type="java.lang.AssertionError" message="Step MouseOver  Failed with description MouseOver Action was &amp;lt;b&amp;gt;NOT&amp;lt;/b&amp;gt; perform on &amp;lt;b&amp;gt;Header Navigation&amp;lt;/b&amp;gt; expected [true] but found [false]">
      <![CDATA[java.lang.AssertionError: Step MouseOver  Failed with description MouseOver Action was <b>NOT</b> perform on <b>Header Navigation</b> expected [true] but found [false]
	at com.ctaf.support.HtmlReportSupport.onFailure(HtmlReportSupport.java:780)
	at com.ctaf.utilities.Reporter.failureReport(Reporter.java:92)
	at com.ctaf.accelerators.ActionEngine.mouseHoverByJavaScript(ActionEngine.java:1874)
	at tv.hooq.web.workflows.HOOQWorkflows.navigateToSupport(HOOQWorkflows.java:748)
	at tv.hooq.web.workflows.HOOQWorkflows.fnVerifyFAQsearch(HOOQWorkflows.java:7697)
	at tv.hooq.web.scripts.HOOQ_Web_FAQ_Search.HOOQ_Web_FAQ_Search(HOOQ_Web_FAQ_Search.java:32)
	at org.apache.maven.surefire.testng.TestNGExecutor.run(TestNGExecutor.java:122)
	at org.apache.maven.surefire.testng.TestNGXmlTestSuite.execute(TestNGXmlTestSuite.java:92)
	at org.apache.maven.surefire.testng.TestNGProvider.invoke(TestNGProvider.java:101)
	at org.apache.maven.surefire.util.ReflectionUtils.invokeMethodWithArray(ReflectionUtils.java:164)
	at org.apache.maven.surefire.booter.ProviderFactory$ProviderProxy.invoke(ProviderFactory.java:110)
	at org.apache.maven.surefire.booter.SurefireStarter.invokeProvider(SurefireStarter.java:172)
	at org.apache.maven.surefire.booter.SurefireStarter.runSuitesInProcessWhenForked(SurefireStarter.java:104)
	at org.apache.maven.surefire.booter.ForkedBooter.main(ForkedBooter.java:70)
... Removed 28 stack frames]]>
    </failure>
  </testcase> <!-- HOOQ_Web_FAQ_Search -->
  <testcase name="HOOQ_Web_FAQ_Search" time="139.212" classname="tv.hooq.web.scripts.HOOQ_Web_FAQ_Search">
    <failure type="java.lang.AssertionError" message="Step MouseOver  Failed with description MouseOver Action was &amp;lt;b&amp;gt;NOT&amp;lt;/b&amp;gt; perform on &amp;lt;b&amp;gt;Header Navigation&amp;lt;/b&amp;gt; expected [true] but found [false]">
      <![CDATA[java.lang.AssertionError: Step MouseOver  Failed with description MouseOver Action was <b>NOT</b> perform on <b>Header Navigation</b> expected [true] but found [false]
	at com.ctaf.support.HtmlReportSupport.onFailure(HtmlReportSupport.java:780)
	at com.ctaf.utilities.Reporter.failureReport(Reporter.java:92)
	at com.ctaf.accelerators.ActionEngine.mouseHoverByJavaScript(ActionEngine.java:1874)
	at tv.hooq.web.workflows.HOOQWorkflows.navigateToSupport(HOOQWorkflows.java:748)
	at tv.hooq.web.workflows.HOOQWorkflows.fnVerifyFAQsearch(HOOQWorkflows.java:7697)
	at tv.hooq.web.scripts.HOOQ_Web_FAQ_Search.HOOQ_Web_FAQ_Search(HOOQ_Web_FAQ_Search.java:32)
	at org.apache.maven.surefire.testng.TestNGExecutor.run(TestNGExecutor.java:122)
	at org.apache.maven.surefire.testng.TestNGXmlTestSuite.execute(TestNGXmlTestSuite.java:92)
	at org.apache.maven.surefire.testng.TestNGProvider.invoke(TestNGProvider.java:101)
	at org.apache.maven.surefire.util.ReflectionUtils.invokeMethodWithArray(ReflectionUtils.java:164)
	at org.apache.maven.surefire.booter.ProviderFactory$ProviderProxy.invoke(ProviderFactory.java:110)
	at org.apache.maven.surefire.booter.SurefireStarter.invokeProvider(SurefireStarter.java:172)
	at org.apache.maven.surefire.booter.SurefireStarter.runSuitesInProcessWhenForked(SurefireStarter.java:104)
	at org.apache.maven.surefire.booter.ForkedBooter.main(ForkedBooter.java:70)
... Removed 28 stack frames]]>
    </failure>
  </testcase> <!-- HOOQ_Web_FAQ_Search -->
  <testcase name="HOOQ_Web_FAQLink" time="139.306" classname="tv.hooq.web.scripts.HOOQ_Web_FAQLink">
    <failure type="java.lang.AssertionError" message="Step MouseOver  Failed with description MouseOver Action was &amp;lt;b&amp;gt;NOT&amp;lt;/b&amp;gt; perform on &amp;lt;b&amp;gt;Header Navigation&amp;lt;/b&amp;gt; expected [true] but found [false]">
      <![CDATA[java.lang.AssertionError: Step MouseOver  Failed with description MouseOver Action was <b>NOT</b> perform on <b>Header Navigation</b> expected [true] but found [false]
	at com.ctaf.support.HtmlReportSupport.onFailure(HtmlReportSupport.java:780)
	at com.ctaf.utilities.Reporter.failureReport(Reporter.java:92)
	at com.ctaf.accelerators.ActionEngine.mouseHoverByJavaScript(ActionEngine.java:1874)
	at tv.hooq.web.workflows.HOOQWorkflows.navigateToSupport(HOOQWorkflows.java:748)
	at tv.hooq.web.workflows.HOOQWorkflows.fnVerifyFAQLinkPage(HOOQWorkflows.java:7756)
	at tv.hooq.web.scripts.HOOQ_Web_FAQLink.HOOQ_Web_FAQLink(HOOQ_Web_FAQLink.java:32)
	at org.apache.maven.surefire.testng.TestNGExecutor.run(TestNGExecutor.java:122)
	at org.apache.maven.surefire.testng.TestNGXmlTestSuite.execute(TestNGXmlTestSuite.java:92)
	at org.apache.maven.surefire.testng.TestNGProvider.invoke(TestNGProvider.java:101)
	at org.apache.maven.surefire.util.ReflectionUtils.invokeMethodWithArray(ReflectionUtils.java:164)
	at org.apache.maven.surefire.booter.ProviderFactory$ProviderProxy.invoke(ProviderFactory.java:110)
	at org.apache.maven.surefire.booter.SurefireStarter.invokeProvider(SurefireStarter.java:172)
	at org.apache.maven.surefire.booter.SurefireStarter.runSuitesInProcessWhenForked(SurefireStarter.java:104)
	at org.apache.maven.surefire.booter.ForkedBooter.main(ForkedBooter.java:70)
... Removed 28 stack frames]]>
    </failure>
  </testcase> <!-- HOOQ_Web_FAQLink -->
  <testcase name="HOOQ_Web_FAQLink" time="141.19" classname="tv.hooq.web.scripts.HOOQ_Web_FAQLink">
    <failure type="java.lang.AssertionError" message="Step MouseOver  Failed with description MouseOver Action was &amp;lt;b&amp;gt;NOT&amp;lt;/b&amp;gt; perform on &amp;lt;b&amp;gt;Header Navigation&amp;lt;/b&amp;gt; expected [true] but found [false]">
      <![CDATA[java.lang.AssertionError: Step MouseOver  Failed with description MouseOver Action was <b>NOT</b> perform on <b>Header Navigation</b> expected [true] but found [false]
	at com.ctaf.support.HtmlReportSupport.onFailure(HtmlReportSupport.java:780)
	at com.ctaf.utilities.Reporter.failureReport(Reporter.java:92)
	at com.ctaf.accelerators.ActionEngine.mouseHoverByJavaScript(ActionEngine.java:1874)
	at tv.hooq.web.workflows.HOOQWorkflows.navigateToSupport(HOOQWorkflows.java:748)
	at tv.hooq.web.workflows.HOOQWorkflows.fnVerifyFAQLinkPage(HOOQWorkflows.java:7756)
	at tv.hooq.web.scripts.HOOQ_Web_FAQLink.HOOQ_Web_FAQLink(HOOQ_Web_FAQLink.java:32)
	at org.apache.maven.surefire.testng.TestNGExecutor.run(TestNGExecutor.java:122)
	at org.apache.maven.surefire.testng.TestNGXmlTestSuite.execute(TestNGXmlTestSuite.java:92)
	at org.apache.maven.surefire.testng.TestNGProvider.invoke(TestNGProvider.java:101)
	at org.apache.maven.surefire.util.ReflectionUtils.invokeMethodWithArray(ReflectionUtils.java:164)
	at org.apache.maven.surefire.booter.ProviderFactory$ProviderProxy.invoke(ProviderFactory.java:110)
	at org.apache.maven.surefire.booter.SurefireStarter.invokeProvider(SurefireStarter.java:172)
	at org.apache.maven.surefire.booter.SurefireStarter.runSuitesInProcessWhenForked(SurefireStarter.java:104)
	at org.apache.maven.surefire.booter.ForkedBooter.main(ForkedBooter.java:70)
... Removed 28 stack frames]]>
    </failure>
  </testcase> <!-- HOOQ_Web_FAQLink -->
  <testcase name="HOOQ_Web_FAQLink" time="139.864" classname="tv.hooq.web.scripts.HOOQ_Web_FAQLink">
    <failure type="java.lang.AssertionError" message="Step MouseOver  Failed with description MouseOver Action was &amp;lt;b&amp;gt;NOT&amp;lt;/b&amp;gt; perform on &amp;lt;b&amp;gt;Header Navigation&amp;lt;/b&amp;gt; expected [true] but found [false]">
      <![CDATA[java.lang.AssertionError: Step MouseOver  Failed with description MouseOver Action was <b>NOT</b> perform on <b>Header Navigation</b> expected [true] but found [false]
	at com.ctaf.support.HtmlReportSupport.onFailure(HtmlReportSupport.java:780)
	at com.ctaf.utilities.Reporter.failureReport(Reporter.java:92)
	at com.ctaf.accelerators.ActionEngine.mouseHoverByJavaScript(ActionEngine.java:1874)
	at tv.hooq.web.workflows.HOOQWorkflows.navigateToSupport(HOOQWorkflows.java:748)
	at tv.hooq.web.workflows.HOOQWorkflows.fnVerifyFAQLinkPage(HOOQWorkflows.java:7756)
	at tv.hooq.web.scripts.HOOQ_Web_FAQLink.HOOQ_Web_FAQLink(HOOQ_Web_FAQLink.java:32)
	at org.apache.maven.surefire.testng.TestNGExecutor.run(TestNGExecutor.java:122)
	at org.apache.maven.surefire.testng.TestNGXmlTestSuite.execute(TestNGXmlTestSuite.java:92)
	at org.apache.maven.surefire.testng.TestNGProvider.invoke(TestNGProvider.java:101)
	at org.apache.maven.surefire.util.ReflectionUtils.invokeMethodWithArray(ReflectionUtils.java:164)
	at org.apache.maven.surefire.booter.ProviderFactory$ProviderProxy.invoke(ProviderFactory.java:110)
	at org.apache.maven.surefire.booter.SurefireStarter.invokeProvider(SurefireStarter.java:172)
	at org.apache.maven.surefire.booter.SurefireStarter.runSuitesInProcessWhenForked(SurefireStarter.java:104)
	at org.apache.maven.surefire.booter.ForkedBooter.main(ForkedBooter.java:70)
... Removed 28 stack frames]]>
    </failure>
  </testcase> <!-- HOOQ_Web_FAQLink -->
  <testcase name="HOOQ_Web_TVOD_Rent_Flag" time="146.976" classname="tv.hooq.web.scripts.HOOQ_Web_TVOD_Rent_Flag">
    <failure type="java.lang.AssertionError" message="Step Click Failed with description &amp;lt;b&amp;gt;Rent Button&amp;lt;/b&amp;gt; was &amp;lt;b&amp;gt; NOT &amp;lt;/b&amp;gt; clicked expected [true] but found [false]">
      <![CDATA[java.lang.AssertionError: Step Click Failed with description <b>Rent Button</b> was <b> NOT </b> clicked expected [true] but found [false]
	at com.ctaf.support.HtmlReportSupport.onFailure(HtmlReportSupport.java:780)
	at com.ctaf.utilities.Reporter.failureReport(Reporter.java:92)
	at com.ctaf.accelerators.ActionEngine.JSClick(ActionEngine.java:1923)
	at tv.hooq.web.workflows.HOOQWorkflows.fnGoToRent(HOOQWorkflows.java:5111)
	at tv.hooq.web.workflows.HOOQWorkflows.fnGetRentedMovieCollectionName(HOOQWorkflows.java:5136)
	at tv.hooq.web.scripts.HOOQ_Web_TVOD_Rent_Flag.HOOQ_Web_TVOD_Rent_Flag(HOOQ_Web_TVOD_Rent_Flag.java:47)
	at org.apache.maven.surefire.testng.TestNGExecutor.run(TestNGExecutor.java:122)
	at org.apache.maven.surefire.testng.TestNGXmlTestSuite.execute(TestNGXmlTestSuite.java:92)
	at org.apache.maven.surefire.testng.TestNGProvider.invoke(TestNGProvider.java:101)
	at org.apache.maven.surefire.util.ReflectionUtils.invokeMethodWithArray(ReflectionUtils.java:164)
	at org.apache.maven.surefire.booter.ProviderFactory$ProviderProxy.invoke(ProviderFactory.java:110)
	at org.apache.maven.surefire.booter.SurefireStarter.invokeProvider(SurefireStarter.java:172)
	at org.apache.maven.surefire.booter.SurefireStarter.runSuitesInProcessWhenForked(SurefireStarter.java:104)
	at org.apache.maven.surefire.booter.ForkedBooter.main(ForkedBooter.java:70)
... Removed 28 stack frames]]>
    </failure>
  </testcase> <!-- HOOQ_Web_TVOD_Rent_Flag -->
  <testcase name="HOOQ_Web_TVOD_Rent_Flag" time="141.186" classname="tv.hooq.web.scripts.HOOQ_Web_TVOD_Rent_Flag">
    <failure type="java.lang.AssertionError" message="Step Click Failed with description &amp;lt;b&amp;gt;Rent Button&amp;lt;/b&amp;gt; was &amp;lt;b&amp;gt; NOT &amp;lt;/b&amp;gt; clicked expected [true] but found [false]">
      <![CDATA[java.lang.AssertionError: Step Click Failed with description <b>Rent Button</b> was <b> NOT </b> clicked expected [true] but found [false]
	at com.ctaf.support.HtmlReportSupport.onFailure(HtmlReportSupport.java:780)
	at com.ctaf.utilities.Reporter.failureReport(Reporter.java:92)
	at com.ctaf.accelerators.ActionEngine.JSClick(ActionEngine.java:1923)
	at tv.hooq.web.workflows.HOOQWorkflows.fnGoToRent(HOOQWorkflows.java:5111)
	at tv.hooq.web.workflows.HOOQWorkflows.fnGetRentedMovieCollectionName(HOOQWorkflows.java:5136)
	at tv.hooq.web.scripts.HOOQ_Web_TVOD_Rent_Flag.HOOQ_Web_TVOD_Rent_Flag(HOOQ_Web_TVOD_Rent_Flag.java:47)
	at org.apache.maven.surefire.testng.TestNGExecutor.run(TestNGExecutor.java:122)
	at org.apache.maven.surefire.testng.TestNGXmlTestSuite.execute(TestNGXmlTestSuite.java:92)
	at org.apache.maven.surefire.testng.TestNGProvider.invoke(TestNGProvider.java:101)
	at org.apache.maven.surefire.util.ReflectionUtils.invokeMethodWithArray(ReflectionUtils.java:164)
	at org.apache.maven.surefire.booter.ProviderFactory$ProviderProxy.invoke(ProviderFactory.java:110)
	at org.apache.maven.surefire.booter.SurefireStarter.invokeProvider(SurefireStarter.java:172)
	at org.apache.maven.surefire.booter.SurefireStarter.runSuitesInProcessWhenForked(SurefireStarter.java:104)
	at org.apache.maven.surefire.booter.ForkedBooter.main(ForkedBooter.java:70)
... Removed 28 stack frames]]>
    </failure>
  </testcase> <!-- HOOQ_Web_TVOD_Rent_Flag -->
  <testcase name="HOOQ_Web_TVOD_Rent_Flag" time="141.551" classname="tv.hooq.web.scripts.HOOQ_Web_TVOD_Rent_Flag">
    <failure type="java.lang.AssertionError" message="Step Click Failed with description &amp;lt;b&amp;gt;Rent Button&amp;lt;/b&amp;gt; was &amp;lt;b&amp;gt; NOT &amp;lt;/b&amp;gt; clicked expected [true] but found [false]">
      <![CDATA[java.lang.AssertionError: Step Click Failed with description <b>Rent Button</b> was <b> NOT </b> clicked expected [true] but found [false]
	at com.ctaf.support.HtmlReportSupport.onFailure(HtmlReportSupport.java:780)
	at com.ctaf.utilities.Reporter.failureReport(Reporter.java:92)
	at com.ctaf.accelerators.ActionEngine.JSClick(ActionEngine.java:1923)
	at tv.hooq.web.workflows.HOOQWorkflows.fnGoToRent(HOOQWorkflows.java:5111)
	at tv.hooq.web.workflows.HOOQWorkflows.fnGetRentedMovieCollectionName(HOOQWorkflows.java:5136)
	at tv.hooq.web.scripts.HOOQ_Web_TVOD_Rent_Flag.HOOQ_Web_TVOD_Rent_Flag(HOOQ_Web_TVOD_Rent_Flag.java:47)
	at org.apache.maven.surefire.testng.TestNGExecutor.run(TestNGExecutor.java:122)
	at org.apache.maven.surefire.testng.TestNGXmlTestSuite.execute(TestNGXmlTestSuite.java:92)
	at org.apache.maven.surefire.testng.TestNGProvider.invoke(TestNGProvider.java:101)
	at org.apache.maven.surefire.util.ReflectionUtils.invokeMethodWithArray(ReflectionUtils.java:164)
	at org.apache.maven.surefire.booter.ProviderFactory$ProviderProxy.invoke(ProviderFactory.java:110)
	at org.apache.maven.surefire.booter.SurefireStarter.invokeProvider(SurefireStarter.java:172)
	at org.apache.maven.surefire.booter.SurefireStarter.runSuitesInProcessWhenForked(SurefireStarter.java:104)
	at org.apache.maven.surefire.booter.ForkedBooter.main(ForkedBooter.java:70)
... Removed 28 stack frames]]>
    </failure>
  </testcase> <!-- HOOQ_Web_TVOD_Rent_Flag -->
  <testcase name="HOOQ_Web_TVOD_Rent_Flag" time="1784.174" classname="tv.hooq.web.scripts.HOOQ_Web_TVOD_Rent_Flag"/>
  <testcase name="HOOQ_Web_TVOD_Rent_Terms_And_Condition" time="145.767" classname="tv.hooq.web.scripts.HOOQ_Web_TVOD_Rent_Terms_And_Condition">
    <failure type="java.lang.AssertionError" message="Step MouseOver  Failed with description MouseOver Action was &amp;lt;b&amp;gt;NOT&amp;lt;/b&amp;gt; perform on &amp;lt;b&amp;gt;Header Navigation&amp;lt;/b&amp;gt; expected [true] but found [false]">
      <![CDATA[java.lang.AssertionError: Step MouseOver  Failed with description MouseOver Action was <b>NOT</b> perform on <b>Header Navigation</b> expected [true] but found [false]
	at com.ctaf.support.HtmlReportSupport.onFailure(HtmlReportSupport.java:780)
	at com.ctaf.utilities.Reporter.failureReport(Reporter.java:92)
	at com.ctaf.accelerators.ActionEngine.mouseHoverByJavaScript(ActionEngine.java:1874)
	at tv.hooq.web.workflows.HOOQWorkflows.fnGetTicketCount(HOOQWorkflows.java:4833)
	at tv.hooq.web.scripts.HOOQ_Web_TVOD_Rent_Terms_And_Condition.HOOQ_Web_TVOD_Rent_Terms_And_Condition(HOOQ_Web_TVOD_Rent_Terms_And_Condition.java:48)
	at org.apache.maven.surefire.testng.TestNGExecutor.run(TestNGExecutor.java:122)
	at org.apache.maven.surefire.testng.TestNGXmlTestSuite.execute(TestNGXmlTestSuite.java:92)
	at org.apache.maven.surefire.testng.TestNGProvider.invoke(TestNGProvider.java:101)
	at org.apache.maven.surefire.util.ReflectionUtils.invokeMethodWithArray(ReflectionUtils.java:164)
	at org.apache.maven.surefire.booter.ProviderFactory$ProviderProxy.invoke(ProviderFactory.java:110)
	at org.apache.maven.surefire.booter.SurefireStarter.invokeProvider(SurefireStarter.java:172)
	at org.apache.maven.surefire.booter.SurefireStarter.runSuitesInProcessWhenForked(SurefireStarter.java:104)
	at org.apache.maven.surefire.booter.ForkedBooter.main(ForkedBooter.java:70)
... Removed 28 stack frames]]>
    </failure>
  </testcase> <!-- HOOQ_Web_TVOD_Rent_Terms_And_Condition -->
  <testcase name="HOOQ_Web_TVOD_Rent_Terms_And_Condition" time="148.595" classname="tv.hooq.web.scripts.HOOQ_Web_TVOD_Rent_Terms_And_Condition">
    <failure type="java.lang.AssertionError" message="Step Click Failed with description &amp;lt;b&amp;gt;Rent Button&amp;lt;/b&amp;gt; was &amp;lt;b&amp;gt; NOT &amp;lt;/b&amp;gt; clicked expected [true] but found [false]">
      <![CDATA[java.lang.AssertionError: Step Click Failed with description <b>Rent Button</b> was <b> NOT </b> clicked expected [true] but found [false]
	at com.ctaf.support.HtmlReportSupport.onFailure(HtmlReportSupport.java:780)
	at com.ctaf.utilities.Reporter.failureReport(Reporter.java:92)
	at com.ctaf.accelerators.ActionEngine.JSClick(ActionEngine.java:1923)
	at tv.hooq.web.scripts.HOOQ_Web_TVOD_Rent_Terms_And_Condition.HOOQ_Web_TVOD_Rent_Terms_And_Condition(HOOQ_Web_TVOD_Rent_Terms_And_Condition.java:50)
	at org.apache.maven.surefire.testng.TestNGExecutor.run(TestNGExecutor.java:122)
	at org.apache.maven.surefire.testng.TestNGXmlTestSuite.execute(TestNGXmlTestSuite.java:92)
	at org.apache.maven.surefire.testng.TestNGProvider.invoke(TestNGProvider.java:101)
	at org.apache.maven.surefire.util.ReflectionUtils.invokeMethodWithArray(ReflectionUtils.java:164)
	at org.apache.maven.surefire.booter.ProviderFactory$ProviderProxy.invoke(ProviderFactory.java:110)
	at org.apache.maven.surefire.booter.SurefireStarter.invokeProvider(SurefireStarter.java:172)
	at org.apache.maven.surefire.booter.SurefireStarter.runSuitesInProcessWhenForked(SurefireStarter.java:104)
	at org.apache.maven.surefire.booter.ForkedBooter.main(ForkedBooter.java:70)
... Removed 28 stack frames]]>
    </failure>
  </testcase> <!-- HOOQ_Web_TVOD_Rent_Terms_And_Condition -->
  <testcase name="HOOQ_Web_TVOD_Rent_Terms_And_Condition" time="142.649" classname="tv.hooq.web.scripts.HOOQ_Web_TVOD_Rent_Terms_And_Condition">
    <failure type="java.lang.AssertionError" message="Step Click Failed with description &amp;lt;b&amp;gt;Rent Button&amp;lt;/b&amp;gt; was &amp;lt;b&amp;gt; NOT &amp;lt;/b&amp;gt; clicked expected [true] but found [false]">
      <![CDATA[java.lang.AssertionError: Step Click Failed with description <b>Rent Button</b> was <b> NOT </b> clicked expected [true] but found [false]
	at com.ctaf.support.HtmlReportSupport.onFailure(HtmlReportSupport.java:780)
	at com.ctaf.utilities.Reporter.failureReport(Reporter.java:92)
	at com.ctaf.accelerators.ActionEngine.JSClick(ActionEngine.java:1923)
	at tv.hooq.web.scripts.HOOQ_Web_TVOD_Rent_Terms_And_Condition.HOOQ_Web_TVOD_Rent_Terms_And_Condition(HOOQ_Web_TVOD_Rent_Terms_And_Condition.java:50)
	at org.apache.maven.surefire.testng.TestNGExecutor.run(TestNGExecutor.java:122)
	at org.apache.maven.surefire.testng.TestNGXmlTestSuite.execute(TestNGXmlTestSuite.java:92)
	at org.apache.maven.surefire.testng.TestNGProvider.invoke(TestNGProvider.java:101)
	at org.apache.maven.surefire.util.ReflectionUtils.invokeMethodWithArray(ReflectionUtils.java:164)
	at org.apache.maven.surefire.booter.ProviderFactory$ProviderProxy.invoke(ProviderFactory.java:110)
	at org.apache.maven.surefire.booter.SurefireStarter.invokeProvider(SurefireStarter.java:172)
	at org.apache.maven.surefire.booter.SurefireStarter.runSuitesInProcessWhenForked(SurefireStarter.java:104)
	at org.apache.maven.surefire.booter.ForkedBooter.main(ForkedBooter.java:70)
... Removed 28 stack frames]]>
    </failure>
  </testcase> <!-- HOOQ_Web_TVOD_Rent_Terms_And_Condition -->
  <testcase name="HOOQ_Web_TVOD_Rent_Terms_And_Condition" time="193.84" classname="tv.hooq.web.scripts.HOOQ_Web_TVOD_Rent_Terms_And_Condition"/>
  <testcase name="HOOQ_Web_GeoLocation" time="13.174" classname="tv.hooq.web.scripts.HOOQ_Web_GeoLocation"/>
  <testcase name="HOOQ_Web_GetStarted_All_Users" time="166.733" classname="tv.hooq.web.scripts.HOOQ_Web_GetStarted_All_Users">
    <failure type="java.lang.AssertionError" message="Step Verify  Failed with description &amp;lt;b&amp;gt;Get Started&amp;lt;/b&amp;gt; is not present in the element expected [true] but found [false]">
      <![CDATA[java.lang.AssertionError: Step Verify  Failed with description <b>Get Started</b> is not present in the element expected [true] but found [false]
	at com.ctaf.support.HtmlReportSupport.onFailure(HtmlReportSupport.java:780)
	at com.ctaf.utilities.Reporter.failureReport(Reporter.java:92)
	at com.ctaf.accelerators.ActionEngine.isElementDisplayed(ActionEngine.java:2487)
	at tv.hooq.web.scripts.HOOQ_Web_GetStarted_All_Users.HOOQ_Web_GetStarted_All_Users(HOOQ_Web_GetStarted_All_Users.java:58)
	at org.apache.maven.surefire.testng.TestNGExecutor.run(TestNGExecutor.java:122)
	at org.apache.maven.surefire.testng.TestNGXmlTestSuite.execute(TestNGXmlTestSuite.java:92)
	at org.apache.maven.surefire.testng.TestNGProvider.invoke(TestNGProvider.java:101)
	at org.apache.maven.surefire.util.ReflectionUtils.invokeMethodWithArray(ReflectionUtils.java:164)
	at org.apache.maven.surefire.booter.ProviderFactory$ProviderProxy.invoke(ProviderFactory.java:110)
	at org.apache.maven.surefire.booter.SurefireStarter.invokeProvider(SurefireStarter.java:172)
	at org.apache.maven.surefire.booter.SurefireStarter.runSuitesInProcessWhenForked(SurefireStarter.java:104)
	at org.apache.maven.surefire.booter.ForkedBooter.main(ForkedBooter.java:70)
... Removed 28 stack frames]]>
    </failure>
  </testcase> <!-- HOOQ_Web_GetStarted_All_Users -->
  <testcase name="HOOQ_Web_Home_Page_VerifyBanner" time="202.671" classname="tv.hooq.web.scripts.HOOQ_Web_Home_Page_VerifyBanner">
    <failure type="java.lang.AssertionError" message="Step MouseOver  Failed with description MouseOver Action was &amp;lt;b&amp;gt;NOT&amp;lt;/b&amp;gt; perform on &amp;lt;b&amp;gt;Header Navigation&amp;lt;/b&amp;gt; expected [true] but found [false]">
      <![CDATA[java.lang.AssertionError: Step MouseOver  Failed with description MouseOver Action was <b>NOT</b> perform on <b>Header Navigation</b> expected [true] but found [false]
	at com.ctaf.support.HtmlReportSupport.onFailure(HtmlReportSupport.java:780)
	at com.ctaf.utilities.Reporter.failureReport(Reporter.java:92)
	at com.ctaf.accelerators.ActionEngine.mouseHoverByJavaScript(ActionEngine.java:1874)
	at tv.hooq.web.workflows.HOOQWorkflows.logOut(HOOQWorkflows.java:328)
	at tv.hooq.web.scripts.HOOQ_Web_Home_Page_VerifyBanner.HOOQ_Web_Home_Page_VerifyBanner(HOOQ_Web_Home_Page_VerifyBanner.java:51)
	at org.apache.maven.surefire.testng.TestNGExecutor.run(TestNGExecutor.java:122)
	at org.apache.maven.surefire.testng.TestNGXmlTestSuite.execute(TestNGXmlTestSuite.java:92)
	at org.apache.maven.surefire.testng.TestNGProvider.invoke(TestNGProvider.java:101)
	at org.apache.maven.surefire.util.ReflectionUtils.invokeMethodWithArray(ReflectionUtils.java:164)
	at org.apache.maven.surefire.booter.ProviderFactory$ProviderProxy.invoke(ProviderFactory.java:110)
	at org.apache.maven.surefire.booter.SurefireStarter.invokeProvider(SurefireStarter.java:172)
	at org.apache.maven.surefire.booter.SurefireStarter.runSuitesInProcessWhenForked(SurefireStarter.java:104)
	at org.apache.maven.surefire.booter.ForkedBooter.main(ForkedBooter.java:70)
... Removed 28 stack frames]]>
    </failure>
  </testcase> <!-- HOOQ_Web_Home_Page_VerifyBanner -->
  <testcase name="HOOQ_Web_Home_Page_VerifyBanner" time="203.784" classname="tv.hooq.web.scripts.HOOQ_Web_Home_Page_VerifyBanner">
    <failure type="java.lang.AssertionError" message="Step MouseOver  Failed with description MouseOver Action was &amp;lt;b&amp;gt;NOT&amp;lt;/b&amp;gt; perform on &amp;lt;b&amp;gt;Header Navigation&amp;lt;/b&amp;gt; expected [true] but found [false]">
      <![CDATA[java.lang.AssertionError: Step MouseOver  Failed with description MouseOver Action was <b>NOT</b> perform on <b>Header Navigation</b> expected [true] but found [false]
	at com.ctaf.support.HtmlReportSupport.onFailure(HtmlReportSupport.java:780)
	at com.ctaf.utilities.Reporter.failureReport(Reporter.java:92)
	at com.ctaf.accelerators.ActionEngine.mouseHoverByJavaScript(ActionEngine.java:1874)
	at tv.hooq.web.workflows.HOOQWorkflows.logOut(HOOQWorkflows.java:328)
	at tv.hooq.web.scripts.HOOQ_Web_Home_Page_VerifyBanner.HOOQ_Web_Home_Page_VerifyBanner(HOOQ_Web_Home_Page_VerifyBanner.java:51)
	at org.apache.maven.surefire.testng.TestNGExecutor.run(TestNGExecutor.java:122)
	at org.apache.maven.surefire.testng.TestNGXmlTestSuite.execute(TestNGXmlTestSuite.java:92)
	at org.apache.maven.surefire.testng.TestNGProvider.invoke(TestNGProvider.java:101)
	at org.apache.maven.surefire.util.ReflectionUtils.invokeMethodWithArray(ReflectionUtils.java:164)
	at org.apache.maven.surefire.booter.ProviderFactory$ProviderProxy.invoke(ProviderFactory.java:110)
	at org.apache.maven.surefire.booter.SurefireStarter.invokeProvider(SurefireStarter.java:172)
	at org.apache.maven.surefire.booter.SurefireStarter.runSuitesInProcessWhenForked(SurefireStarter.java:104)
	at org.apache.maven.surefire.booter.ForkedBooter.main(ForkedBooter.java:70)
... Removed 28 stack frames]]>
    </failure>
  </testcase> <!-- HOOQ_Web_Home_Page_VerifyBanner -->
  <testcase name="HOOQ_Web_Home_Page_VerifyBanner" time="204.808" classname="tv.hooq.web.scripts.HOOQ_Web_Home_Page_VerifyBanner">
    <failure type="java.lang.AssertionError" message="Step MouseOver  Failed with description MouseOver Action was &amp;lt;b&amp;gt;NOT&amp;lt;/b&amp;gt; perform on &amp;lt;b&amp;gt;Header Navigation&amp;lt;/b&amp;gt; expected [true] but found [false]">
      <![CDATA[java.lang.AssertionError: Step MouseOver  Failed with description MouseOver Action was <b>NOT</b> perform on <b>Header Navigation</b> expected [true] but found [false]
	at com.ctaf.support.HtmlReportSupport.onFailure(HtmlReportSupport.java:780)
	at com.ctaf.utilities.Reporter.failureReport(Reporter.java:92)
	at com.ctaf.accelerators.ActionEngine.mouseHoverByJavaScript(ActionEngine.java:1874)
	at tv.hooq.web.workflows.HOOQWorkflows.logOut(HOOQWorkflows.java:328)
	at tv.hooq.web.scripts.HOOQ_Web_Home_Page_VerifyBanner.HOOQ_Web_Home_Page_VerifyBanner(HOOQ_Web_Home_Page_VerifyBanner.java:51)
	at org.apache.maven.surefire.testng.TestNGExecutor.run(TestNGExecutor.java:122)
	at org.apache.maven.surefire.testng.TestNGXmlTestSuite.execute(TestNGXmlTestSuite.java:92)
	at org.apache.maven.surefire.testng.TestNGProvider.invoke(TestNGProvider.java:101)
	at org.apache.maven.surefire.util.ReflectionUtils.invokeMethodWithArray(ReflectionUtils.java:164)
	at org.apache.maven.surefire.booter.ProviderFactory$ProviderProxy.invoke(ProviderFactory.java:110)
	at org.apache.maven.surefire.booter.SurefireStarter.invokeProvider(SurefireStarter.java:172)
	at org.apache.maven.surefire.booter.SurefireStarter.runSuitesInProcessWhenForked(SurefireStarter.java:104)
	at org.apache.maven.surefire.booter.ForkedBooter.main(ForkedBooter.java:70)
... Removed 28 stack frames]]>
    </failure>
  </testcase> <!-- HOOQ_Web_Home_Page_VerifyBanner -->
  <testcase name="HOOQ_Web_Home_Page_VerifyBanner" time="24.409" classname="tv.hooq.web.scripts.HOOQ_Web_Home_Page_VerifyBanner"/>
  <testcase name="HOOQ_Web_Home_Page_VerifyBrowse" time="207.071" classname="tv.hooq.web.scripts.HOOQ_Web_Home_Page_VerifyBrowse">
    <failure type="java.lang.AssertionError" message="Step MouseOver  Failed with description MouseOver Action was &amp;lt;b&amp;gt;NOT&amp;lt;/b&amp;gt; perform on &amp;lt;b&amp;gt;Header Navigation&amp;lt;/b&amp;gt; expected [true] but found [false]">
      <![CDATA[java.lang.AssertionError: Step MouseOver  Failed with description MouseOver Action was <b>NOT</b> perform on <b>Header Navigation</b> expected [true] but found [false]
	at com.ctaf.support.HtmlReportSupport.onFailure(HtmlReportSupport.java:780)
	at com.ctaf.utilities.Reporter.failureReport(Reporter.java:92)
	at com.ctaf.accelerators.ActionEngine.mouseHoverByJavaScript(ActionEngine.java:1874)
	at tv.hooq.web.workflows.HOOQWorkflows.logOut(HOOQWorkflows.java:328)
	at tv.hooq.web.scripts.HOOQ_Web_Home_Page_VerifyBrowse.HOOQ_Web_Home_Page_VerifyBrowse(HOOQ_Web_Home_Page_VerifyBrowse.java:51)
	at org.apache.maven.surefire.testng.TestNGExecutor.run(TestNGExecutor.java:122)
	at org.apache.maven.surefire.testng.TestNGXmlTestSuite.execute(TestNGXmlTestSuite.java:92)
	at org.apache.maven.surefire.testng.TestNGProvider.invoke(TestNGProvider.java:101)
	at org.apache.maven.surefire.util.ReflectionUtils.invokeMethodWithArray(ReflectionUtils.java:164)
	at org.apache.maven.surefire.booter.ProviderFactory$ProviderProxy.invoke(ProviderFactory.java:110)
	at org.apache.maven.surefire.booter.SurefireStarter.invokeProvider(SurefireStarter.java:172)
	at org.apache.maven.surefire.booter.SurefireStarter.runSuitesInProcessWhenForked(SurefireStarter.java:104)
	at org.apache.maven.surefire.booter.ForkedBooter.main(ForkedBooter.java:70)
... Removed 28 stack frames]]>
    </failure>
  </testcase> <!-- HOOQ_Web_Home_Page_VerifyBrowse -->
  <testcase name="HOOQ_Web_Home_Page_VerifyBrowse" time="202.428" classname="tv.hooq.web.scripts.HOOQ_Web_Home_Page_VerifyBrowse">
    <failure type="java.lang.AssertionError" message="Step MouseOver  Failed with description MouseOver Action was &amp;lt;b&amp;gt;NOT&amp;lt;/b&amp;gt; perform on &amp;lt;b&amp;gt;Header Navigation&amp;lt;/b&amp;gt; expected [true] but found [false]">
      <![CDATA[java.lang.AssertionError: Step MouseOver  Failed with description MouseOver Action was <b>NOT</b> perform on <b>Header Navigation</b> expected [true] but found [false]
	at com.ctaf.support.HtmlReportSupport.onFailure(HtmlReportSupport.java:780)
	at com.ctaf.utilities.Reporter.failureReport(Reporter.java:92)
	at com.ctaf.accelerators.ActionEngine.mouseHoverByJavaScript(ActionEngine.java:1874)
	at tv.hooq.web.workflows.HOOQWorkflows.logOut(HOOQWorkflows.java:328)
	at tv.hooq.web.scripts.HOOQ_Web_Home_Page_VerifyBrowse.HOOQ_Web_Home_Page_VerifyBrowse(HOOQ_Web_Home_Page_VerifyBrowse.java:51)
	at org.apache.maven.surefire.testng.TestNGExecutor.run(TestNGExecutor.java:122)
	at org.apache.maven.surefire.testng.TestNGXmlTestSuite.execute(TestNGXmlTestSuite.java:92)
	at org.apache.maven.surefire.testng.TestNGProvider.invoke(TestNGProvider.java:101)
	at org.apache.maven.surefire.util.ReflectionUtils.invokeMethodWithArray(ReflectionUtils.java:164)
	at org.apache.maven.surefire.booter.ProviderFactory$ProviderProxy.invoke(ProviderFactory.java:110)
	at org.apache.maven.surefire.booter.SurefireStarter.invokeProvider(SurefireStarter.java:172)
	at org.apache.maven.surefire.booter.SurefireStarter.runSuitesInProcessWhenForked(SurefireStarter.java:104)
	at org.apache.maven.surefire.booter.ForkedBooter.main(ForkedBooter.java:70)
... Removed 28 stack frames]]>
    </failure>
  </testcase> <!-- HOOQ_Web_Home_Page_VerifyBrowse -->
  <testcase name="HOOQ_Web_Home_Page_VerifyBrowse" time="203.592" classname="tv.hooq.web.scripts.HOOQ_Web_Home_Page_VerifyBrowse">
    <failure type="java.lang.AssertionError" message="Step MouseOver  Failed with description MouseOver Action was &amp;lt;b&amp;gt;NOT&amp;lt;/b&amp;gt; perform on &amp;lt;b&amp;gt;Header Navigation&amp;lt;/b&amp;gt; expected [true] but found [false]">
      <![CDATA[java.lang.AssertionError: Step MouseOver  Failed with description MouseOver Action was <b>NOT</b> perform on <b>Header Navigation</b> expected [true] but found [false]
	at com.ctaf.support.HtmlReportSupport.onFailure(HtmlReportSupport.java:780)
	at com.ctaf.utilities.Reporter.failureReport(Reporter.java:92)
	at com.ctaf.accelerators.ActionEngine.mouseHoverByJavaScript(ActionEngine.java:1874)
	at tv.hooq.web.workflows.HOOQWorkflows.logOut(HOOQWorkflows.java:328)
	at tv.hooq.web.scripts.HOOQ_Web_Home_Page_VerifyBrowse.HOOQ_Web_Home_Page_VerifyBrowse(HOOQ_Web_Home_Page_VerifyBrowse.java:51)
	at org.apache.maven.surefire.testng.TestNGExecutor.run(TestNGExecutor.java:122)
	at org.apache.maven.surefire.testng.TestNGXmlTestSuite.execute(TestNGXmlTestSuite.java:92)
	at org.apache.maven.surefire.testng.TestNGProvider.invoke(TestNGProvider.java:101)
	at org.apache.maven.surefire.util.ReflectionUtils.invokeMethodWithArray(ReflectionUtils.java:164)
	at org.apache.maven.surefire.booter.ProviderFactory$ProviderProxy.invoke(ProviderFactory.java:110)
	at org.apache.maven.surefire.booter.SurefireStarter.invokeProvider(SurefireStarter.java:172)
	at org.apache.maven.surefire.booter.SurefireStarter.runSuitesInProcessWhenForked(SurefireStarter.java:104)
	at org.apache.maven.surefire.booter.ForkedBooter.main(ForkedBooter.java:70)
... Removed 28 stack frames]]>
    </failure>
  </testcase> <!-- HOOQ_Web_Home_Page_VerifyBrowse -->
  <testcase name="HOOQ_Web_Home_Page_VerifyBrowse" time="22.043" classname="tv.hooq.web.scripts.HOOQ_Web_Home_Page_VerifyBrowse"/>
  <testcase name="HOOQ_Web_Home_Page_VerifyHomePage" time="391.054" classname="tv.hooq.web.scripts.HOOQ_Web_Home_Page_VerifyHomePage">
    <failure type="java.lang.AssertionError" message="Step MouseOver  Failed with description MouseOver Action was &amp;lt;b&amp;gt;NOT&amp;lt;/b&amp;gt; perform on &amp;lt;b&amp;gt;Header Navigation&amp;lt;/b&amp;gt; expected [true] but found [false]">
      <![CDATA[java.lang.AssertionError: Step MouseOver  Failed with description MouseOver Action was <b>NOT</b> perform on <b>Header Navigation</b> expected [true] but found [false]
	at com.ctaf.support.HtmlReportSupport.onFailure(HtmlReportSupport.java:780)
	at com.ctaf.utilities.Reporter.failureReport(Reporter.java:92)
	at com.ctaf.accelerators.ActionEngine.mouseHoverByJavaScript(ActionEngine.java:1874)
	at tv.hooq.web.workflows.HOOQWorkflows.fnVerifyHomePageScreenAfterLogin(HOOQWorkflows.java:4461)
	at tv.hooq.web.scripts.HOOQ_Web_Home_Page_VerifyHomePage.HOOQ_Web_Home_Page_VerifyHomePage(HOOQ_Web_Home_Page_VerifyHomePage.java:50)
	at org.apache.maven.surefire.testng.TestNGExecutor.run(TestNGExecutor.java:122)
	at org.apache.maven.surefire.testng.TestNGXmlTestSuite.execute(TestNGXmlTestSuite.java:92)
	at org.apache.maven.surefire.testng.TestNGProvider.invoke(TestNGProvider.java:101)
	at org.apache.maven.surefire.util.ReflectionUtils.invokeMethodWithArray(ReflectionUtils.java:164)
	at org.apache.maven.surefire.booter.ProviderFactory$ProviderProxy.invoke(ProviderFactory.java:110)
	at org.apache.maven.surefire.booter.SurefireStarter.invokeProvider(SurefireStarter.java:172)
	at org.apache.maven.surefire.booter.SurefireStarter.runSuitesInProcessWhenForked(SurefireStarter.java:104)
	at org.apache.maven.surefire.booter.ForkedBooter.main(ForkedBooter.java:70)
... Removed 28 stack frames]]>
    </failure>
  </testcase> <!-- HOOQ_Web_Home_Page_VerifyHomePage -->
  <testcase name="HOOQ_Web_Home_Page_VerifyHomePage" time="390.69" classname="tv.hooq.web.scripts.HOOQ_Web_Home_Page_VerifyHomePage">
    <failure type="java.lang.AssertionError" message="Step MouseOver  Failed with description MouseOver Action was &amp;lt;b&amp;gt;NOT&amp;lt;/b&amp;gt; perform on &amp;lt;b&amp;gt;Header Navigation&amp;lt;/b&amp;gt; expected [true] but found [false]">
      <![CDATA[java.lang.AssertionError: Step MouseOver  Failed with description MouseOver Action was <b>NOT</b> perform on <b>Header Navigation</b> expected [true] but found [false]
	at com.ctaf.support.HtmlReportSupport.onFailure(HtmlReportSupport.java:780)
	at com.ctaf.utilities.Reporter.failureReport(Reporter.java:92)
	at com.ctaf.accelerators.ActionEngine.mouseHoverByJavaScript(ActionEngine.java:1874)
	at tv.hooq.web.workflows.HOOQWorkflows.fnVerifyHomePageScreenAfterLogin(HOOQWorkflows.java:4461)
	at tv.hooq.web.scripts.HOOQ_Web_Home_Page_VerifyHomePage.HOOQ_Web_Home_Page_VerifyHomePage(HOOQ_Web_Home_Page_VerifyHomePage.java:50)
	at org.apache.maven.surefire.testng.TestNGExecutor.run(TestNGExecutor.java:122)
	at org.apache.maven.surefire.testng.TestNGXmlTestSuite.execute(TestNGXmlTestSuite.java:92)
	at org.apache.maven.surefire.testng.TestNGProvider.invoke(TestNGProvider.java:101)
	at org.apache.maven.surefire.util.ReflectionUtils.invokeMethodWithArray(ReflectionUtils.java:164)
	at org.apache.maven.surefire.booter.ProviderFactory$ProviderProxy.invoke(ProviderFactory.java:110)
	at org.apache.maven.surefire.booter.SurefireStarter.invokeProvider(SurefireStarter.java:172)
	at org.apache.maven.surefire.booter.SurefireStarter.runSuitesInProcessWhenForked(SurefireStarter.java:104)
	at org.apache.maven.surefire.booter.ForkedBooter.main(ForkedBooter.java:70)
... Removed 28 stack frames]]>
    </failure>
  </testcase> <!-- HOOQ_Web_Home_Page_VerifyHomePage -->
  <testcase name="HOOQ_Web_Home_Page_VerifyHomePage" time="393.992" classname="tv.hooq.web.scripts.HOOQ_Web_Home_Page_VerifyHomePage">
    <failure type="java.lang.AssertionError" message="Step MouseOver  Failed with description MouseOver Action was &amp;lt;b&amp;gt;NOT&amp;lt;/b&amp;gt; perform on &amp;lt;b&amp;gt;Header Navigation&amp;lt;/b&amp;gt; expected [true] but found [false]">
      <![CDATA[java.lang.AssertionError: Step MouseOver  Failed with description MouseOver Action was <b>NOT</b> perform on <b>Header Navigation</b> expected [true] but found [false]
	at com.ctaf.support.HtmlReportSupport.onFailure(HtmlReportSupport.java:780)
	at com.ctaf.utilities.Reporter.failureReport(Reporter.java:92)
	at com.ctaf.accelerators.ActionEngine.mouseHoverByJavaScript(ActionEngine.java:1874)
	at tv.hooq.web.workflows.HOOQWorkflows.fnVerifyHomePageScreenAfterLogin(HOOQWorkflows.java:4461)
	at tv.hooq.web.scripts.HOOQ_Web_Home_Page_VerifyHomePage.HOOQ_Web_Home_Page_VerifyHomePage(HOOQ_Web_Home_Page_VerifyHomePage.java:50)
	at org.apache.maven.surefire.testng.TestNGExecutor.run(TestNGExecutor.java:122)
	at org.apache.maven.surefire.testng.TestNGXmlTestSuite.execute(TestNGXmlTestSuite.java:92)
	at org.apache.maven.surefire.testng.TestNGProvider.invoke(TestNGProvider.java:101)
	at org.apache.maven.surefire.util.ReflectionUtils.invokeMethodWithArray(ReflectionUtils.java:164)
	at org.apache.maven.surefire.booter.ProviderFactory$ProviderProxy.invoke(ProviderFactory.java:110)
	at org.apache.maven.surefire.booter.SurefireStarter.invokeProvider(SurefireStarter.java:172)
	at org.apache.maven.surefire.booter.SurefireStarter.runSuitesInProcessWhenForked(SurefireStarter.java:104)
	at org.apache.maven.surefire.booter.ForkedBooter.main(ForkedBooter.java:70)
... Removed 28 stack frames]]>
    </failure>
  </testcase> <!-- HOOQ_Web_Home_Page_VerifyHomePage -->
  <testcase name="HOOQ_Web_Home_Page_VerifyHomePage" time="27.026" classname="tv.hooq.web.scripts.HOOQ_Web_Home_Page_VerifyHomePage"/>
  <testcase name="HOOQ_Web_Login_Email_HaveAccount" time="153.92" classname="tv.hooq.web.scripts.HOOQ_Web_Login_Email_HaveAccount">
    <failure type="java.lang.AssertionError" message="Step MouseOver  Failed with description MouseOver Action was &amp;lt;b&amp;gt;NOT&amp;lt;/b&amp;gt; perform on &amp;lt;b&amp;gt;Header Navigation&amp;lt;/b&amp;gt; expected [true] but found [false]">
      <![CDATA[java.lang.AssertionError: Step MouseOver  Failed with description MouseOver Action was <b>NOT</b> perform on <b>Header Navigation</b> expected [true] but found [false]
	at com.ctaf.support.HtmlReportSupport.onFailure(HtmlReportSupport.java:780)
	at com.ctaf.utilities.Reporter.failureReport(Reporter.java:92)
	at com.ctaf.accelerators.ActionEngine.mouseHoverByJavaScript(ActionEngine.java:1874)
	at tv.hooq.web.workflows.HOOQWorkflows.logOut(HOOQWorkflows.java:328)
	at tv.hooq.web.scripts.HOOQ_Web_Login_Email_HaveAccount.HOOQ_Web_Login_Email_HaveAccount(HOOQ_Web_Login_Email_HaveAccount.java:32)
	at org.apache.maven.surefire.testng.TestNGExecutor.run(TestNGExecutor.java:122)
	at org.apache.maven.surefire.testng.TestNGXmlTestSuite.execute(TestNGXmlTestSuite.java:92)
	at org.apache.maven.surefire.testng.TestNGProvider.invoke(TestNGProvider.java:101)
	at org.apache.maven.surefire.util.ReflectionUtils.invokeMethodWithArray(ReflectionUtils.java:164)
	at org.apache.maven.surefire.booter.ProviderFactory$ProviderProxy.invoke(ProviderFactory.java:110)
	at org.apache.maven.surefire.booter.SurefireStarter.invokeProvider(SurefireStarter.java:172)
	at org.apache.maven.surefire.booter.SurefireStarter.runSuitesInProcessWhenForked(SurefireStarter.java:104)
	at org.apache.maven.surefire.booter.ForkedBooter.main(ForkedBooter.java:70)
... Removed 28 stack frames]]>
    </failure>
  </testcase> <!-- HOOQ_Web_Login_Email_HaveAccount -->
  <testcase name="HOOQ_Web_Login_Email_InvalidMobile_No" time="10.009" classname="tv.hooq.web.scripts.HOOQ_Web_Login_Email_InvalidMobile_No"/>
  <testcase name="HOOQ_Web_Login_Email_Login" time="138.185" classname="tv.hooq.web.scripts.HOOQ_Web_Login_Email_Login">
    <failure type="java.lang.AssertionError" message="Step MouseOver  Failed with description MouseOver Action was &amp;lt;b&amp;gt;NOT&amp;lt;/b&amp;gt; perform on &amp;lt;b&amp;gt;Header Navigation&amp;lt;/b&amp;gt; expected [true] but found [false]">
      <![CDATA[java.lang.AssertionError: Step MouseOver  Failed with description MouseOver Action was <b>NOT</b> perform on <b>Header Navigation</b> expected [true] but found [false]
	at com.ctaf.support.HtmlReportSupport.onFailure(HtmlReportSupport.java:780)
	at com.ctaf.utilities.Reporter.failureReport(Reporter.java:92)
	at com.ctaf.accelerators.ActionEngine.mouseHoverByJavaScript(ActionEngine.java:1874)
	at tv.hooq.web.workflows.HOOQWorkflows.logOut(HOOQWorkflows.java:328)
	at tv.hooq.web.scripts.HOOQ_Web_Login_Email_Login.HOOQ_Web_Login_Email_Login(HOOQ_Web_Login_Email_Login.java:33)
	at org.apache.maven.surefire.testng.TestNGExecutor.run(TestNGExecutor.java:122)
	at org.apache.maven.surefire.testng.TestNGXmlTestSuite.execute(TestNGXmlTestSuite.java:92)
	at org.apache.maven.surefire.testng.TestNGProvider.invoke(TestNGProvider.java:101)
	at org.apache.maven.surefire.util.ReflectionUtils.invokeMethodWithArray(ReflectionUtils.java:164)
	at org.apache.maven.surefire.booter.ProviderFactory$ProviderProxy.invoke(ProviderFactory.java:110)
	at org.apache.maven.surefire.booter.SurefireStarter.invokeProvider(SurefireStarter.java:172)
	at org.apache.maven.surefire.booter.SurefireStarter.runSuitesInProcessWhenForked(SurefireStarter.java:104)
	at org.apache.maven.surefire.booter.ForkedBooter.main(ForkedBooter.java:70)
... Removed 28 stack frames]]>
    </failure>
  </testcase> <!-- HOOQ_Web_Login_Email_Login -->
  <testcase name="HOOQ_Web_Login_Email_Login" time="7.155" classname="tv.hooq.web.scripts.HOOQ_Web_Login_Email_Login"/>
  <testcase name="HOOQ_Web_Login_Email_Login" time="4.639" classname="tv.hooq.web.scripts.HOOQ_Web_Login_Email_Login"/>
  <testcase name="HOOQ_Web_Login_Email_Login" time="3.91" classname="tv.hooq.web.scripts.HOOQ_Web_Login_Email_Login"/>
  <testcase name="HOOQ_Web_Login_Email_Login" time="4.196" classname="tv.hooq.web.scripts.HOOQ_Web_Login_Email_Login"/>
  <testcase name="HOOQ_Web_Login_Email_Login" time="4.034" classname="tv.hooq.web.scripts.HOOQ_Web_Login_Email_Login"/>
  <testcase name="HOOQ_Web_Login_Email_Login" time="7.072" classname="tv.hooq.web.scripts.HOOQ_Web_Login_Email_Login"/>
  <testcase name="HOOQ_Web_Login_Email_Login" time="4.063" classname="tv.hooq.web.scripts.HOOQ_Web_Login_Email_Login"/>
  <testcase name="HOOQ_Web_Login_Email_Login" time="4.082" classname="tv.hooq.web.scripts.HOOQ_Web_Login_Email_Login"/>
  <testcase name="HOOQ_Web_Login_Email_Login" time="4.502" classname="tv.hooq.web.scripts.HOOQ_Web_Login_Email_Login"/>
  <testcase name="HOOQ_Web_Login_Email_Login" time="4.055" classname="tv.hooq.web.scripts.HOOQ_Web_Login_Email_Login"/>
  <testcase name="HOOQ_Web_Login_Email_Login" time="3.813" classname="tv.hooq.web.scripts.HOOQ_Web_Login_Email_Login"/>
  <testcase name="HOOQ_Web_Login_Email_Login" time="6.841" classname="tv.hooq.web.scripts.HOOQ_Web_Login_Email_Login"/>
  <testcase name="HOOQ_Web_Login_ResendEmail" time="179.565" classname="tv.hooq.web.scripts.HOOQ_Web_Login_ResendEmail"/>
  <testcase name="HOOQ_Web_PickYourPlan_ALL_USER" time="148.482" classname="tv.hooq.web.scripts.HOOQ_Web_PickYourPlan_ALL_USER">
    <failure type="java.lang.AssertionError" message="Step LogIn Failed with description Failed expected [true] but found [false]">
      <![CDATA[java.lang.AssertionError: Step LogIn Failed with description Failed expected [true] but found [false]
	at com.ctaf.support.HtmlReportSupport.onFailure(HtmlReportSupport.java:780)
	at com.ctaf.utilities.Reporter.failureReport(Reporter.java:92)
	at tv.hooq.web.scripts.HOOQ_Web_PickYourPlan_ALL_USER.HOOQ_Web_PickYourPlan_ALL_USER(HOOQ_Web_PickYourPlan_ALL_USER.java:99)
	at org.apache.maven.surefire.testng.TestNGExecutor.run(TestNGExecutor.java:122)
	at org.apache.maven.surefire.testng.TestNGXmlTestSuite.execute(TestNGXmlTestSuite.java:92)
	at org.apache.maven.surefire.testng.TestNGProvider.invoke(TestNGProvider.java:101)
	at org.apache.maven.surefire.util.ReflectionUtils.invokeMethodWithArray(ReflectionUtils.java:164)
	at org.apache.maven.surefire.booter.ProviderFactory$ProviderProxy.invoke(ProviderFactory.java:110)
	at org.apache.maven.surefire.booter.SurefireStarter.invokeProvider(SurefireStarter.java:172)
	at org.apache.maven.surefire.booter.SurefireStarter.runSuitesInProcessWhenForked(SurefireStarter.java:104)
	at org.apache.maven.surefire.booter.ForkedBooter.main(ForkedBooter.java:70)
... Removed 28 stack frames]]>
    </failure>
  </testcase> <!-- HOOQ_Web_PickYourPlan_ALL_USER -->
  <testcase name="HOOQ_Web_PickYourPlan_ALL_USER" time="158.873" classname="tv.hooq.web.scripts.HOOQ_Web_PickYourPlan_ALL_USER">
    <failure type="java.lang.AssertionError" message="Step Verify  Failed with description &amp;lt;b&amp;gt;Get Started&amp;lt;/b&amp;gt; is not present in the element expected [true] but found [false]">
      <![CDATA[java.lang.AssertionError: Step Verify  Failed with description <b>Get Started</b> is not present in the element expected [true] but found [false]
	at com.ctaf.support.HtmlReportSupport.onFailure(HtmlReportSupport.java:780)
	at com.ctaf.utilities.Reporter.failureReport(Reporter.java:92)
	at com.ctaf.accelerators.ActionEngine.isElementDisplayed(ActionEngine.java:2487)
	at tv.hooq.web.scripts.HOOQ_Web_PickYourPlan_ALL_USER.HOOQ_Web_PickYourPlan_ALL_USER(HOOQ_Web_PickYourPlan_ALL_USER.java:37)
	at org.apache.maven.surefire.testng.TestNGExecutor.run(TestNGExecutor.java:122)
	at org.apache.maven.surefire.testng.TestNGXmlTestSuite.execute(TestNGXmlTestSuite.java:92)
	at org.apache.maven.surefire.testng.TestNGProvider.invoke(TestNGProvider.java:101)
	at org.apache.maven.surefire.util.ReflectionUtils.invokeMethodWithArray(ReflectionUtils.java:164)
	at org.apache.maven.surefire.booter.ProviderFactory$ProviderProxy.invoke(ProviderFactory.java:110)
	at org.apache.maven.surefire.booter.SurefireStarter.invokeProvider(SurefireStarter.java:172)
	at org.apache.maven.surefire.booter.SurefireStarter.runSuitesInProcessWhenForked(SurefireStarter.java:104)
	at org.apache.maven.surefire.booter.ForkedBooter.main(ForkedBooter.java:70)
... Removed 28 stack frames]]>
    </failure>
  </testcase> <!-- HOOQ_Web_PickYourPlan_ALL_USER -->
  <testcase name="HOOQ_Web_PickYourPlan_ALL_USER" time="150.422" classname="tv.hooq.web.scripts.HOOQ_Web_PickYourPlan_ALL_USER">
    <failure type="java.lang.AssertionError" message="Step LogIn Failed with description Failed expected [true] but found [false]">
      <![CDATA[java.lang.AssertionError: Step LogIn Failed with description Failed expected [true] but found [false]
	at com.ctaf.support.HtmlReportSupport.onFailure(HtmlReportSupport.java:780)
	at com.ctaf.utilities.Reporter.failureReport(Reporter.java:92)
	at tv.hooq.web.scripts.HOOQ_Web_PickYourPlan_ALL_USER.HOOQ_Web_PickYourPlan_ALL_USER(HOOQ_Web_PickYourPlan_ALL_USER.java:99)
	at org.apache.maven.surefire.testng.TestNGExecutor.run(TestNGExecutor.java:122)
	at org.apache.maven.surefire.testng.TestNGXmlTestSuite.execute(TestNGXmlTestSuite.java:92)
	at org.apache.maven.surefire.testng.TestNGProvider.invoke(TestNGProvider.java:101)
	at org.apache.maven.surefire.util.ReflectionUtils.invokeMethodWithArray(ReflectionUtils.java:164)
	at org.apache.maven.surefire.booter.ProviderFactory$ProviderProxy.invoke(ProviderFactory.java:110)
	at org.apache.maven.surefire.booter.SurefireStarter.invokeProvider(SurefireStarter.java:172)
	at org.apache.maven.surefire.booter.SurefireStarter.runSuitesInProcessWhenForked(SurefireStarter.java:104)
	at org.apache.maven.surefire.booter.ForkedBooter.main(ForkedBooter.java:70)
... Removed 28 stack frames]]>
    </failure>
  </testcase> <!-- HOOQ_Web_PickYourPlan_ALL_USER -->
  <testcase name="HOOQ_Web_PickYourPlan_ALL_USER" time="146.517" classname="tv.hooq.web.scripts.HOOQ_Web_PickYourPlan_ALL_USER">
    <failure type="java.lang.AssertionError" message="Step LogIn Failed with description Failed expected [true] but found [false]">
      <![CDATA[java.lang.AssertionError: Step LogIn Failed with description Failed expected [true] but found [false]
	at com.ctaf.support.HtmlReportSupport.onFailure(HtmlReportSupport.java:780)
	at com.ctaf.utilities.Reporter.failureReport(Reporter.java:92)
	at tv.hooq.web.scripts.HOOQ_Web_PickYourPlan_ALL_USER.HOOQ_Web_PickYourPlan_ALL_USER(HOOQ_Web_PickYourPlan_ALL_USER.java:99)
	at org.apache.maven.surefire.testng.TestNGExecutor.run(TestNGExecutor.java:122)
	at org.apache.maven.surefire.testng.TestNGXmlTestSuite.execute(TestNGXmlTestSuite.java:92)
	at org.apache.maven.surefire.testng.TestNGProvider.invoke(TestNGProvider.java:101)
	at org.apache.maven.surefire.util.ReflectionUtils.invokeMethodWithArray(ReflectionUtils.java:164)
	at org.apache.maven.surefire.booter.ProviderFactory$ProviderProxy.invoke(ProviderFactory.java:110)
	at org.apache.maven.surefire.booter.SurefireStarter.invokeProvider(SurefireStarter.java:172)
	at org.apache.maven.surefire.booter.SurefireStarter.runSuitesInProcessWhenForked(SurefireStarter.java:104)
	at org.apache.maven.surefire.booter.ForkedBooter.main(ForkedBooter.java:70)
... Removed 28 stack frames]]>
    </failure>
  </testcase> <!-- HOOQ_Web_PickYourPlan_ALL_USER -->
  <testcase name="HOOQ_Web_PickYourPlan_ALL_USER" time="83.681" classname="tv.hooq.web.scripts.HOOQ_Web_PickYourPlan_ALL_USER">
    <failure type="java.lang.AssertionError" message="Step Verify  Failed with description &amp;lt;b&amp;gt;Get HOOQ&amp;lt;/b&amp;gt; is not present in the element expected [true] but found [false]">
      <![CDATA[java.lang.AssertionError: Step Verify  Failed with description <b>Get HOOQ</b> is not present in the element expected [true] but found [false]
	at com.ctaf.support.HtmlReportSupport.onFailure(HtmlReportSupport.java:780)
	at com.ctaf.utilities.Reporter.failureReport(Reporter.java:92)
	at com.ctaf.accelerators.ActionEngine.isElementDisplayed(ActionEngine.java:2487)
	at tv.hooq.web.scripts.HOOQ_Web_PickYourPlan_ALL_USER.HOOQ_Web_PickYourPlan_ALL_USER(HOOQ_Web_PickYourPlan_ALL_USER.java:61)
	at org.apache.maven.surefire.testng.TestNGExecutor.run(TestNGExecutor.java:122)
	at org.apache.maven.surefire.testng.TestNGXmlTestSuite.execute(TestNGXmlTestSuite.java:92)
	at org.apache.maven.surefire.testng.TestNGProvider.invoke(TestNGProvider.java:101)
	at org.apache.maven.surefire.util.ReflectionUtils.invokeMethodWithArray(ReflectionUtils.java:164)
	at org.apache.maven.surefire.booter.ProviderFactory$ProviderProxy.invoke(ProviderFactory.java:110)
	at org.apache.maven.surefire.booter.SurefireStarter.invokeProvider(SurefireStarter.java:172)
	at org.apache.maven.surefire.booter.SurefireStarter.runSuitesInProcessWhenForked(SurefireStarter.java:104)
	at org.apache.maven.surefire.booter.ForkedBooter.main(ForkedBooter.java:70)
... Removed 28 stack frames]]>
    </failure>
  </testcase> <!-- HOOQ_Web_PickYourPlan_ALL_USER -->
  <testcase name="HOOQ_Web_Player_Settings_ActiveUserAttemptingVideoPlayback" time="184.857" classname="tv.hooq.web.scripts.HOOQ_Web_Player_Settings_ActiveUserAttemptingVideoPlayback">
    <failure type="java.lang.AssertionError" message="Step Click Failed with description &amp;lt;b&amp;gt;Search Button&amp;lt;/b&amp;gt; was &amp;lt;b&amp;gt;NOT&amp;lt;/b&amp;gt; clicked expected [true] but found [false]">
      <![CDATA[java.lang.AssertionError: Step Click Failed with description <b>Search Button</b> was <b>NOT</b> clicked expected [true] but found [false]
	at com.ctaf.support.HtmlReportSupport.onFailure(HtmlReportSupport.java:780)
	at com.ctaf.utilities.Reporter.failureReport(Reporter.java:92)
	at com.ctaf.accelerators.ActionEngine.click(ActionEngine.java:95)
	at tv.hooq.web.workflows.HOOQWorkflows.browseSpecificItem(HOOQWorkflows.java:172)
	at tv.hooq.web.scripts.HOOQ_Web_Player_Settings_ActiveUserAttemptingVideoPlayback.HOOQ_Web_Player_Settings_ActiveUserAttemptingVideoPlayback(HOOQ_Web_Player_Settings_ActiveUserAttemptingVideoPlayback.java:27)
	at org.apache.maven.surefire.testng.TestNGExecutor.run(TestNGExecutor.java:122)
	at org.apache.maven.surefire.testng.TestNGXmlTestSuite.execute(TestNGXmlTestSuite.java:92)
	at org.apache.maven.surefire.testng.TestNGProvider.invoke(TestNGProvider.java:101)
	at org.apache.maven.surefire.util.ReflectionUtils.invokeMethodWithArray(ReflectionUtils.java:164)
	at org.apache.maven.surefire.booter.ProviderFactory$ProviderProxy.invoke(ProviderFactory.java:110)
	at org.apache.maven.surefire.booter.SurefireStarter.invokeProvider(SurefireStarter.java:172)
	at org.apache.maven.surefire.booter.SurefireStarter.runSuitesInProcessWhenForked(SurefireStarter.java:104)
	at org.apache.maven.surefire.booter.ForkedBooter.main(ForkedBooter.java:70)
... Removed 28 stack frames]]>
    </failure>
  </testcase> <!-- HOOQ_Web_Player_Settings_ActiveUserAttemptingVideoPlayback -->
  <testcase name="HOOQ_Web_Player_Settings_AnnonymousUserAttemptingContentPlayback" time="46.228" classname="tv.hooq.web.scripts.HOOQ_Web_Player_Settings_AnnonymousUserAttemptingContentPlayback"/>
  <testcase name="HOOQ_Web_Player_Settings_FreeTrialUserAttemptingContentPlayback" time="144.269" classname="tv.hooq.web.scripts.HOOQ_Web_Player_Settings_FreeTrialUserAttemptingContentPlayback">
    <failure type="java.lang.AssertionError" message="Step Click Failed with description &amp;lt;b&amp;gt;Search Button&amp;lt;/b&amp;gt; was &amp;lt;b&amp;gt;NOT&amp;lt;/b&amp;gt; clicked expected [true] but found [false]">
      <![CDATA[java.lang.AssertionError: Step Click Failed with description <b>Search Button</b> was <b>NOT</b> clicked expected [true] but found [false]
	at com.ctaf.support.HtmlReportSupport.onFailure(HtmlReportSupport.java:780)
	at com.ctaf.utilities.Reporter.failureReport(Reporter.java:92)
	at com.ctaf.accelerators.ActionEngine.click(ActionEngine.java:95)
	at tv.hooq.web.workflows.HOOQWorkflows.browseSpecificItem(HOOQWorkflows.java:172)
	at tv.hooq.web.scripts.HOOQ_Web_Player_Settings_FreeTrialUserAttemptingContentPlayback.HOOQ_Web_Player_Settings_FreeTrialUserAttemptingContentPlayback(HOOQ_Web_Player_Settings_FreeTrialUserAttemptingContentPlayback.java:27)
	at org.apache.maven.surefire.testng.TestNGExecutor.run(TestNGExecutor.java:122)
	at org.apache.maven.surefire.testng.TestNGXmlTestSuite.execute(TestNGXmlTestSuite.java:92)
	at org.apache.maven.surefire.testng.TestNGProvider.invoke(TestNGProvider.java:101)
	at org.apache.maven.surefire.util.ReflectionUtils.invokeMethodWithArray(ReflectionUtils.java:164)
	at org.apache.maven.surefire.booter.ProviderFactory$ProviderProxy.invoke(ProviderFactory.java:110)
	at org.apache.maven.surefire.booter.SurefireStarter.invokeProvider(SurefireStarter.java:172)
	at org.apache.maven.surefire.booter.SurefireStarter.runSuitesInProcessWhenForked(SurefireStarter.java:104)
	at org.apache.maven.surefire.booter.ForkedBooter.main(ForkedBooter.java:70)
... Removed 28 stack frames]]>
    </failure>
  </testcase> <!-- HOOQ_Web_Player_Settings_FreeTrialUserAttemptingContentPlayback -->
  <testcase name="HOOQ_Web_Player_Settings_LapsedUserAattemptingVideoPlayback" time="136.123" classname="tv.hooq.web.scripts.HOOQ_Web_Player_Settings_LapsedUserAattemptingVideoPlayback">
    <failure type="java.lang.AssertionError" message="Step Click Failed with description &amp;lt;b&amp;gt;Search Button&amp;lt;/b&amp;gt; was &amp;lt;b&amp;gt;NOT&amp;lt;/b&amp;gt; clicked expected [true] but found [false]">
      <![CDATA[java.lang.AssertionError: Step Click Failed with description <b>Search Button</b> was <b>NOT</b> clicked expected [true] but found [false]
	at com.ctaf.support.HtmlReportSupport.onFailure(HtmlReportSupport.java:780)
	at com.ctaf.utilities.Reporter.failureReport(Reporter.java:92)
	at com.ctaf.accelerators.ActionEngine.click(ActionEngine.java:95)
	at tv.hooq.web.workflows.HOOQWorkflows.browseSpecificItem(HOOQWorkflows.java:172)
	at tv.hooq.web.scripts.HOOQ_Web_Player_Settings_LapsedUserAattemptingVideoPlayback.HOOQ_Web_Player_Settings_LapsedUserAattemptingVideoPlayback(HOOQ_Web_Player_Settings_LapsedUserAattemptingVideoPlayback.java:27)
	at org.apache.maven.surefire.testng.TestNGExecutor.run(TestNGExecutor.java:122)
	at org.apache.maven.surefire.testng.TestNGXmlTestSuite.execute(TestNGXmlTestSuite.java:92)
	at org.apache.maven.surefire.testng.TestNGProvider.invoke(TestNGProvider.java:101)
	at org.apache.maven.surefire.util.ReflectionUtils.invokeMethodWithArray(ReflectionUtils.java:164)
	at org.apache.maven.surefire.booter.ProviderFactory$ProviderProxy.invoke(ProviderFactory.java:110)
	at org.apache.maven.surefire.booter.SurefireStarter.invokeProvider(SurefireStarter.java:172)
	at org.apache.maven.surefire.booter.SurefireStarter.runSuitesInProcessWhenForked(SurefireStarter.java:104)
	at org.apache.maven.surefire.booter.ForkedBooter.main(ForkedBooter.java:70)
... Removed 28 stack frames]]>
    </failure>
  </testcase> <!-- HOOQ_Web_Player_Settings_LapsedUserAattemptingVideoPlayback -->
  <testcase name="HOOQ_Web_Player_Settings_UserAccess" time="138.118" classname="tv.hooq.web.scripts.HOOQ_Web_Player_Settings_UserAccess">
    <failure type="java.lang.AssertionError" message="Step Click Failed with description &amp;lt;b&amp;gt;Search Button&amp;lt;/b&amp;gt; was &amp;lt;b&amp;gt;NOT&amp;lt;/b&amp;gt; clicked expected [true] but found [false]">
      <![CDATA[java.lang.AssertionError: Step Click Failed with description <b>Search Button</b> was <b>NOT</b> clicked expected [true] but found [false]
	at com.ctaf.support.HtmlReportSupport.onFailure(HtmlReportSupport.java:780)
	at com.ctaf.utilities.Reporter.failureReport(Reporter.java:92)
	at com.ctaf.accelerators.ActionEngine.click(ActionEngine.java:95)
	at tv.hooq.web.workflows.HOOQWorkflows.browseSpecificItem(HOOQWorkflows.java:172)
	at tv.hooq.web.scripts.HOOQ_Web_Player_Settings_UserAccess.HOOQ_Web_Player_Settings_UserAccess(HOOQ_Web_Player_Settings_UserAccess.java:37)
	at org.apache.maven.surefire.testng.TestNGExecutor.run(TestNGExecutor.java:122)
	at org.apache.maven.surefire.testng.TestNGXmlTestSuite.execute(TestNGXmlTestSuite.java:92)
	at org.apache.maven.surefire.testng.TestNGProvider.invoke(TestNGProvider.java:101)
	at org.apache.maven.surefire.util.ReflectionUtils.invokeMethodWithArray(ReflectionUtils.java:164)
	at org.apache.maven.surefire.booter.ProviderFactory$ProviderProxy.invoke(ProviderFactory.java:110)
	at org.apache.maven.surefire.booter.SurefireStarter.invokeProvider(SurefireStarter.java:172)
	at org.apache.maven.surefire.booter.SurefireStarter.runSuitesInProcessWhenForked(SurefireStarter.java:104)
	at org.apache.maven.surefire.booter.ForkedBooter.main(ForkedBooter.java:70)
... Removed 28 stack frames]]>
    </failure>
  </testcase> <!-- HOOQ_Web_Player_Settings_UserAccess -->
  <testcase name="HOOQ_Web_Player_Settings_UserAccess" time="138.53" classname="tv.hooq.web.scripts.HOOQ_Web_Player_Settings_UserAccess">
    <failure type="java.lang.AssertionError" message="Step Click Failed with description &amp;lt;b&amp;gt;Search Button&amp;lt;/b&amp;gt; was &amp;lt;b&amp;gt;NOT&amp;lt;/b&amp;gt; clicked expected [true] but found [false]">
      <![CDATA[java.lang.AssertionError: Step Click Failed with description <b>Search Button</b> was <b>NOT</b> clicked expected [true] but found [false]
	at com.ctaf.support.HtmlReportSupport.onFailure(HtmlReportSupport.java:780)
	at com.ctaf.utilities.Reporter.failureReport(Reporter.java:92)
	at com.ctaf.accelerators.ActionEngine.click(ActionEngine.java:95)
	at tv.hooq.web.workflows.HOOQWorkflows.browseSpecificItem(HOOQWorkflows.java:172)
	at tv.hooq.web.scripts.HOOQ_Web_Player_Settings_UserAccess.HOOQ_Web_Player_Settings_UserAccess(HOOQ_Web_Player_Settings_UserAccess.java:73)
	at org.apache.maven.surefire.testng.TestNGExecutor.run(TestNGExecutor.java:122)
	at org.apache.maven.surefire.testng.TestNGXmlTestSuite.execute(TestNGXmlTestSuite.java:92)
	at org.apache.maven.surefire.testng.TestNGProvider.invoke(TestNGProvider.java:101)
	at org.apache.maven.surefire.util.ReflectionUtils.invokeMethodWithArray(ReflectionUtils.java:164)
	at org.apache.maven.surefire.booter.ProviderFactory$ProviderProxy.invoke(ProviderFactory.java:110)
	at org.apache.maven.surefire.booter.SurefireStarter.invokeProvider(SurefireStarter.java:172)
	at org.apache.maven.surefire.booter.SurefireStarter.runSuitesInProcessWhenForked(SurefireStarter.java:104)
	at org.apache.maven.surefire.booter.ForkedBooter.main(ForkedBooter.java:70)
... Removed 28 stack frames]]>
    </failure>
  </testcase> <!-- HOOQ_Web_Player_Settings_UserAccess -->
  <testcase name="HOOQ_Web_PlayerSettings" time="141.538" classname="tv.hooq.web.scripts.HOOQ_Web_PlayerSettings">
    <failure type="java.lang.AssertionError" message="Step Click Failed with description &amp;lt;b&amp;gt;Search Button&amp;lt;/b&amp;gt; was &amp;lt;b&amp;gt;NOT&amp;lt;/b&amp;gt; clicked expected [true] but found [false]">
      <![CDATA[java.lang.AssertionError: Step Click Failed with description <b>Search Button</b> was <b>NOT</b> clicked expected [true] but found [false]
	at com.ctaf.support.HtmlReportSupport.onFailure(HtmlReportSupport.java:780)
	at com.ctaf.utilities.Reporter.failureReport(Reporter.java:92)
	at com.ctaf.accelerators.ActionEngine.click(ActionEngine.java:95)
	at tv.hooq.web.workflows.HOOQWorkflows.browseSpecificEpisode(HOOQWorkflows.java:347)
	at tv.hooq.web.workflows.HOOQWorkflows.fnVerifyPlayerSettings(HOOQWorkflows.java:2026)
	at tv.hooq.web.scripts.HOOQ_Web_PlayerSettings.HOOQ_Web_PlayerSettings(HOOQ_Web_PlayerSettings.java:34)
	at org.apache.maven.surefire.testng.TestNGExecutor.run(TestNGExecutor.java:122)
	at org.apache.maven.surefire.testng.TestNGXmlTestSuite.execute(TestNGXmlTestSuite.java:92)
	at org.apache.maven.surefire.testng.TestNGProvider.invoke(TestNGProvider.java:101)
	at org.apache.maven.surefire.util.ReflectionUtils.invokeMethodWithArray(ReflectionUtils.java:164)
	at org.apache.maven.surefire.booter.ProviderFactory$ProviderProxy.invoke(ProviderFactory.java:110)
	at org.apache.maven.surefire.booter.SurefireStarter.invokeProvider(SurefireStarter.java:172)
	at org.apache.maven.surefire.booter.SurefireStarter.runSuitesInProcessWhenForked(SurefireStarter.java:104)
	at org.apache.maven.surefire.booter.ForkedBooter.main(ForkedBooter.java:70)
... Removed 28 stack frames]]>
    </failure>
  </testcase> <!-- HOOQ_Web_PlayerSettings -->
  <testcase name="HOOQ_Web_PlayerSettings" time="139.243" classname="tv.hooq.web.scripts.HOOQ_Web_PlayerSettings">
    <failure type="java.lang.AssertionError" message="Step Click Failed with description &amp;lt;b&amp;gt;Search Button&amp;lt;/b&amp;gt; was &amp;lt;b&amp;gt;NOT&amp;lt;/b&amp;gt; clicked expected [true] but found [false]">
      <![CDATA[java.lang.AssertionError: Step Click Failed with description <b>Search Button</b> was <b>NOT</b> clicked expected [true] but found [false]
	at com.ctaf.support.HtmlReportSupport.onFailure(HtmlReportSupport.java:780)
	at com.ctaf.utilities.Reporter.failureReport(Reporter.java:92)
	at com.ctaf.accelerators.ActionEngine.click(ActionEngine.java:95)
	at tv.hooq.web.workflows.HOOQWorkflows.browseSpecificEpisode(HOOQWorkflows.java:347)
	at tv.hooq.web.workflows.HOOQWorkflows.fnVerifyPlayerSettings(HOOQWorkflows.java:2026)
	at tv.hooq.web.scripts.HOOQ_Web_PlayerSettings.HOOQ_Web_PlayerSettings(HOOQ_Web_PlayerSettings.java:34)
	at org.apache.maven.surefire.testng.TestNGExecutor.run(TestNGExecutor.java:122)
	at org.apache.maven.surefire.testng.TestNGXmlTestSuite.execute(TestNGXmlTestSuite.java:92)
	at org.apache.maven.surefire.testng.TestNGProvider.invoke(TestNGProvider.java:101)
	at org.apache.maven.surefire.util.ReflectionUtils.invokeMethodWithArray(ReflectionUtils.java:164)
	at org.apache.maven.surefire.booter.ProviderFactory$ProviderProxy.invoke(ProviderFactory.java:110)
	at org.apache.maven.surefire.booter.SurefireStarter.invokeProvider(SurefireStarter.java:172)
	at org.apache.maven.surefire.booter.SurefireStarter.runSuitesInProcessWhenForked(SurefireStarter.java:104)
	at org.apache.maven.surefire.booter.ForkedBooter.main(ForkedBooter.java:70)
... Removed 28 stack frames]]>
    </failure>
  </testcase> <!-- HOOQ_Web_PlayerSettings -->
  <testcase name="HOOQ_Web_PlayerSettings" time="140.497" classname="tv.hooq.web.scripts.HOOQ_Web_PlayerSettings">
    <failure type="java.lang.AssertionError" message="Step Click Failed with description &amp;lt;b&amp;gt;Search Button&amp;lt;/b&amp;gt; was &amp;lt;b&amp;gt;NOT&amp;lt;/b&amp;gt; clicked expected [true] but found [false]">
      <![CDATA[java.lang.AssertionError: Step Click Failed with description <b>Search Button</b> was <b>NOT</b> clicked expected [true] but found [false]
	at com.ctaf.support.HtmlReportSupport.onFailure(HtmlReportSupport.java:780)
	at com.ctaf.utilities.Reporter.failureReport(Reporter.java:92)
	at com.ctaf.accelerators.ActionEngine.click(ActionEngine.java:95)
	at tv.hooq.web.workflows.HOOQWorkflows.browseSpecificEpisode(HOOQWorkflows.java:347)
	at tv.hooq.web.workflows.HOOQWorkflows.fnVerifyPlayerSettings(HOOQWorkflows.java:2003)
	at tv.hooq.web.scripts.HOOQ_Web_PlayerSettings.HOOQ_Web_PlayerSettings(HOOQ_Web_PlayerSettings.java:34)
	at org.apache.maven.surefire.testng.TestNGExecutor.run(TestNGExecutor.java:122)
	at org.apache.maven.surefire.testng.TestNGXmlTestSuite.execute(TestNGXmlTestSuite.java:92)
	at org.apache.maven.surefire.testng.TestNGProvider.invoke(TestNGProvider.java:101)
	at org.apache.maven.surefire.util.ReflectionUtils.invokeMethodWithArray(ReflectionUtils.java:164)
	at org.apache.maven.surefire.booter.ProviderFactory$ProviderProxy.invoke(ProviderFactory.java:110)
	at org.apache.maven.surefire.booter.SurefireStarter.invokeProvider(SurefireStarter.java:172)
	at org.apache.maven.surefire.booter.SurefireStarter.runSuitesInProcessWhenForked(SurefireStarter.java:104)
	at org.apache.maven.surefire.booter.ForkedBooter.main(ForkedBooter.java:70)
... Removed 28 stack frames]]>
    </failure>
  </testcase> <!-- HOOQ_Web_PlayerSettings -->
  <testcase name="HOOQ_Web_Search_ContentDetails" time="150.935" classname="tv.hooq.web.scripts.HOOQ_Web_Search_ContentDetails">
    <failure type="java.lang.AssertionError" message="Step Click Failed with description &amp;lt;b&amp;gt;Search Button&amp;lt;/b&amp;gt; was &amp;lt;b&amp;gt;NOT&amp;lt;/b&amp;gt; clicked expected [true] but found [false]">
      <![CDATA[java.lang.AssertionError: Step Click Failed with description <b>Search Button</b> was <b>NOT</b> clicked expected [true] but found [false]
	at com.ctaf.support.HtmlReportSupport.onFailure(HtmlReportSupport.java:780)
	at com.ctaf.utilities.Reporter.failureReport(Reporter.java:92)
	at com.ctaf.accelerators.ActionEngine.click(ActionEngine.java:95)
	at tv.hooq.web.workflows.HOOQWorkflows.fnSearchContent(HOOQWorkflows.java:6359)
	at tv.hooq.web.scripts.HOOQ_Web_Search_ContentDetails.HOOQ_Web_Search_ContentDetails(HOOQ_Web_Search_ContentDetails.java:51)
	at org.apache.maven.surefire.testng.TestNGExecutor.run(TestNGExecutor.java:122)
	at org.apache.maven.surefire.testng.TestNGXmlTestSuite.execute(TestNGXmlTestSuite.java:92)
	at org.apache.maven.surefire.testng.TestNGProvider.invoke(TestNGProvider.java:101)
	at org.apache.maven.surefire.util.ReflectionUtils.invokeMethodWithArray(ReflectionUtils.java:164)
	at org.apache.maven.surefire.booter.ProviderFactory$ProviderProxy.invoke(ProviderFactory.java:110)
	at org.apache.maven.surefire.booter.SurefireStarter.invokeProvider(SurefireStarter.java:172)
	at org.apache.maven.surefire.booter.SurefireStarter.runSuitesInProcessWhenForked(SurefireStarter.java:104)
	at org.apache.maven.surefire.booter.ForkedBooter.main(ForkedBooter.java:70)
... Removed 28 stack frames]]>
    </failure>
  </testcase> <!-- HOOQ_Web_Search_ContentDetails -->
  <testcase name="HOOQ_Web_Search_ContentDetails" time="141.024" classname="tv.hooq.web.scripts.HOOQ_Web_Search_ContentDetails">
    <failure type="java.lang.AssertionError" message="Step Click Failed with description &amp;lt;b&amp;gt;Search Button&amp;lt;/b&amp;gt; was &amp;lt;b&amp;gt;NOT&amp;lt;/b&amp;gt; clicked expected [true] but found [false]">
      <![CDATA[java.lang.AssertionError: Step Click Failed with description <b>Search Button</b> was <b>NOT</b> clicked expected [true] but found [false]
	at com.ctaf.support.HtmlReportSupport.onFailure(HtmlReportSupport.java:780)
	at com.ctaf.utilities.Reporter.failureReport(Reporter.java:92)
	at com.ctaf.accelerators.ActionEngine.click(ActionEngine.java:95)
	at tv.hooq.web.workflows.HOOQWorkflows.fnSearchContent(HOOQWorkflows.java:6359)
	at tv.hooq.web.scripts.HOOQ_Web_Search_ContentDetails.HOOQ_Web_Search_ContentDetails(HOOQ_Web_Search_ContentDetails.java:51)
	at org.apache.maven.surefire.testng.TestNGExecutor.run(TestNGExecutor.java:122)
	at org.apache.maven.surefire.testng.TestNGXmlTestSuite.execute(TestNGXmlTestSuite.java:92)
	at org.apache.maven.surefire.testng.TestNGProvider.invoke(TestNGProvider.java:101)
	at org.apache.maven.surefire.util.ReflectionUtils.invokeMethodWithArray(ReflectionUtils.java:164)
	at org.apache.maven.surefire.booter.ProviderFactory$ProviderProxy.invoke(ProviderFactory.java:110)
	at org.apache.maven.surefire.booter.SurefireStarter.invokeProvider(SurefireStarter.java:172)
	at org.apache.maven.surefire.booter.SurefireStarter.runSuitesInProcessWhenForked(SurefireStarter.java:104)
	at org.apache.maven.surefire.booter.ForkedBooter.main(ForkedBooter.java:70)
... Removed 28 stack frames]]>
    </failure>
  </testcase> <!-- HOOQ_Web_Search_ContentDetails -->
  <testcase name="HOOQ_Web_Search_ContentDetails" time="147.616" classname="tv.hooq.web.scripts.HOOQ_Web_Search_ContentDetails">
    <failure type="java.lang.AssertionError" message="Step Click Failed with description &amp;lt;b&amp;gt;Search Button&amp;lt;/b&amp;gt; was &amp;lt;b&amp;gt;NOT&amp;lt;/b&amp;gt; clicked expected [true] but found [false]">
      <![CDATA[java.lang.AssertionError: Step Click Failed with description <b>Search Button</b> was <b>NOT</b> clicked expected [true] but found [false]
	at com.ctaf.support.HtmlReportSupport.onFailure(HtmlReportSupport.java:780)
	at com.ctaf.utilities.Reporter.failureReport(Reporter.java:92)
	at com.ctaf.accelerators.ActionEngine.click(ActionEngine.java:95)
	at tv.hooq.web.workflows.HOOQWorkflows.fnSearchContent(HOOQWorkflows.java:6359)
	at tv.hooq.web.scripts.HOOQ_Web_Search_ContentDetails.HOOQ_Web_Search_ContentDetails(HOOQ_Web_Search_ContentDetails.java:51)
	at org.apache.maven.surefire.testng.TestNGExecutor.run(TestNGExecutor.java:122)
	at org.apache.maven.surefire.testng.TestNGXmlTestSuite.execute(TestNGXmlTestSuite.java:92)
	at org.apache.maven.surefire.testng.TestNGProvider.invoke(TestNGProvider.java:101)
	at org.apache.maven.surefire.util.ReflectionUtils.invokeMethodWithArray(ReflectionUtils.java:164)
	at org.apache.maven.surefire.booter.ProviderFactory$ProviderProxy.invoke(ProviderFactory.java:110)
	at org.apache.maven.surefire.booter.SurefireStarter.invokeProvider(SurefireStarter.java:172)
	at org.apache.maven.surefire.booter.SurefireStarter.runSuitesInProcessWhenForked(SurefireStarter.java:104)
	at org.apache.maven.surefire.booter.ForkedBooter.main(ForkedBooter.java:70)
... Removed 28 stack frames]]>
    </failure>
  </testcase> <!-- HOOQ_Web_Search_ContentDetails -->
  <testcase name="HOOQ_Web_Search_ContentDetails" time="105.399" classname="tv.hooq.web.scripts.HOOQ_Web_Search_ContentDetails"/>
  <testcase name="HOOQ_Web_Settings" time="139.298" classname="tv.hooq.web.scripts.HOOQ_Web_Settings">
    <failure type="java.lang.AssertionError" message="Step MouseOver  Failed with description MouseOver Action was &amp;lt;b&amp;gt;NOT&amp;lt;/b&amp;gt; perform on &amp;lt;b&amp;gt;Header Navigation&amp;lt;/b&amp;gt; expected [true] but found [false]">
      <![CDATA[java.lang.AssertionError: Step MouseOver  Failed with description MouseOver Action was <b>NOT</b> perform on <b>Header Navigation</b> expected [true] but found [false]
	at com.ctaf.support.HtmlReportSupport.onFailure(HtmlReportSupport.java:780)
	at com.ctaf.utilities.Reporter.failureReport(Reporter.java:92)
	at com.ctaf.accelerators.ActionEngine.mouseHoverByJavaScript(ActionEngine.java:1874)
	at tv.hooq.web.workflows.HOOQWorkflows.navigateToSettings(HOOQWorkflows.java:737)
	at tv.hooq.web.workflows.HOOQWorkflows.fnVerifySettings(HOOQWorkflows.java:3615)
	at tv.hooq.web.scripts.HOOQ_Web_Settings.HOOQ_Web_Settings(HOOQ_Web_Settings.java:34)
	at org.apache.maven.surefire.testng.TestNGExecutor.run(TestNGExecutor.java:122)
	at org.apache.maven.surefire.testng.TestNGXmlTestSuite.execute(TestNGXmlTestSuite.java:92)
	at org.apache.maven.surefire.testng.TestNGProvider.invoke(TestNGProvider.java:101)
	at org.apache.maven.surefire.util.ReflectionUtils.invokeMethodWithArray(ReflectionUtils.java:164)
	at org.apache.maven.surefire.booter.ProviderFactory$ProviderProxy.invoke(ProviderFactory.java:110)
	at org.apache.maven.surefire.booter.SurefireStarter.invokeProvider(SurefireStarter.java:172)
	at org.apache.maven.surefire.booter.SurefireStarter.runSuitesInProcessWhenForked(SurefireStarter.java:104)
	at org.apache.maven.surefire.booter.ForkedBooter.main(ForkedBooter.java:70)
... Removed 28 stack frames]]>
    </failure>
  </testcase> <!-- HOOQ_Web_Settings -->
  <testcase name="HOOQ_Web_Settings" time="135.813" classname="tv.hooq.web.scripts.HOOQ_Web_Settings">
    <failure type="java.lang.AssertionError" message="Step MouseOver  Failed with description MouseOver Action was &amp;lt;b&amp;gt;NOT&amp;lt;/b&amp;gt; perform on &amp;lt;b&amp;gt;Header Navigation&amp;lt;/b&amp;gt; expected [true] but found [false]">
      <![CDATA[java.lang.AssertionError: Step MouseOver  Failed with description MouseOver Action was <b>NOT</b> perform on <b>Header Navigation</b> expected [true] but found [false]
	at com.ctaf.support.HtmlReportSupport.onFailure(HtmlReportSupport.java:780)
	at com.ctaf.utilities.Reporter.failureReport(Reporter.java:92)
	at com.ctaf.accelerators.ActionEngine.mouseHoverByJavaScript(ActionEngine.java:1874)
	at tv.hooq.web.workflows.HOOQWorkflows.navigateToSettings(HOOQWorkflows.java:737)
	at tv.hooq.web.workflows.HOOQWorkflows.fnVerifySettings(HOOQWorkflows.java:3615)
	at tv.hooq.web.scripts.HOOQ_Web_Settings.HOOQ_Web_Settings(HOOQ_Web_Settings.java:34)
	at org.apache.maven.surefire.testng.TestNGExecutor.run(TestNGExecutor.java:122)
	at org.apache.maven.surefire.testng.TestNGXmlTestSuite.execute(TestNGXmlTestSuite.java:92)
	at org.apache.maven.surefire.testng.TestNGProvider.invoke(TestNGProvider.java:101)
	at org.apache.maven.surefire.util.ReflectionUtils.invokeMethodWithArray(ReflectionUtils.java:164)
	at org.apache.maven.surefire.booter.ProviderFactory$ProviderProxy.invoke(ProviderFactory.java:110)
	at org.apache.maven.surefire.booter.SurefireStarter.invokeProvider(SurefireStarter.java:172)
	at org.apache.maven.surefire.booter.SurefireStarter.runSuitesInProcessWhenForked(SurefireStarter.java:104)
	at org.apache.maven.surefire.booter.ForkedBooter.main(ForkedBooter.java:70)
... Removed 28 stack frames]]>
    </failure>
  </testcase> <!-- HOOQ_Web_Settings -->
  <testcase name="HOOQ_Web_Settings" time="141.294" classname="tv.hooq.web.scripts.HOOQ_Web_Settings">
    <failure type="java.lang.AssertionError" message="Step MouseOver  Failed with description MouseOver Action was &amp;lt;b&amp;gt;NOT&amp;lt;/b&amp;gt; perform on &amp;lt;b&amp;gt;Header Navigation&amp;lt;/b&amp;gt; expected [true] but found [false]">
      <![CDATA[java.lang.AssertionError: Step MouseOver  Failed with description MouseOver Action was <b>NOT</b> perform on <b>Header Navigation</b> expected [true] but found [false]
	at com.ctaf.support.HtmlReportSupport.onFailure(HtmlReportSupport.java:780)
	at com.ctaf.utilities.Reporter.failureReport(Reporter.java:92)
	at com.ctaf.accelerators.ActionEngine.mouseHoverByJavaScript(ActionEngine.java:1874)
	at tv.hooq.web.workflows.HOOQWorkflows.navigateToSettings(HOOQWorkflows.java:737)
	at tv.hooq.web.workflows.HOOQWorkflows.fnVerifySettings(HOOQWorkflows.java:3615)
	at tv.hooq.web.scripts.HOOQ_Web_Settings.HOOQ_Web_Settings(HOOQ_Web_Settings.java:34)
	at org.apache.maven.surefire.testng.TestNGExecutor.run(TestNGExecutor.java:122)
	at org.apache.maven.surefire.testng.TestNGXmlTestSuite.execute(TestNGXmlTestSuite.java:92)
	at org.apache.maven.surefire.testng.TestNGProvider.invoke(TestNGProvider.java:101)
	at org.apache.maven.surefire.util.ReflectionUtils.invokeMethodWithArray(ReflectionUtils.java:164)
	at org.apache.maven.surefire.booter.ProviderFactory$ProviderProxy.invoke(ProviderFactory.java:110)
	at org.apache.maven.surefire.booter.SurefireStarter.invokeProvider(SurefireStarter.java:172)
	at org.apache.maven.surefire.booter.SurefireStarter.runSuitesInProcessWhenForked(SurefireStarter.java:104)
	at org.apache.maven.surefire.booter.ForkedBooter.main(ForkedBooter.java:70)
... Removed 28 stack frames]]>
    </failure>
  </testcase> <!-- HOOQ_Web_Settings -->
  <testcase name="HOOQ_Web_Signup_Geolocation" time="6.124" classname="tv.hooq.web.scripts.HOOQ_Web_Signup_Geolocation"/>
  <testcase name="HOOQ_Web_SignUPTermsAndConditionPrivacyPolicy" time="76.971" classname="tv.hooq.web.scripts.HOOQ_Web_SignUPTermsAndConditionPrivacyPolicy"/>
  <testcase name="HOOQ_Web_Support_AfterLogin" time="143.552" classname="tv.hooq.web.scripts.HOOQ_Web_Support_AfterLogin">
    <failure type="java.lang.AssertionError" message="Step MouseOver  Failed with description MouseOver Action was &amp;lt;b&amp;gt;NOT&amp;lt;/b&amp;gt; perform on &amp;lt;b&amp;gt;Header Navigation&amp;lt;/b&amp;gt; expected [true] but found [false]">
      <![CDATA[java.lang.AssertionError: Step MouseOver  Failed with description MouseOver Action was <b>NOT</b> perform on <b>Header Navigation</b> expected [true] but found [false]
	at com.ctaf.support.HtmlReportSupport.onFailure(HtmlReportSupport.java:780)
	at com.ctaf.utilities.Reporter.failureReport(Reporter.java:92)
	at com.ctaf.accelerators.ActionEngine.mouseHoverByJavaScript(ActionEngine.java:1874)
	at tv.hooq.web.workflows.HOOQWorkflows.navigateToSupport(HOOQWorkflows.java:748)
	at tv.hooq.web.workflows.HOOQWorkflows.fnVerifySupport(HOOQWorkflows.java:1333)
	at tv.hooq.web.scripts.HOOQ_Web_Support_AfterLogin.HOOQ_Web_Support_AfterLogin(HOOQ_Web_Support_AfterLogin.java:34)
	at org.apache.maven.surefire.testng.TestNGExecutor.run(TestNGExecutor.java:122)
	at org.apache.maven.surefire.testng.TestNGXmlTestSuite.execute(TestNGXmlTestSuite.java:92)
	at org.apache.maven.surefire.testng.TestNGProvider.invoke(TestNGProvider.java:101)
	at org.apache.maven.surefire.util.ReflectionUtils.invokeMethodWithArray(ReflectionUtils.java:164)
	at org.apache.maven.surefire.booter.ProviderFactory$ProviderProxy.invoke(ProviderFactory.java:110)
	at org.apache.maven.surefire.booter.SurefireStarter.invokeProvider(SurefireStarter.java:172)
	at org.apache.maven.surefire.booter.SurefireStarter.runSuitesInProcessWhenForked(SurefireStarter.java:104)
	at org.apache.maven.surefire.booter.ForkedBooter.main(ForkedBooter.java:70)
... Removed 28 stack frames]]>
    </failure>
  </testcase> <!-- HOOQ_Web_Support_AfterLogin -->
  <testcase name="HOOQ_Web_Support_AfterLogin" time="142.137" classname="tv.hooq.web.scripts.HOOQ_Web_Support_AfterLogin">
    <failure type="java.lang.AssertionError" message="Step MouseOver  Failed with description MouseOver Action was &amp;lt;b&amp;gt;NOT&amp;lt;/b&amp;gt; perform on &amp;lt;b&amp;gt;Header Navigation&amp;lt;/b&amp;gt; expected [true] but found [false]">
      <![CDATA[java.lang.AssertionError: Step MouseOver  Failed with description MouseOver Action was <b>NOT</b> perform on <b>Header Navigation</b> expected [true] but found [false]
	at com.ctaf.support.HtmlReportSupport.onFailure(HtmlReportSupport.java:780)
	at com.ctaf.utilities.Reporter.failureReport(Reporter.java:92)
	at com.ctaf.accelerators.ActionEngine.mouseHoverByJavaScript(ActionEngine.java:1874)
	at tv.hooq.web.workflows.HOOQWorkflows.navigateToSupport(HOOQWorkflows.java:748)
	at tv.hooq.web.workflows.HOOQWorkflows.fnVerifySupport(HOOQWorkflows.java:1333)
	at tv.hooq.web.scripts.HOOQ_Web_Support_AfterLogin.HOOQ_Web_Support_AfterLogin(HOOQ_Web_Support_AfterLogin.java:34)
	at org.apache.maven.surefire.testng.TestNGExecutor.run(TestNGExecutor.java:122)
	at org.apache.maven.surefire.testng.TestNGXmlTestSuite.execute(TestNGXmlTestSuite.java:92)
	at org.apache.maven.surefire.testng.TestNGProvider.invoke(TestNGProvider.java:101)
	at org.apache.maven.surefire.util.ReflectionUtils.invokeMethodWithArray(ReflectionUtils.java:164)
	at org.apache.maven.surefire.booter.ProviderFactory$ProviderProxy.invoke(ProviderFactory.java:110)
	at org.apache.maven.surefire.booter.SurefireStarter.invokeProvider(SurefireStarter.java:172)
	at org.apache.maven.surefire.booter.SurefireStarter.runSuitesInProcessWhenForked(SurefireStarter.java:104)
	at org.apache.maven.surefire.booter.ForkedBooter.main(ForkedBooter.java:70)
... Removed 28 stack frames]]>
    </failure>
  </testcase> <!-- HOOQ_Web_Support_AfterLogin -->
  <testcase name="HOOQ_Web_Support_AfterLogin" time="147.534" classname="tv.hooq.web.scripts.HOOQ_Web_Support_AfterLogin">
    <failure type="java.lang.AssertionError" message="Step MouseOver  Failed with description MouseOver Action was &amp;lt;b&amp;gt;NOT&amp;lt;/b&amp;gt; perform on &amp;lt;b&amp;gt;Header Navigation&amp;lt;/b&amp;gt; expected [true] but found [false]">
      <![CDATA[java.lang.AssertionError: Step MouseOver  Failed with description MouseOver Action was <b>NOT</b> perform on <b>Header Navigation</b> expected [true] but found [false]
	at com.ctaf.support.HtmlReportSupport.onFailure(HtmlReportSupport.java:780)
	at com.ctaf.utilities.Reporter.failureReport(Reporter.java:92)
	at com.ctaf.accelerators.ActionEngine.mouseHoverByJavaScript(ActionEngine.java:1874)
	at tv.hooq.web.workflows.HOOQWorkflows.navigateToSupport(HOOQWorkflows.java:748)
	at tv.hooq.web.workflows.HOOQWorkflows.fnVerifySupport(HOOQWorkflows.java:1333)
	at tv.hooq.web.scripts.HOOQ_Web_Support_AfterLogin.HOOQ_Web_Support_AfterLogin(HOOQ_Web_Support_AfterLogin.java:34)
	at org.apache.maven.surefire.testng.TestNGExecutor.run(TestNGExecutor.java:122)
	at org.apache.maven.surefire.testng.TestNGXmlTestSuite.execute(TestNGXmlTestSuite.java:92)
	at org.apache.maven.surefire.testng.TestNGProvider.invoke(TestNGProvider.java:101)
	at org.apache.maven.surefire.util.ReflectionUtils.invokeMethodWithArray(ReflectionUtils.java:164)
	at org.apache.maven.surefire.booter.ProviderFactory$ProviderProxy.invoke(ProviderFactory.java:110)
	at org.apache.maven.surefire.booter.SurefireStarter.invokeProvider(SurefireStarter.java:172)
	at org.apache.maven.surefire.booter.SurefireStarter.runSuitesInProcessWhenForked(SurefireStarter.java:104)
	at org.apache.maven.surefire.booter.ForkedBooter.main(ForkedBooter.java:70)
... Removed 28 stack frames]]>
    </failure>
  </testcase> <!-- HOOQ_Web_Support_AfterLogin -->
  <testcase name="HOOQ_Web_Support_BeforeLogin" time="134.707" classname="tv.hooq.web.scripts.HOOQ_Web_Support_BeforeLogin"/>
  <testcase name="HOOQ_Web_TVOD_Rent_With_CC" time="145.983" classname="tv.hooq.web.scripts.HOOQ_Web_TVOD_Rent_With_CC">
    <failure type="java.lang.AssertionError" message="Step MouseOver  Failed with description MouseOver Action was &amp;lt;b&amp;gt;NOT&amp;lt;/b&amp;gt; perform on &amp;lt;b&amp;gt;Header Navigation&amp;lt;/b&amp;gt; expected [true] but found [false]">
      <![CDATA[java.lang.AssertionError: Step MouseOver  Failed with description MouseOver Action was <b>NOT</b> perform on <b>Header Navigation</b> expected [true] but found [false]
	at com.ctaf.support.HtmlReportSupport.onFailure(HtmlReportSupport.java:780)
	at com.ctaf.utilities.Reporter.failureReport(Reporter.java:92)
	at com.ctaf.accelerators.ActionEngine.mouseHoverByJavaScript(ActionEngine.java:1874)
	at tv.hooq.web.workflows.HOOQWorkflows.fnGetTicketCount(HOOQWorkflows.java:4833)
	at tv.hooq.web.scripts.HOOQ_Web_TVOD_Rent_With_CC.HOOQ_Web_TVOD_Rent_With_CC(HOOQ_Web_TVOD_Rent_With_CC.java:48)
	at org.apache.maven.surefire.testng.TestNGExecutor.run(TestNGExecutor.java:122)
	at org.apache.maven.surefire.testng.TestNGXmlTestSuite.execute(TestNGXmlTestSuite.java:92)
	at org.apache.maven.surefire.testng.TestNGProvider.invoke(TestNGProvider.java:101)
	at org.apache.maven.surefire.util.ReflectionUtils.invokeMethodWithArray(ReflectionUtils.java:164)
	at org.apache.maven.surefire.booter.ProviderFactory$ProviderProxy.invoke(ProviderFactory.java:110)
	at org.apache.maven.surefire.booter.SurefireStarter.invokeProvider(SurefireStarter.java:172)
	at org.apache.maven.surefire.booter.SurefireStarter.runSuitesInProcessWhenForked(SurefireStarter.java:104)
	at org.apache.maven.surefire.booter.ForkedBooter.main(ForkedBooter.java:70)
... Removed 28 stack frames]]>
    </failure>
  </testcase> <!-- HOOQ_Web_TVOD_Rent_With_CC -->
  <testcase name="HOOQ_Web_TVOD_Rent_With_CC" time="145.007" classname="tv.hooq.web.scripts.HOOQ_Web_TVOD_Rent_With_CC">
    <failure type="java.lang.AssertionError" message="Step Click Failed with description &amp;lt;b&amp;gt;Rent Button&amp;lt;/b&amp;gt; was &amp;lt;b&amp;gt; NOT &amp;lt;/b&amp;gt; clicked expected [true] but found [false]">
      <![CDATA[java.lang.AssertionError: Step Click Failed with description <b>Rent Button</b> was <b> NOT </b> clicked expected [true] but found [false]
	at com.ctaf.support.HtmlReportSupport.onFailure(HtmlReportSupport.java:780)
	at com.ctaf.utilities.Reporter.failureReport(Reporter.java:92)
	at com.ctaf.accelerators.ActionEngine.JSClick(ActionEngine.java:1923)
	at tv.hooq.web.scripts.HOOQ_Web_TVOD_Rent_With_CC.HOOQ_Web_TVOD_Rent_With_CC(HOOQ_Web_TVOD_Rent_With_CC.java:50)
	at org.apache.maven.surefire.testng.TestNGExecutor.run(TestNGExecutor.java:122)
	at org.apache.maven.surefire.testng.TestNGXmlTestSuite.execute(TestNGXmlTestSuite.java:92)
	at org.apache.maven.surefire.testng.TestNGProvider.invoke(TestNGProvider.java:101)
	at org.apache.maven.surefire.util.ReflectionUtils.invokeMethodWithArray(ReflectionUtils.java:164)
	at org.apache.maven.surefire.booter.ProviderFactory$ProviderProxy.invoke(ProviderFactory.java:110)
	at org.apache.maven.surefire.booter.SurefireStarter.invokeProvider(SurefireStarter.java:172)
	at org.apache.maven.surefire.booter.SurefireStarter.runSuitesInProcessWhenForked(SurefireStarter.java:104)
	at org.apache.maven.surefire.booter.ForkedBooter.main(ForkedBooter.java:70)
... Removed 28 stack frames]]>
    </failure>
  </testcase> <!-- HOOQ_Web_TVOD_Rent_With_CC -->
  <testcase name="HOOQ_Web_TVOD_Rent_With_CC" time="141.237" classname="tv.hooq.web.scripts.HOOQ_Web_TVOD_Rent_With_CC">
    <failure type="java.lang.AssertionError" message="Step Click Failed with description &amp;lt;b&amp;gt;Rent Button&amp;lt;/b&amp;gt; was &amp;lt;b&amp;gt; NOT &amp;lt;/b&amp;gt; clicked expected [true] but found [false]">
      <![CDATA[java.lang.AssertionError: Step Click Failed with description <b>Rent Button</b> was <b> NOT </b> clicked expected [true] but found [false]
	at com.ctaf.support.HtmlReportSupport.onFailure(HtmlReportSupport.java:780)
	at com.ctaf.utilities.Reporter.failureReport(Reporter.java:92)
	at com.ctaf.accelerators.ActionEngine.JSClick(ActionEngine.java:1923)
	at tv.hooq.web.scripts.HOOQ_Web_TVOD_Rent_With_CC.HOOQ_Web_TVOD_Rent_With_CC(HOOQ_Web_TVOD_Rent_With_CC.java:50)
	at org.apache.maven.surefire.testng.TestNGExecutor.run(TestNGExecutor.java:122)
	at org.apache.maven.surefire.testng.TestNGXmlTestSuite.execute(TestNGXmlTestSuite.java:92)
	at org.apache.maven.surefire.testng.TestNGProvider.invoke(TestNGProvider.java:101)
	at org.apache.maven.surefire.util.ReflectionUtils.invokeMethodWithArray(ReflectionUtils.java:164)
	at org.apache.maven.surefire.booter.ProviderFactory$ProviderProxy.invoke(ProviderFactory.java:110)
	at org.apache.maven.surefire.booter.SurefireStarter.invokeProvider(SurefireStarter.java:172)
	at org.apache.maven.surefire.booter.SurefireStarter.runSuitesInProcessWhenForked(SurefireStarter.java:104)
	at org.apache.maven.surefire.booter.ForkedBooter.main(ForkedBooter.java:70)
... Removed 28 stack frames]]>
    </failure>
  </testcase> <!-- HOOQ_Web_TVOD_Rent_With_CC -->
  <testcase name="HOOQ_Web_TVOD_Rent_With_CC" time="188.11" classname="tv.hooq.web.scripts.HOOQ_Web_TVOD_Rent_With_CC"/>
  <testcase name="HOOQ_Web_TVOD_Rent_With_Ticket" time="137.46" classname="tv.hooq.web.scripts.HOOQ_Web_TVOD_Rent_With_Ticket">
    <failure type="java.lang.AssertionError" message="Step MouseOver  Failed with description MouseOver Action was &amp;lt;b&amp;gt;NOT&amp;lt;/b&amp;gt; perform on &amp;lt;b&amp;gt;Header Navigation&amp;lt;/b&amp;gt; expected [true] but found [false]">
      <![CDATA[java.lang.AssertionError: Step MouseOver  Failed with description MouseOver Action was <b>NOT</b> perform on <b>Header Navigation</b> expected [true] but found [false]
	at com.ctaf.support.HtmlReportSupport.onFailure(HtmlReportSupport.java:780)
	at com.ctaf.utilities.Reporter.failureReport(Reporter.java:92)
	at com.ctaf.accelerators.ActionEngine.mouseHoverByJavaScript(ActionEngine.java:1874)
	at tv.hooq.web.workflows.HOOQWorkflows.navigateToFavorite(HOOQWorkflows.java:680)
	at tv.hooq.web.workflows.HOOQWorkflows.fnClearListFaviorite(HOOQWorkflows.java:1174)
	at tv.hooq.web.scripts.HOOQ_Web_TVOD_Rent_With_Ticket.HOOQ_Web_TVOD_Rent_With_Ticket(HOOQ_Web_TVOD_Rent_With_Ticket.java:33)
	at org.apache.maven.surefire.testng.TestNGExecutor.run(TestNGExecutor.java:122)
	at org.apache.maven.surefire.testng.TestNGXmlTestSuite.execute(TestNGXmlTestSuite.java:92)
	at org.apache.maven.surefire.testng.TestNGProvider.invoke(TestNGProvider.java:101)
	at org.apache.maven.surefire.util.ReflectionUtils.invokeMethodWithArray(ReflectionUtils.java:164)
	at org.apache.maven.surefire.booter.ProviderFactory$ProviderProxy.invoke(ProviderFactory.java:110)
	at org.apache.maven.surefire.booter.SurefireStarter.invokeProvider(SurefireStarter.java:172)
	at org.apache.maven.surefire.booter.SurefireStarter.runSuitesInProcessWhenForked(SurefireStarter.java:104)
	at org.apache.maven.surefire.booter.ForkedBooter.main(ForkedBooter.java:70)
... Removed 28 stack frames]]>
    </failure>
  </testcase> <!-- HOOQ_Web_TVOD_Rent_With_Ticket -->
  <testcase name="HOOQ_Web_Verify_Favorite" time="140.887" classname="tv.hooq.web.scripts.HOOQ_Web_Verify_Favorite">
    <failure type="java.lang.AssertionError" message="Step MouseOver  Failed with description MouseOver Action was &amp;lt;b&amp;gt;NOT&amp;lt;/b&amp;gt; perform on &amp;lt;b&amp;gt;Header Navigation&amp;lt;/b&amp;gt; expected [true] but found [false]">
      <![CDATA[java.lang.AssertionError: Step MouseOver  Failed with description MouseOver Action was <b>NOT</b> perform on <b>Header Navigation</b> expected [true] but found [false]
	at com.ctaf.support.HtmlReportSupport.onFailure(HtmlReportSupport.java:780)
	at com.ctaf.utilities.Reporter.failureReport(Reporter.java:92)
	at com.ctaf.accelerators.ActionEngine.mouseHoverByJavaScript(ActionEngine.java:1874)
	at tv.hooq.web.workflows.HOOQWorkflows.navigateToFavorite(HOOQWorkflows.java:680)
	at tv.hooq.web.workflows.HOOQWorkflows.fnClearListFaviorite(HOOQWorkflows.java:1174)
	at tv.hooq.web.workflows.HOOQWorkflows.fnVerifyHomePageBannerFavorite(HOOQWorkflows.java:7572)
	at tv.hooq.web.scripts.HOOQ_Web_Verify_Favorite.HOOQ_Web_Verify_Favorite(HOOQ_Web_Verify_Favorite.java:33)
	at org.apache.maven.surefire.testng.TestNGExecutor.run(TestNGExecutor.java:122)
	at org.apache.maven.surefire.testng.TestNGXmlTestSuite.execute(TestNGXmlTestSuite.java:92)
	at org.apache.maven.surefire.testng.TestNGProvider.invoke(TestNGProvider.java:101)
	at org.apache.maven.surefire.util.ReflectionUtils.invokeMethodWithArray(ReflectionUtils.java:164)
	at org.apache.maven.surefire.booter.ProviderFactory$ProviderProxy.invoke(ProviderFactory.java:110)
	at org.apache.maven.surefire.booter.SurefireStarter.invokeProvider(SurefireStarter.java:172)
	at org.apache.maven.surefire.booter.SurefireStarter.runSuitesInProcessWhenForked(SurefireStarter.java:104)
	at org.apache.maven.surefire.booter.ForkedBooter.main(ForkedBooter.java:70)
... Removed 28 stack frames]]>
    </failure>
  </testcase> <!-- HOOQ_Web_Verify_Favorite -->
  <testcase name="HOOQ_Web_Verify_Favorite" time="136.928" classname="tv.hooq.web.scripts.HOOQ_Web_Verify_Favorite">
    <failure type="java.lang.AssertionError" message="Step MouseOver  Failed with description MouseOver Action was &amp;lt;b&amp;gt;NOT&amp;lt;/b&amp;gt; perform on &amp;lt;b&amp;gt;Header Navigation&amp;lt;/b&amp;gt; expected [true] but found [false]">
      <![CDATA[java.lang.AssertionError: Step MouseOver  Failed with description MouseOver Action was <b>NOT</b> perform on <b>Header Navigation</b> expected [true] but found [false]
	at com.ctaf.support.HtmlReportSupport.onFailure(HtmlReportSupport.java:780)
	at com.ctaf.utilities.Reporter.failureReport(Reporter.java:92)
	at com.ctaf.accelerators.ActionEngine.mouseHoverByJavaScript(ActionEngine.java:1874)
	at tv.hooq.web.workflows.HOOQWorkflows.navigateToFavorite(HOOQWorkflows.java:680)
	at tv.hooq.web.workflows.HOOQWorkflows.fnClearListFaviorite(HOOQWorkflows.java:1174)
	at tv.hooq.web.workflows.HOOQWorkflows.fnVerifyHomePageBannerFavorite(HOOQWorkflows.java:7572)
	at tv.hooq.web.scripts.HOOQ_Web_Verify_Favorite.HOOQ_Web_Verify_Favorite(HOOQ_Web_Verify_Favorite.java:33)
	at org.apache.maven.surefire.testng.TestNGExecutor.run(TestNGExecutor.java:122)
	at org.apache.maven.surefire.testng.TestNGXmlTestSuite.execute(TestNGXmlTestSuite.java:92)
	at org.apache.maven.surefire.testng.TestNGProvider.invoke(TestNGProvider.java:101)
	at org.apache.maven.surefire.util.ReflectionUtils.invokeMethodWithArray(ReflectionUtils.java:164)
	at org.apache.maven.surefire.booter.ProviderFactory$ProviderProxy.invoke(ProviderFactory.java:110)
	at org.apache.maven.surefire.booter.SurefireStarter.invokeProvider(SurefireStarter.java:172)
	at org.apache.maven.surefire.booter.SurefireStarter.runSuitesInProcessWhenForked(SurefireStarter.java:104)
	at org.apache.maven.surefire.booter.ForkedBooter.main(ForkedBooter.java:70)
... Removed 28 stack frames]]>
    </failure>
  </testcase> <!-- HOOQ_Web_Verify_Favorite -->
  <testcase name="HOOQ_Web_Verify_PlayBack_From_History" time="142.209" classname="tv.hooq.web.scripts.HOOQ_Web_Verify_PlayBack_From_History">
    <failure type="java.lang.AssertionError" message="Step MouseOver  Failed with description MouseOver Action was &amp;lt;b&amp;gt;NOT&amp;lt;/b&amp;gt; perform on &amp;lt;b&amp;gt;Header Navigation&amp;lt;/b&amp;gt; expected [true] but found [false]">
      <![CDATA[java.lang.AssertionError: Step MouseOver  Failed with description MouseOver Action was <b>NOT</b> perform on <b>Header Navigation</b> expected [true] but found [false]
	at com.ctaf.support.HtmlReportSupport.onFailure(HtmlReportSupport.java:780)
	at com.ctaf.utilities.Reporter.failureReport(Reporter.java:92)
	at com.ctaf.accelerators.ActionEngine.mouseHoverByJavaScript(ActionEngine.java:1874)
	at tv.hooq.web.workflows.HOOQWorkflows.navigateToHistory(HOOQWorkflows.java:702)
	at tv.hooq.web.workflows.HOOQWorkflows.fnClearListHistory(HOOQWorkflows.java:1217)
	at tv.hooq.web.scripts.HOOQ_Web_Verify_PlayBack_From_History.HOOQ_Web_Verify_PlayBack_From_History(HOOQ_Web_Verify_PlayBack_From_History.java:33)
	at org.apache.maven.surefire.testng.TestNGExecutor.run(TestNGExecutor.java:122)
	at org.apache.maven.surefire.testng.TestNGXmlTestSuite.execute(TestNGXmlTestSuite.java:92)
	at org.apache.maven.surefire.testng.TestNGProvider.invoke(TestNGProvider.java:101)
	at org.apache.maven.surefire.util.ReflectionUtils.invokeMethodWithArray(ReflectionUtils.java:164)
	at org.apache.maven.surefire.booter.ProviderFactory$ProviderProxy.invoke(ProviderFactory.java:110)
	at org.apache.maven.surefire.booter.SurefireStarter.invokeProvider(SurefireStarter.java:172)
	at org.apache.maven.surefire.booter.SurefireStarter.runSuitesInProcessWhenForked(SurefireStarter.java:104)
	at org.apache.maven.surefire.booter.ForkedBooter.main(ForkedBooter.java:70)
... Removed 28 stack frames]]>
    </failure>
  </testcase> <!-- HOOQ_Web_Verify_PlayBack_From_History -->
  <testcase name="HOOQ_Web_Verify_PlayBack_Watch_Later_Favorite" time="147.135" classname="tv.hooq.web.scripts.HOOQ_Web_Verify_PlayBack_Watch_Later_Favorite">
    <failure type="java.lang.AssertionError" message="Step MouseOver  Failed with description MouseOver Action was &amp;lt;b&amp;gt;NOT&amp;lt;/b&amp;gt; perform on &amp;lt;b&amp;gt;Header Navigation&amp;lt;/b&amp;gt; expected [true] but found [false]">
      <![CDATA[java.lang.AssertionError: Step MouseOver  Failed with description MouseOver Action was <b>NOT</b> perform on <b>Header Navigation</b> expected [true] but found [false]
	at com.ctaf.support.HtmlReportSupport.onFailure(HtmlReportSupport.java:780)
	at com.ctaf.utilities.Reporter.failureReport(Reporter.java:92)
	at com.ctaf.accelerators.ActionEngine.mouseHoverByJavaScript(ActionEngine.java:1874)
	at tv.hooq.web.workflows.HOOQWorkflows.navigateToFavorite(HOOQWorkflows.java:680)
	at tv.hooq.web.workflows.HOOQWorkflows.fnClearListFaviorite(HOOQWorkflows.java:1174)
	at tv.hooq.web.workflows.HOOQWorkflows.fnVerifyFavoritesContenDetails(HOOQWorkflows.java:1608)
	at tv.hooq.web.scripts.HOOQ_Web_Verify_PlayBack_Watch_Later_Favorite.HOOQ_Web_Verify_PlayBack_Watch_Later_Favorite(HOOQ_Web_Verify_PlayBack_Watch_Later_Favorite.java:33)
	at org.apache.maven.surefire.testng.TestNGExecutor.run(TestNGExecutor.java:122)
	at org.apache.maven.surefire.testng.TestNGXmlTestSuite.execute(TestNGXmlTestSuite.java:92)
	at org.apache.maven.surefire.testng.TestNGProvider.invoke(TestNGProvider.java:101)
	at org.apache.maven.surefire.util.ReflectionUtils.invokeMethodWithArray(ReflectionUtils.java:164)
	at org.apache.maven.surefire.booter.ProviderFactory$ProviderProxy.invoke(ProviderFactory.java:110)
	at org.apache.maven.surefire.booter.SurefireStarter.invokeProvider(SurefireStarter.java:172)
	at org.apache.maven.surefire.booter.SurefireStarter.runSuitesInProcessWhenForked(SurefireStarter.java:104)
	at org.apache.maven.surefire.booter.ForkedBooter.main(ForkedBooter.java:70)
... Removed 28 stack frames]]>
    </failure>
  </testcase> <!-- HOOQ_Web_Verify_PlayBack_Watch_Later_Favorite -->
  <testcase name="HOOQ_Web_Verify_PlayBack_Watch_Later_Favorite" time="137.272" classname="tv.hooq.web.scripts.HOOQ_Web_Verify_PlayBack_Watch_Later_Favorite">
    <failure type="java.lang.AssertionError" message="Step MouseOver  Failed with description MouseOver Action was &amp;lt;b&amp;gt;NOT&amp;lt;/b&amp;gt; perform on &amp;lt;b&amp;gt;Header Navigation&amp;lt;/b&amp;gt; expected [true] but found [false]">
      <![CDATA[java.lang.AssertionError: Step MouseOver  Failed with description MouseOver Action was <b>NOT</b> perform on <b>Header Navigation</b> expected [true] but found [false]
	at com.ctaf.support.HtmlReportSupport.onFailure(HtmlReportSupport.java:780)
	at com.ctaf.utilities.Reporter.failureReport(Reporter.java:92)
	at com.ctaf.accelerators.ActionEngine.mouseHoverByJavaScript(ActionEngine.java:1874)
	at tv.hooq.web.workflows.HOOQWorkflows.navigateToFavorite(HOOQWorkflows.java:680)
	at tv.hooq.web.workflows.HOOQWorkflows.fnClearListFaviorite(HOOQWorkflows.java:1174)
	at tv.hooq.web.workflows.HOOQWorkflows.fnVerifyFavoritesContenDetails(HOOQWorkflows.java:1608)
	at tv.hooq.web.scripts.HOOQ_Web_Verify_PlayBack_Watch_Later_Favorite.HOOQ_Web_Verify_PlayBack_Watch_Later_Favorite(HOOQ_Web_Verify_PlayBack_Watch_Later_Favorite.java:33)
	at org.apache.maven.surefire.testng.TestNGExecutor.run(TestNGExecutor.java:122)
	at org.apache.maven.surefire.testng.TestNGXmlTestSuite.execute(TestNGXmlTestSuite.java:92)
	at org.apache.maven.surefire.testng.TestNGProvider.invoke(TestNGProvider.java:101)
	at org.apache.maven.surefire.util.ReflectionUtils.invokeMethodWithArray(ReflectionUtils.java:164)
	at org.apache.maven.surefire.booter.ProviderFactory$ProviderProxy.invoke(ProviderFactory.java:110)
	at org.apache.maven.surefire.booter.SurefireStarter.invokeProvider(SurefireStarter.java:172)
	at org.apache.maven.surefire.booter.SurefireStarter.runSuitesInProcessWhenForked(SurefireStarter.java:104)
	at org.apache.maven.surefire.booter.ForkedBooter.main(ForkedBooter.java:70)
... Removed 28 stack frames]]>
    </failure>
  </testcase> <!-- HOOQ_Web_Verify_PlayBack_Watch_Later_Favorite -->
  <testcase name="HOOQ_Web_Verify_PlayBack_Watch_Later_Favorite" time="136.994" classname="tv.hooq.web.scripts.HOOQ_Web_Verify_PlayBack_Watch_Later_Favorite">
    <failure type="java.lang.AssertionError" message="Step MouseOver  Failed with description MouseOver Action was &amp;lt;b&amp;gt;NOT&amp;lt;/b&amp;gt; perform on &amp;lt;b&amp;gt;Header Navigation&amp;lt;/b&amp;gt; expected [true] but found [false]">
      <![CDATA[java.lang.AssertionError: Step MouseOver  Failed with description MouseOver Action was <b>NOT</b> perform on <b>Header Navigation</b> expected [true] but found [false]
	at com.ctaf.support.HtmlReportSupport.onFailure(HtmlReportSupport.java:780)
	at com.ctaf.utilities.Reporter.failureReport(Reporter.java:92)
	at com.ctaf.accelerators.ActionEngine.mouseHoverByJavaScript(ActionEngine.java:1874)
	at tv.hooq.web.workflows.HOOQWorkflows.navigateToFavorite(HOOQWorkflows.java:680)
	at tv.hooq.web.workflows.HOOQWorkflows.fnClearListFaviorite(HOOQWorkflows.java:1174)
	at tv.hooq.web.workflows.HOOQWorkflows.fnVerifyFavoritesContenDetails(HOOQWorkflows.java:1608)
	at tv.hooq.web.scripts.HOOQ_Web_Verify_PlayBack_Watch_Later_Favorite.HOOQ_Web_Verify_PlayBack_Watch_Later_Favorite(HOOQ_Web_Verify_PlayBack_Watch_Later_Favorite.java:33)
	at org.apache.maven.surefire.testng.TestNGExecutor.run(TestNGExecutor.java:122)
	at org.apache.maven.surefire.testng.TestNGXmlTestSuite.execute(TestNGXmlTestSuite.java:92)
	at org.apache.maven.surefire.testng.TestNGProvider.invoke(TestNGProvider.java:101)
	at org.apache.maven.surefire.util.ReflectionUtils.invokeMethodWithArray(ReflectionUtils.java:164)
	at org.apache.maven.surefire.booter.ProviderFactory$ProviderProxy.invoke(ProviderFactory.java:110)
	at org.apache.maven.surefire.booter.SurefireStarter.invokeProvider(SurefireStarter.java:172)
	at org.apache.maven.surefire.booter.SurefireStarter.runSuitesInProcessWhenForked(SurefireStarter.java:104)
	at org.apache.maven.surefire.booter.ForkedBooter.main(ForkedBooter.java:70)
... Removed 28 stack frames]]>
    </failure>
  </testcase> <!-- HOOQ_Web_Verify_PlayBack_Watch_Later_Favorite -->
  <testcase name="HOOQ_Web_Verify_Voucher" time="140.251" classname="tv.hooq.web.scripts.HOOQ_Web_Verify_Voucher">
    <failure type="java.lang.AssertionError" message="Step MouseOver  Failed with description MouseOver Action was &amp;lt;b&amp;gt;NOT&amp;lt;/b&amp;gt; perform on &amp;lt;b&amp;gt;Header Navigation&amp;lt;/b&amp;gt; expected [true] but found [false]">
      <![CDATA[java.lang.AssertionError: Step MouseOver  Failed with description MouseOver Action was <b>NOT</b> perform on <b>Header Navigation</b> expected [true] but found [false]
	at com.ctaf.support.HtmlReportSupport.onFailure(HtmlReportSupport.java:780)
	at com.ctaf.utilities.Reporter.failureReport(Reporter.java:92)
	at com.ctaf.accelerators.ActionEngine.mouseHoverByJavaScript(ActionEngine.java:1874)
	at tv.hooq.web.workflows.HOOQWorkflows.navigateToSubscription(HOOQWorkflows.java:669)
	at tv.hooq.web.scripts.HOOQ_Web_Verify_Voucher.HOOQ_Web_Verify_Voucher(HOOQ_Web_Verify_Voucher.java:32)
	at org.apache.maven.surefire.testng.TestNGExecutor.run(TestNGExecutor.java:122)
	at org.apache.maven.surefire.testng.TestNGXmlTestSuite.execute(TestNGXmlTestSuite.java:92)
	at org.apache.maven.surefire.testng.TestNGProvider.invoke(TestNGProvider.java:101)
	at org.apache.maven.surefire.util.ReflectionUtils.invokeMethodWithArray(ReflectionUtils.java:164)
	at org.apache.maven.surefire.booter.ProviderFactory$ProviderProxy.invoke(ProviderFactory.java:110)
	at org.apache.maven.surefire.booter.SurefireStarter.invokeProvider(SurefireStarter.java:172)
	at org.apache.maven.surefire.booter.SurefireStarter.runSuitesInProcessWhenForked(SurefireStarter.java:104)
	at org.apache.maven.surefire.booter.ForkedBooter.main(ForkedBooter.java:70)
... Removed 28 stack frames]]>
    </failure>
  </testcase> <!-- HOOQ_Web_Verify_Voucher -->
  <testcase name="HOOQ_Web_Verify_Voucher" time="139.169" classname="tv.hooq.web.scripts.HOOQ_Web_Verify_Voucher">
    <failure type="java.lang.AssertionError" message="Step MouseOver  Failed with description MouseOver Action was &amp;lt;b&amp;gt;NOT&amp;lt;/b&amp;gt; perform on &amp;lt;b&amp;gt;Header Navigation&amp;lt;/b&amp;gt; expected [true] but found [false]">
      <![CDATA[java.lang.AssertionError: Step MouseOver  Failed with description MouseOver Action was <b>NOT</b> perform on <b>Header Navigation</b> expected [true] but found [false]
	at com.ctaf.support.HtmlReportSupport.onFailure(HtmlReportSupport.java:780)
	at com.ctaf.utilities.Reporter.failureReport(Reporter.java:92)
	at com.ctaf.accelerators.ActionEngine.mouseHoverByJavaScript(ActionEngine.java:1874)
	at tv.hooq.web.workflows.HOOQWorkflows.navigateToSubscription(HOOQWorkflows.java:669)
	at tv.hooq.web.scripts.HOOQ_Web_Verify_Voucher.HOOQ_Web_Verify_Voucher(HOOQ_Web_Verify_Voucher.java:32)
	at org.apache.maven.surefire.testng.TestNGExecutor.run(TestNGExecutor.java:122)
	at org.apache.maven.surefire.testng.TestNGXmlTestSuite.execute(TestNGXmlTestSuite.java:92)
	at org.apache.maven.surefire.testng.TestNGProvider.invoke(TestNGProvider.java:101)
	at org.apache.maven.surefire.util.ReflectionUtils.invokeMethodWithArray(ReflectionUtils.java:164)
	at org.apache.maven.surefire.booter.ProviderFactory$ProviderProxy.invoke(ProviderFactory.java:110)
	at org.apache.maven.surefire.booter.SurefireStarter.invokeProvider(SurefireStarter.java:172)
	at org.apache.maven.surefire.booter.SurefireStarter.runSuitesInProcessWhenForked(SurefireStarter.java:104)
	at org.apache.maven.surefire.booter.ForkedBooter.main(ForkedBooter.java:70)
... Removed 28 stack frames]]>
    </failure>
  </testcase> <!-- HOOQ_Web_Verify_Voucher -->
  <testcase name="HOOQ_Web_Verify_Voucher" time="136.739" classname="tv.hooq.web.scripts.HOOQ_Web_Verify_Voucher">
    <failure type="java.lang.AssertionError" message="Step MouseOver  Failed with description MouseOver Action was &amp;lt;b&amp;gt;NOT&amp;lt;/b&amp;gt; perform on &amp;lt;b&amp;gt;Header Navigation&amp;lt;/b&amp;gt; expected [true] but found [false]">
      <![CDATA[java.lang.AssertionError: Step MouseOver  Failed with description MouseOver Action was <b>NOT</b> perform on <b>Header Navigation</b> expected [true] but found [false]
	at com.ctaf.support.HtmlReportSupport.onFailure(HtmlReportSupport.java:780)
	at com.ctaf.utilities.Reporter.failureReport(Reporter.java:92)
	at com.ctaf.accelerators.ActionEngine.mouseHoverByJavaScript(ActionEngine.java:1874)
	at tv.hooq.web.workflows.HOOQWorkflows.navigateToSubscription(HOOQWorkflows.java:669)
	at tv.hooq.web.scripts.HOOQ_Web_Verify_Voucher.HOOQ_Web_Verify_Voucher(HOOQ_Web_Verify_Voucher.java:32)
	at org.apache.maven.surefire.testng.TestNGExecutor.run(TestNGExecutor.java:122)
	at org.apache.maven.surefire.testng.TestNGXmlTestSuite.execute(TestNGXmlTestSuite.java:92)
	at org.apache.maven.surefire.testng.TestNGProvider.invoke(TestNGProvider.java:101)
	at org.apache.maven.surefire.util.ReflectionUtils.invokeMethodWithArray(ReflectionUtils.java:164)
	at org.apache.maven.surefire.booter.ProviderFactory$ProviderProxy.invoke(ProviderFactory.java:110)
	at org.apache.maven.surefire.booter.SurefireStarter.invokeProvider(SurefireStarter.java:172)
	at org.apache.maven.surefire.booter.SurefireStarter.runSuitesInProcessWhenForked(SurefireStarter.java:104)
	at org.apache.maven.surefire.booter.ForkedBooter.main(ForkedBooter.java:70)
... Removed 28 stack frames]]>
    </failure>
  </testcase> <!-- HOOQ_Web_Verify_Voucher -->
  <testcase name="HOOQ_Web_Verify_WatchLater" time="146.173" classname="tv.hooq.web.scripts.HOOQ_Web_Verify_WatchLater">
    <failure type="java.lang.AssertionError" message="Step MouseOver  Failed with description MouseOver Action was &amp;lt;b&amp;gt;NOT&amp;lt;/b&amp;gt; perform on &amp;lt;b&amp;gt;Header Navigation&amp;lt;/b&amp;gt; expected [true] but found [false]">
      <![CDATA[java.lang.AssertionError: Step MouseOver  Failed with description MouseOver Action was <b>NOT</b> perform on <b>Header Navigation</b> expected [true] but found [false]
	at com.ctaf.support.HtmlReportSupport.onFailure(HtmlReportSupport.java:780)
	at com.ctaf.utilities.Reporter.failureReport(Reporter.java:92)
	at com.ctaf.accelerators.ActionEngine.mouseHoverByJavaScript(ActionEngine.java:1874)
	at tv.hooq.web.workflows.HOOQWorkflows.navigateToWatchlater(HOOQWorkflows.java:691)
	at tv.hooq.web.workflows.HOOQWorkflows.fnClearListWatchlater(HOOQWorkflows.java:1290)
	at tv.hooq.web.workflows.HOOQWorkflows.fnVerifyWatchLaterHomeScreen(HOOQWorkflows.java:1477)
	at tv.hooq.web.scripts.HOOQ_Web_Verify_WatchLater.HOOQ_Web_Verify_WatchLater(HOOQ_Web_Verify_WatchLater.java:33)
	at org.apache.maven.surefire.testng.TestNGExecutor.run(TestNGExecutor.java:122)
	at org.apache.maven.surefire.testng.TestNGXmlTestSuite.execute(TestNGXmlTestSuite.java:92)
	at org.apache.maven.surefire.testng.TestNGProvider.invoke(TestNGProvider.java:101)
	at org.apache.maven.surefire.util.ReflectionUtils.invokeMethodWithArray(ReflectionUtils.java:164)
	at org.apache.maven.surefire.booter.ProviderFactory$ProviderProxy.invoke(ProviderFactory.java:110)
	at org.apache.maven.surefire.booter.SurefireStarter.invokeProvider(SurefireStarter.java:172)
	at org.apache.maven.surefire.booter.SurefireStarter.runSuitesInProcessWhenForked(SurefireStarter.java:104)
	at org.apache.maven.surefire.booter.ForkedBooter.main(ForkedBooter.java:70)
... Removed 28 stack frames]]>
    </failure>
  </testcase> <!-- HOOQ_Web_Verify_WatchLater -->
  <testcase name="HOOQ_Web_Verify_WatchLater" time="141.111" classname="tv.hooq.web.scripts.HOOQ_Web_Verify_WatchLater">
    <failure type="java.lang.AssertionError" message="Step MouseOver  Failed with description MouseOver Action was &amp;lt;b&amp;gt;NOT&amp;lt;/b&amp;gt; perform on &amp;lt;b&amp;gt;Header Navigation&amp;lt;/b&amp;gt; expected [true] but found [false]">
      <![CDATA[java.lang.AssertionError: Step MouseOver  Failed with description MouseOver Action was <b>NOT</b> perform on <b>Header Navigation</b> expected [true] but found [false]
	at com.ctaf.support.HtmlReportSupport.onFailure(HtmlReportSupport.java:780)
	at com.ctaf.utilities.Reporter.failureReport(Reporter.java:92)
	at com.ctaf.accelerators.ActionEngine.mouseHoverByJavaScript(ActionEngine.java:1874)
	at tv.hooq.web.workflows.HOOQWorkflows.navigateToWatchlater(HOOQWorkflows.java:691)
	at tv.hooq.web.workflows.HOOQWorkflows.fnClearListWatchlater(HOOQWorkflows.java:1290)
	at tv.hooq.web.workflows.HOOQWorkflows.fnVerifyWatchLaterHomeScreen(HOOQWorkflows.java:1477)
	at tv.hooq.web.scripts.HOOQ_Web_Verify_WatchLater.HOOQ_Web_Verify_WatchLater(HOOQ_Web_Verify_WatchLater.java:33)
	at org.apache.maven.surefire.testng.TestNGExecutor.run(TestNGExecutor.java:122)
	at org.apache.maven.surefire.testng.TestNGXmlTestSuite.execute(TestNGXmlTestSuite.java:92)
	at org.apache.maven.surefire.testng.TestNGProvider.invoke(TestNGProvider.java:101)
	at org.apache.maven.surefire.util.ReflectionUtils.invokeMethodWithArray(ReflectionUtils.java:164)
	at org.apache.maven.surefire.booter.ProviderFactory$ProviderProxy.invoke(ProviderFactory.java:110)
	at org.apache.maven.surefire.booter.SurefireStarter.invokeProvider(SurefireStarter.java:172)
	at org.apache.maven.surefire.booter.SurefireStarter.runSuitesInProcessWhenForked(SurefireStarter.java:104)
	at org.apache.maven.surefire.booter.ForkedBooter.main(ForkedBooter.java:70)
... Removed 28 stack frames]]>
    </failure>
  </testcase> <!-- HOOQ_Web_Verify_WatchLater -->
</testsuite> <!-- Grouping -->
