<?xml version="1.0" encoding="UTF-8"?>
<!-- Generated by org.testng.reporters.JUnitXMLReporter -->
<testsuite hostname="CTLINDT-0119" name="Grouping" tests="16" failures="2" timestamp="27 Apr 2017 06:15:23 GMT" time="5665.295" errors="0">
  <testcase name="HOOQ_Web_Sanity_FaceBookLogin" time="8.551" classname="tv.hooq.web.script.sanity.HOOQ_Web_Sanity_FaceBookLogin"/>
  <testcase name="HOOQ_Web_Sanity_Home_Page_VerifyHomePage" time="113.872" classname="tv.hooq.web.script.sanity.HOOQ_Web_Sanity_Home_Page_VerifyHomePage"/>
  <testcase name="HOOQ_Web_Sanity_Home_Page_VerifyHomePage" time="32.775" classname="tv.hooq.web.script.sanity.HOOQ_Web_Sanity_Home_Page_VerifyHomePage"/>
  <testcase name="HOOQ_Web_Player_Settings_UserAccess" time="267.781" classname="tv.hooq.web.script.sanity.HOOQ_Web_Sanity_Player_Settings_UserAccess"/>
  <testcase name="HOOQ_Web_Player_Settings_UserAccess" time="242.61" classname="tv.hooq.web.script.sanity.HOOQ_Web_Sanity_Player_Settings_UserAccess">
    <failure type="java.lang.AssertionError" message="Step VerifyText  Failed with description &amp;lt;b&amp;gt;Subscribe to HOOQ&amp;lt;/b&amp;gt; is &amp;lt;b&amp;gt;NOT&amp;lt;/b&amp;gt; present in the location: &amp;lt;b&amp;gt;Subscribe to HOOQ&amp;lt;/b&amp;gt; expected [true] but found [false]">
      <![CDATA[java.lang.AssertionError: Step VerifyText  Failed with description <b>Subscribe to HOOQ</b> is <b>NOT</b> present in the location: <b>Subscribe to HOOQ</b> expected [true] but found [false]
	at org.testng.Assert.fail(Assert.java:94)
	at org.testng.Assert.failNotEquals(Assert.java:494)
	at org.testng.Assert.assertTrue(Assert.java:42)
	at com.ctaf.support.HtmlReportSupport.onFailure(HtmlReportSupport.java:780)
	at com.ctaf.utilities.Reporter.failureReport(Reporter.java:92)
	at com.ctaf.accelerators.ActionEngine.verifyText(ActionEngine.java:1517)
	at tv.hooq.web.workflows.HOOQWorkflows.verifyTimesUpScreen(HOOQWorkflows.java:222)
	at tv.hooq.web.workflows.HOOQWorkflows.verifyPlaybackOfItem(HOOQWorkflows.java:301)
	at tv.hooq.web.script.sanity.HOOQ_Web_Sanity_Player_Settings_UserAccess.HOOQ_Web_Player_Settings_UserAccess(HOOQ_Web_Sanity_Player_Settings_UserAccess.java:84)
	at sun.reflect.NativeMethodAccessorImpl.invoke0(Native Method)
	at sun.reflect.NativeMethodAccessorImpl.invoke(Unknown Source)
	at sun.reflect.DelegatingMethodAccessorImpl.invoke(Unknown Source)
	at java.lang.reflect.Method.invoke(Unknown Source)
	at org.testng.internal.MethodInvocationHelper.invokeMethod(MethodInvocationHelper.java:80)
	at org.testng.internal.Invoker.invokeMethod(Invoker.java:714)
	at org.testng.internal.Invoker.invokeTestMethod(Invoker.java:901)
	at org.testng.internal.Invoker.invokeTestMethods(Invoker.java:1231)
	at org.testng.internal.TestMethodWorker.invokeTestMethods(TestMethodWorker.java:127)
	at org.testng.internal.TestMethodWorker.run(TestMethodWorker.java:111)
	at org.testng.TestRunner.privateRun(TestRunner.java:767)
	at org.testng.TestRunner.run(TestRunner.java:617)
	at org.testng.SuiteRunner.runTest(SuiteRunner.java:334)
	at org.testng.SuiteRunner.runSequentially(SuiteRunner.java:329)
	at org.testng.SuiteRunner.privateRun(SuiteRunner.java:291)
	at org.testng.SuiteRunner.run(SuiteRunner.java:240)
	at org.testng.SuiteRunnerWorker.runSuite(SuiteRunnerWorker.java:52)
	at org.testng.SuiteRunnerWorker.run(SuiteRunnerWorker.java:86)
	at org.testng.TestNG.runSuitesSequentially(TestNG.java:1198)
	at org.testng.TestNG.runSuitesLocally(TestNG.java:1123)
	at org.testng.TestNG.run(TestNG.java:1031)
	at org.testng.remote.AbstractRemoteTestNG.run(AbstractRemoteTestNG.java:132)
	at org.testng.remote.RemoteTestNG.initAndRun(RemoteTestNG.java:236)
	at org.testng.remote.RemoteTestNG.main(RemoteTestNG.java:81)
]]>
    </failure>
  </testcase> <!-- HOOQ_Web_Player_Settings_UserAccess -->
  <testcase name="HOOQ_Web_Player_Settings_UserAccess" time="54.978" classname="tv.hooq.web.script.sanity.HOOQ_Web_Sanity_Player_Settings_UserAccess"/>
  <testcase name="HOOQ_Web_Player_Settings_UserAccess" time="66.816" classname="tv.hooq.web.script.sanity.HOOQ_Web_Sanity_Player_Settings_UserAccess">
    <failure type="java.lang.AssertionError" message="Step MouseOver  Failed with description MouseOver Action was &amp;lt;b&amp;gt;NOT&amp;lt;/b&amp;gt; perform on &amp;lt;b&amp;gt;Header Navigation&amp;lt;/b&amp;gt; expected [true] but found [false]">
      <![CDATA[java.lang.AssertionError: Step MouseOver  Failed with description MouseOver Action was <b>NOT</b> perform on <b>Header Navigation</b> expected [true] but found [false]
	at org.testng.Assert.fail(Assert.java:94)
	at org.testng.Assert.failNotEquals(Assert.java:494)
	at org.testng.Assert.assertTrue(Assert.java:42)
	at com.ctaf.support.HtmlReportSupport.onFailure(HtmlReportSupport.java:780)
	at com.ctaf.utilities.Reporter.failureReport(Reporter.java:92)
	at com.ctaf.accelerators.ActionEngine.mouseHoverByJavaScript(ActionEngine.java:1874)
	at tv.hooq.web.workflows.HOOQWorkflows.logOut(HOOQWorkflows.java:328)
	at tv.hooq.web.script.sanity.HOOQ_Web_Sanity_Player_Settings_UserAccess.HOOQ_Web_Player_Settings_UserAccess(HOOQ_Web_Sanity_Player_Settings_UserAccess.java:105)
	at sun.reflect.NativeMethodAccessorImpl.invoke0(Native Method)
	at sun.reflect.NativeMethodAccessorImpl.invoke(Unknown Source)
	at sun.reflect.DelegatingMethodAccessorImpl.invoke(Unknown Source)
	at java.lang.reflect.Method.invoke(Unknown Source)
	at org.testng.internal.MethodInvocationHelper.invokeMethod(MethodInvocationHelper.java:80)
	at org.testng.internal.Invoker.invokeMethod(Invoker.java:714)
	at org.testng.internal.Invoker.invokeTestMethod(Invoker.java:901)
	at org.testng.internal.Invoker.invokeTestMethods(Invoker.java:1231)
	at org.testng.internal.TestMethodWorker.invokeTestMethods(TestMethodWorker.java:127)
	at org.testng.internal.TestMethodWorker.run(TestMethodWorker.java:111)
	at org.testng.TestRunner.privateRun(TestRunner.java:767)
	at org.testng.TestRunner.run(TestRunner.java:617)
	at org.testng.SuiteRunner.runTest(SuiteRunner.java:334)
	at org.testng.SuiteRunner.runSequentially(SuiteRunner.java:329)
	at org.testng.SuiteRunner.privateRun(SuiteRunner.java:291)
	at org.testng.SuiteRunner.run(SuiteRunner.java:240)
	at org.testng.SuiteRunnerWorker.runSuite(SuiteRunnerWorker.java:52)
	at org.testng.SuiteRunnerWorker.run(SuiteRunnerWorker.java:86)
	at org.testng.TestNG.runSuitesSequentially(TestNG.java:1198)
	at org.testng.TestNG.runSuitesLocally(TestNG.java:1123)
	at org.testng.TestNG.run(TestNG.java:1031)
	at org.testng.remote.AbstractRemoteTestNG.run(AbstractRemoteTestNG.java:132)
	at org.testng.remote.RemoteTestNG.initAndRun(RemoteTestNG.java:236)
	at org.testng.remote.RemoteTestNG.main(RemoteTestNG.java:81)
]]>
    </failure>
  </testcase> <!-- HOOQ_Web_Player_Settings_UserAccess -->
  <testcase name="HOOQ_Web_Sanity_Search_ContentDetails" time="154.15" classname="tv.hooq.web.script.sanity.HOOQ_Web_Sanity_Search_ContentDetails"/>
  <testcase name="HOOQ_Web_Sanity_Search_ContentDetails" time="108.451" classname="tv.hooq.web.script.sanity.HOOQ_Web_Sanity_Search_ContentDetails"/>
  <testcase name="HOOQ_Web_Sanity_Settings" time="201.827" classname="tv.hooq.web.script.sanity.HOOQ_Web_Sanity_Settings"/>
  <testcase name="HOOQ_Web_Sanity_Subscription_Checking_Payment_Method" time="636.126" classname="tv.hooq.web.script.sanity.HOOQ_Web_Sanity_Subscription_Checking_Payment_Method"/>
  <testcase name="HOOQ_Web_Subscription_CheckingPaymentPlan" time="190.64" classname="tv.hooq.web.script.sanity.HOOQ_Web_Sanity_Subscription_CheckingPaymentPlan"/>
  <testcase name="HOOQ_Web_Sanity_Support" time="133.643" classname="tv.hooq.web.script.sanity.HOOQ_Web_Sanity_Support"/>
  <testcase name="HOOQ_Web_Sanity_Support" time="250.936" classname="tv.hooq.web.script.sanity.HOOQ_Web_Sanity_Support"/>
  <testcase name="HOOQ_Web_Sanity_Verify_WatchLater" time="1474.529" classname="tv.hooq.web.script.sanity.HOOQ_Web_Sanity_Verify_WatchLater"/>
  <testcase name="HOOQ_Web_Saniti_Verify_Favorite" time="1540.997" classname="tv.hooq.web.script.sanity.HOOQ_Web_Saniti_Verify_Favorite"/>
</testsuite> <!-- Grouping -->
