<?xml version="1.0" encoding="UTF-8"?>
<!-- Generated by org.testng.reporters.JUnitXMLReporter -->
<testsuite hostname="HW0865" name="Grouping" tests="31" failures="7" timestamp="5 Aug 2016 10:16:37 GMT" time="6977.443" errors="0">
  <testcase name="smokeTestBookNow" time="65.261" classname="com.androidMobile.scripts.RP_Smoke_TestBookNow"/>
  <testcase name="smokeTestHomeMainMenu" time="45.562" classname="com.androidMobile.scripts.RP_Smoke_TestHomeMainMenu"/>
  <testcase name="smokeTestMyAccount" time="184.11" classname="com.androidMobile.scripts.RP_Smoke_TestMyAccount"/>
  <testcase name="smokeTestRetrieveBookings" time="39.106" classname="com.androidMobile.scripts.RP_Smoke_TestRetrieveBookings"/>
  <testcase name="testTestLoginFromMyAccount" time="81.145" classname="com.androidMobile.scripts.RP_001_TestLoginFromMyAccount"/>
  <testcase name="testTestLoginFromMyAccount" time="62.372" classname="com.androidMobile.scripts.RP_001_TestLoginFromMyAccount"/>
  <testcase name="testTestLoginFromMyAccount" time="64.495" classname="com.androidMobile.scripts.RP_001_TestLoginFromMyAccount"/>
  <testcase name="testTestLoginFromMyAccount" time="47.211" classname="com.androidMobile.scripts.RP_001_TestLoginFromMyAccount"/>
  <testcase name="testTestLoginFromMyAccount" time="137.93" classname="com.androidMobile.scripts.RP_001_TestLoginFromMyAccount"/>
  <testcase name="testLogInFromBookingScreen" time="172.836" classname="com.androidMobile.scripts.RP_002_TestLogInFromBookingScreen"/>
  <testcase name="testSearchHotels" time="58.941" classname="com.androidMobile.scripts.RP_003_TestSearchHotels"/>
  <testcase name="testSearchHotels" time="874.132" classname="com.androidMobile.scripts.RP_003_TestSearchHotels">
    <failure type="java.lang.AssertionError" message="Step WaitForElementPresent  Failed with description Falied to locate element searchButton expected [true] but found [false]">
      <![CDATA[java.lang.AssertionError: Step WaitForElementPresent  Failed with description Falied to locate element searchButton expected [true] but found [false]
	at org.testng.Assert.fail(Assert.java:94)
	at org.testng.Assert.failNotEquals(Assert.java:494)
	at org.testng.Assert.assertTrue(Assert.java:42)
	at com.ctaf.support.HtmlReportSupport.onFailure(HtmlReportSupport.java:779)
	at com.ctaf.utilities.Reporter.failureReport(Reporter.java:91)
	at com.ctaf.accelerators.ActionEngine.waitForElementPresent(ActionEngine.java:658)
	at com.androidMobile.scripts.RP_003_TestSearchHotels.testSearchHotels(RP_003_TestSearchHotels.java:37)
	at sun.reflect.NativeMethodAccessorImpl.invoke0(Native Method)
	at sun.reflect.NativeMethodAccessorImpl.invoke(NativeMethodAccessorImpl.java:57)
	at sun.reflect.DelegatingMethodAccessorImpl.invoke(DelegatingMethodAccessorImpl.java:43)
	at java.lang.reflect.Method.invoke(Method.java:601)
	at org.testng.internal.MethodInvocationHelper.invokeMethod(MethodInvocationHelper.java:80)
	at org.testng.internal.Invoker.invokeMethod(Invoker.java:714)
	at org.testng.internal.Invoker.invokeTestMethod(Invoker.java:901)
	at org.testng.internal.Invoker.invokeTestMethods(Invoker.java:1231)
	at org.testng.internal.TestMethodWorker.invokeTestMethods(TestMethodWorker.java:127)
	at org.testng.internal.TestMethodWorker.run(TestMethodWorker.java:111)
	at org.testng.TestRunner.privateRun(TestRunner.java:767)
	at org.testng.TestRunner.run(TestRunner.java:617)
	at org.testng.SuiteRunner.runTest(SuiteRunner.java:334)
	at org.testng.SuiteRunner.runSequentially(SuiteRunner.java:329)
	at org.testng.SuiteRunner.privateRun(SuiteRunner.java:291)
	at org.testng.SuiteRunner.run(SuiteRunner.java:240)
	at org.testng.SuiteRunnerWorker.runSuite(SuiteRunnerWorker.java:52)
	at org.testng.SuiteRunnerWorker.run(SuiteRunnerWorker.java:86)
	at org.testng.TestNG.runSuitesSequentially(TestNG.java:1198)
	at org.testng.TestNG.runSuitesLocally(TestNG.java:1123)
	at org.testng.TestNG.run(TestNG.java:1031)
	at org.testng.remote.RemoteTestNG.run(RemoteTestNG.java:115)
	at org.testng.remote.RemoteTestNG.initAndRun(RemoteTestNG.java:207)
	at org.testng.remote.RemoteTestNG.main(RemoteTestNG.java:178)
]]>
    </failure>
  </testcase> <!-- testSearchHotels -->
  <testcase name="testGuestBookingFromHome" time="0.159" classname="com.androidMobile.scripts.RP_004_TestGuestBookingFromHome">
    <failure type="org.testng.TestNGException" message="
The data provider is trying to pass 10 parameters but the method com.androidMobile.scripts.RP_004_TestGuestBookingFromHome#testGuestBookingFromHome takes 11 and TestNG is unable in inject a suitable object">
      <![CDATA[org.testng.TestNGException: 
The data provider is trying to pass 10 parameters but the method com.androidMobile.scripts.RP_004_TestGuestBookingFromHome#testGuestBookingFromHome takes 11 and TestNG is unable in inject a suitable object
	at org.testng.internal.Invoker.injectParameters(Invoker.java:1361)
	at org.testng.internal.Invoker.invokeTestMethods(Invoker.java:1225)
	at org.testng.internal.TestMethodWorker.invokeTestMethods(TestMethodWorker.java:127)
	at org.testng.internal.TestMethodWorker.run(TestMethodWorker.java:111)
	at org.testng.TestRunner.privateRun(TestRunner.java:767)
	at org.testng.TestRunner.run(TestRunner.java:617)
	at org.testng.SuiteRunner.runTest(SuiteRunner.java:334)
	at org.testng.SuiteRunner.runSequentially(SuiteRunner.java:329)
	at org.testng.SuiteRunner.privateRun(SuiteRunner.java:291)
	at org.testng.SuiteRunner.run(SuiteRunner.java:240)
	at org.testng.SuiteRunnerWorker.runSuite(SuiteRunnerWorker.java:52)
	at org.testng.SuiteRunnerWorker.run(SuiteRunnerWorker.java:86)
	at org.testng.TestNG.runSuitesSequentially(TestNG.java:1198)
	at org.testng.TestNG.runSuitesLocally(TestNG.java:1123)
	at org.testng.TestNG.run(TestNG.java:1031)
	at org.testng.remote.RemoteTestNG.run(RemoteTestNG.java:115)
	at org.testng.remote.RemoteTestNG.initAndRun(RemoteTestNG.java:207)
	at org.testng.remote.RemoteTestNG.main(RemoteTestNG.java:178)
Caused by: java.lang.ArrayIndexOutOfBoundsException: 10
	at org.testng.internal.Invoker.injectParameters(Invoker.java:1359)
	... 17 more
]]>
    </failure>
  </testcase> <!-- testGuestBookingFromHome -->
  <testcase name="testGuestBookingFromBookNow" time="0.001" classname="com.androidMobile.scripts.RP_005_TestGuestBookingFromBookNow">
    <failure type="org.testng.TestNGException" message="
The data provider is trying to pass 10 parameters but the method com.androidMobile.scripts.RP_005_TestGuestBookingFromBookNow#testGuestBookingFromBookNow takes 11 and TestNG is unable in inject a suitable object">
      <![CDATA[org.testng.TestNGException: 
The data provider is trying to pass 10 parameters but the method com.androidMobile.scripts.RP_005_TestGuestBookingFromBookNow#testGuestBookingFromBookNow takes 11 and TestNG is unable in inject a suitable object
	at org.testng.internal.Invoker.injectParameters(Invoker.java:1361)
	at org.testng.internal.Invoker.invokeTestMethods(Invoker.java:1225)
	at org.testng.internal.TestMethodWorker.invokeTestMethods(TestMethodWorker.java:127)
	at org.testng.internal.TestMethodWorker.run(TestMethodWorker.java:111)
	at org.testng.TestRunner.privateRun(TestRunner.java:767)
	at org.testng.TestRunner.run(TestRunner.java:617)
	at org.testng.SuiteRunner.runTest(SuiteRunner.java:334)
	at org.testng.SuiteRunner.runSequentially(SuiteRunner.java:329)
	at org.testng.SuiteRunner.privateRun(SuiteRunner.java:291)
	at org.testng.SuiteRunner.run(SuiteRunner.java:240)
	at org.testng.SuiteRunnerWorker.runSuite(SuiteRunnerWorker.java:52)
	at org.testng.SuiteRunnerWorker.run(SuiteRunnerWorker.java:86)
	at org.testng.TestNG.runSuitesSequentially(TestNG.java:1198)
	at org.testng.TestNG.runSuitesLocally(TestNG.java:1123)
	at org.testng.TestNG.run(TestNG.java:1031)
	at org.testng.remote.RemoteTestNG.run(RemoteTestNG.java:115)
	at org.testng.remote.RemoteTestNG.initAndRun(RemoteTestNG.java:207)
	at org.testng.remote.RemoteTestNG.main(RemoteTestNG.java:178)
Caused by: java.lang.ArrayIndexOutOfBoundsException: 10
	at org.testng.internal.Invoker.injectParameters(Invoker.java:1359)
	... 17 more
]]>
    </failure>
  </testcase> <!-- testGuestBookingFromBookNow -->
  <testcase name="testBookingAsAMember" time="290.689" classname="com.androidMobile.scripts.RP_006_TestBookingAsAMember">
    <failure type="java.lang.AssertionError" message="Step Type  Failed with description Data typing action is not perform on EmailInput with data is rphtest112@gmail.com expected [true] but found [false]">
      <![CDATA[java.lang.AssertionError: Step Type  Failed with description Data typing action is not perform on EmailInput with data is rphtest112@gmail.com expected [true] but found [false]
	at org.testng.Assert.fail(Assert.java:94)
	at org.testng.Assert.failNotEquals(Assert.java:494)
	at org.testng.Assert.assertTrue(Assert.java:42)
	at com.ctaf.support.HtmlReportSupport.onFailure(HtmlReportSupport.java:779)
	at com.ctaf.utilities.Reporter.failureReport(Reporter.java:91)
	at com.ctaf.accelerators.ActionEngine.type(ActionEngine.java:382)
	at com.androidMobile.workflows.BookingPageHelper.populateGuestDetails(BookingPageHelper.java:44)
	at com.androidMobile.scripts.RP_006_TestBookingAsAMember.testBookingAsAMember(RP_006_TestBookingAsAMember.java:64)
	at sun.reflect.NativeMethodAccessorImpl.invoke0(Native Method)
	at sun.reflect.NativeMethodAccessorImpl.invoke(NativeMethodAccessorImpl.java:57)
	at sun.reflect.DelegatingMethodAccessorImpl.invoke(DelegatingMethodAccessorImpl.java:43)
	at java.lang.reflect.Method.invoke(Method.java:601)
	at org.testng.internal.MethodInvocationHelper.invokeMethod(MethodInvocationHelper.java:80)
	at org.testng.internal.Invoker.invokeMethod(Invoker.java:714)
	at org.testng.internal.Invoker.invokeTestMethod(Invoker.java:901)
	at org.testng.internal.Invoker.invokeTestMethods(Invoker.java:1231)
	at org.testng.internal.TestMethodWorker.invokeTestMethods(TestMethodWorker.java:127)
	at org.testng.internal.TestMethodWorker.run(TestMethodWorker.java:111)
	at org.testng.TestRunner.privateRun(TestRunner.java:767)
	at org.testng.TestRunner.run(TestRunner.java:617)
	at org.testng.SuiteRunner.runTest(SuiteRunner.java:334)
	at org.testng.SuiteRunner.runSequentially(SuiteRunner.java:329)
	at org.testng.SuiteRunner.privateRun(SuiteRunner.java:291)
	at org.testng.SuiteRunner.run(SuiteRunner.java:240)
	at org.testng.SuiteRunnerWorker.runSuite(SuiteRunnerWorker.java:52)
	at org.testng.SuiteRunnerWorker.run(SuiteRunnerWorker.java:86)
	at org.testng.TestNG.runSuitesSequentially(TestNG.java:1198)
	at org.testng.TestNG.runSuitesLocally(TestNG.java:1123)
	at org.testng.TestNG.run(TestNG.java:1031)
	at org.testng.remote.RemoteTestNG.run(RemoteTestNG.java:115)
	at org.testng.remote.RemoteTestNG.initAndRun(RemoteTestNG.java:207)
	at org.testng.remote.RemoteTestNG.main(RemoteTestNG.java:178)
]]>
    </failure>
  </testcase> <!-- testBookingAsAMember -->
  <testcase name="testRetriveBookingAsGuest" time="345.519" classname="com.androidMobile.scripts.RP_007_RetriveBookingAsGuest"/>
  <testcase name="retriveBookingAsMember" time="493.546" classname="com.androidMobile.scripts.RP_008_RetriveBookingAsMember">
    <failure type="java.lang.AssertionError" message="Step Click Failed with description Unable to click on MyBookingButtonInMyBookingsPage expected [true] but found [false]">
      <![CDATA[java.lang.AssertionError: Step Click Failed with description Unable to click on MyBookingButtonInMyBookingsPage expected [true] but found [false]
	at org.testng.Assert.fail(Assert.java:94)
	at org.testng.Assert.failNotEquals(Assert.java:494)
	at org.testng.Assert.assertTrue(Assert.java:42)
	at com.ctaf.support.HtmlReportSupport.onFailure(HtmlReportSupport.java:779)
	at com.ctaf.utilities.Reporter.failureReport(Reporter.java:91)
	at com.ctaf.accelerators.ActionEngine.click(ActionEngine.java:91)
	at com.androidMobile.scripts.RP_008_RetriveBookingAsMember.retriveBookingAsMember(RP_008_RetriveBookingAsMember.java:83)
	at sun.reflect.NativeMethodAccessorImpl.invoke0(Native Method)
	at sun.reflect.NativeMethodAccessorImpl.invoke(NativeMethodAccessorImpl.java:57)
	at sun.reflect.DelegatingMethodAccessorImpl.invoke(DelegatingMethodAccessorImpl.java:43)
	at java.lang.reflect.Method.invoke(Method.java:601)
	at org.testng.internal.MethodInvocationHelper.invokeMethod(MethodInvocationHelper.java:80)
	at org.testng.internal.Invoker.invokeMethod(Invoker.java:714)
	at org.testng.internal.Invoker.invokeTestMethod(Invoker.java:901)
	at org.testng.internal.Invoker.invokeTestMethods(Invoker.java:1231)
	at org.testng.internal.TestMethodWorker.invokeTestMethods(TestMethodWorker.java:127)
	at org.testng.internal.TestMethodWorker.run(TestMethodWorker.java:111)
	at org.testng.TestRunner.privateRun(TestRunner.java:767)
	at org.testng.TestRunner.run(TestRunner.java:617)
	at org.testng.SuiteRunner.runTest(SuiteRunner.java:334)
	at org.testng.SuiteRunner.runSequentially(SuiteRunner.java:329)
	at org.testng.SuiteRunner.privateRun(SuiteRunner.java:291)
	at org.testng.SuiteRunner.run(SuiteRunner.java:240)
	at org.testng.SuiteRunnerWorker.runSuite(SuiteRunnerWorker.java:52)
	at org.testng.SuiteRunnerWorker.run(SuiteRunnerWorker.java:86)
	at org.testng.TestNG.runSuitesSequentially(TestNG.java:1198)
	at org.testng.TestNG.runSuitesLocally(TestNG.java:1123)
	at org.testng.TestNG.run(TestNG.java:1031)
	at org.testng.remote.RemoteTestNG.run(RemoteTestNG.java:115)
	at org.testng.remote.RemoteTestNG.initAndRun(RemoteTestNG.java:207)
	at org.testng.remote.RemoteTestNG.main(RemoteTestNG.java:178)
]]>
    </failure>
  </testcase> <!-- retriveBookingAsMember -->
  <testcase name="testSignUpUser" time="202.156" classname="com.androidMobile.scripts.RP_009_TestSignUpUser"/>
  <testcase name="testSignUpUser" time="240.519" classname="com.androidMobile.scripts.RP_009_TestSignUpUser"/>
  <testcase name="ResetPassword" time="89.196" classname="com.androidMobile.scripts.RP_011_Forgot_Password"/>
  <testcase name="ResetPassword" time="100.121" classname="com.androidMobile.scripts.RP_011_Forgot_Password"/>
  <testcase name="ResetPassword" time="126.563" classname="com.androidMobile.scripts.RP_011_Forgot_Password"/>
  <testcase name="ResetPassword" time="275.979" classname="com.androidMobile.scripts.RP_011_Forgot_Password">
    <failure type="java.lang.AssertionError" message="Step WaitForElementPresent  Failed with description Falied to locate element composeButton expected [true] but found [false]">
      <![CDATA[java.lang.AssertionError: Step WaitForElementPresent  Failed with description Falied to locate element composeButton expected [true] but found [false]
	at org.testng.Assert.fail(Assert.java:94)
	at org.testng.Assert.failNotEquals(Assert.java:494)
	at org.testng.Assert.assertTrue(Assert.java:42)
	at com.ctaf.support.HtmlReportSupport.onFailure(HtmlReportSupport.java:779)
	at com.ctaf.utilities.Reporter.failureReport(Reporter.java:91)
	at com.androidMobile.workflows.GmailHelper.waitForElementPresent(GmailHelper.java:175)
	at com.androidMobile.workflows.GmailHelper.ResetPasswordViaGmail(GmailHelper.java:42)
	at com.androidMobile.scripts.RP_011_Forgot_Password.ResetPassword(RP_011_Forgot_Password.java:94)
	at sun.reflect.NativeMethodAccessorImpl.invoke0(Native Method)
	at sun.reflect.NativeMethodAccessorImpl.invoke(NativeMethodAccessorImpl.java:57)
	at sun.reflect.DelegatingMethodAccessorImpl.invoke(DelegatingMethodAccessorImpl.java:43)
	at java.lang.reflect.Method.invoke(Method.java:601)
	at org.testng.internal.MethodInvocationHelper.invokeMethod(MethodInvocationHelper.java:80)
	at org.testng.internal.Invoker.invokeMethod(Invoker.java:714)
	at org.testng.internal.Invoker.invokeTestMethod(Invoker.java:901)
	at org.testng.internal.Invoker.invokeTestMethods(Invoker.java:1231)
	at org.testng.internal.TestMethodWorker.invokeTestMethods(TestMethodWorker.java:127)
	at org.testng.internal.TestMethodWorker.run(TestMethodWorker.java:111)
	at org.testng.TestRunner.privateRun(TestRunner.java:767)
	at org.testng.TestRunner.run(TestRunner.java:617)
	at org.testng.SuiteRunner.runTest(SuiteRunner.java:334)
	at org.testng.SuiteRunner.runSequentially(SuiteRunner.java:329)
	at org.testng.SuiteRunner.privateRun(SuiteRunner.java:291)
	at org.testng.SuiteRunner.run(SuiteRunner.java:240)
	at org.testng.SuiteRunnerWorker.runSuite(SuiteRunnerWorker.java:52)
	at org.testng.SuiteRunnerWorker.run(SuiteRunnerWorker.java:86)
	at org.testng.TestNG.runSuitesSequentially(TestNG.java:1198)
	at org.testng.TestNG.runSuitesLocally(TestNG.java:1123)
	at org.testng.TestNG.run(TestNG.java:1031)
	at org.testng.remote.RemoteTestNG.run(RemoteTestNG.java:115)
	at org.testng.remote.RemoteTestNG.initAndRun(RemoteTestNG.java:207)
	at org.testng.remote.RemoteTestNG.main(RemoteTestNG.java:178)
]]>
    </failure>
  </testcase> <!-- ResetPassword -->
  <testcase name="testInHousePhone" time="189.986" classname="com.androidMobile.scripts.RP_014_TestInHousePhone"/>
  <testcase name="testInHousePhone" time="216.894" classname="com.androidMobile.scripts.RP_014_TestInHousePhone"/>
  <testcase name="testInHousePhone" time="211.954" classname="com.androidMobile.scripts.RP_014_TestInHousePhone"/>
  <testcase name="testChatWithFrontDesk" time="291.289" classname="com.androidMobile.scripts.RP_015_TestChatWithFrontDesk"/>
  <testcase name="testLocalAttractions" time="293.059" classname="com.androidMobile.scripts.RP_016_TestTabsLocalAttractions"/>
  <testcase name="testInputCreditCards" time="362.914" classname="com.androidMobile.scripts.RP_017_TestInputCreditCards"/>
  <testcase name="testInputCreditCards" time="348.459" classname="com.androidMobile.scripts.RP_017_TestInputCreditCards"/>
  <testcase name="testInputCreditCards" time="851.757" classname="com.androidMobile.scripts.RP_017_TestInputCreditCards">
    <failure type="java.lang.AssertionError" message="Step WaitForElementPresent  Failed with description Falied to locate element bookNowMenuLink expected [true] but found [false]">
      <![CDATA[java.lang.AssertionError: Step WaitForElementPresent  Failed with description Falied to locate element bookNowMenuLink expected [true] but found [false]
	at org.testng.Assert.fail(Assert.java:94)
	at org.testng.Assert.failNotEquals(Assert.java:494)
	at org.testng.Assert.assertTrue(Assert.java:42)
	at com.ctaf.support.HtmlReportSupport.onFailure(HtmlReportSupport.java:779)
	at com.ctaf.utilities.Reporter.failureReport(Reporter.java:91)
	at com.ctaf.accelerators.ActionEngine.waitForElementPresent(ActionEngine.java:658)
	at com.androidMobile.workflows.HomePageHelper.navigateToBookNow(HomePageHelper.java:87)
	at com.androidMobile.scripts.RP_017_TestInputCreditCards.testInputCreditCards(RP_017_TestInputCreditCards.java:33)
	at sun.reflect.NativeMethodAccessorImpl.invoke0(Native Method)
	at sun.reflect.NativeMethodAccessorImpl.invoke(NativeMethodAccessorImpl.java:57)
	at sun.reflect.DelegatingMethodAccessorImpl.invoke(DelegatingMethodAccessorImpl.java:43)
	at java.lang.reflect.Method.invoke(Method.java:601)
	at org.testng.internal.MethodInvocationHelper.invokeMethod(MethodInvocationHelper.java:80)
	at org.testng.internal.Invoker.invokeMethod(Invoker.java:714)
	at org.testng.internal.Invoker.invokeTestMethod(Invoker.java:901)
	at org.testng.internal.Invoker.invokeTestMethods(Invoker.java:1231)
	at org.testng.internal.TestMethodWorker.invokeTestMethods(TestMethodWorker.java:127)
	at org.testng.internal.TestMethodWorker.run(TestMethodWorker.java:111)
	at org.testng.TestRunner.privateRun(TestRunner.java:767)
	at org.testng.TestRunner.run(TestRunner.java:617)
	at org.testng.SuiteRunner.runTest(SuiteRunner.java:334)
	at org.testng.SuiteRunner.runSequentially(SuiteRunner.java:329)
	at org.testng.SuiteRunner.privateRun(SuiteRunner.java:291)
	at org.testng.SuiteRunner.run(SuiteRunner.java:240)
	at org.testng.SuiteRunnerWorker.runSuite(SuiteRunnerWorker.java:52)
	at org.testng.SuiteRunnerWorker.run(SuiteRunnerWorker.java:86)
	at org.testng.TestNG.runSuitesSequentially(TestNG.java:1198)
	at org.testng.TestNG.runSuitesLocally(TestNG.java:1123)
	at org.testng.TestNG.run(TestNG.java:1031)
	at org.testng.remote.RemoteTestNG.run(RemoteTestNG.java:115)
	at org.testng.remote.RemoteTestNG.initAndRun(RemoteTestNG.java:207)
	at org.testng.remote.RemoteTestNG.main(RemoteTestNG.java:178)
]]>
    </failure>
  </testcase> <!-- testInputCreditCards -->
</testsuite> <!-- Grouping -->
