<html>
<head>
<title>TestNG:  Grouping</title>
<link href="../testng.css" rel="stylesheet" type="text/css" />
<link href="../my-testng.css" rel="stylesheet" type="text/css" />

<style type="text/css">
.log { display: none;} 
.stack-trace { display: none;} 
</style>
<script type="text/javascript">
<!--
function flip(e) {
  current = e.style.display;
  if (current == 'block') {
    e.style.display = 'none';
    return 0;
  }
  else {
    e.style.display = 'block';
    return 1;
  }
}

function toggleBox(szDivId, elem, msg1, msg2)
{
  var res = -1;  if (document.getElementById) {
    res = flip(document.getElementById(szDivId));
  }
  else if (document.all) {
    // this is the way old msie versions work
    res = flip(document.all[szDivId]);
  }
  if(elem) {
    if(res == 0) elem.innerHTML = msg1; else elem.innerHTML = msg2;
  }

}

function toggleAllBoxes() {
  if (document.getElementsByTagName) {
    d = document.getElementsByTagName('div');
    for (i = 0; i < d.length; i++) {
      if (d[i].className == 'log') {
        flip(d[i]);
      }
    }
  }
}

// -->
</script>

</head>
<body>
<h2 align='center'>Grouping</h2><table border='1' align="center">
<tr>
<td>Tests passed/Failed/Skipped:</td><td>24/7/0</td>
</tr><tr>
<td>Started on:</td><td>Fri Aug 05 13:50:18 IST 2016</td>
</tr>
<tr><td>Total time:</td><td>6977 seconds (6977443 ms)</td>
</tr><tr>
<td>Included groups:</td><td>Android </td>
</tr><tr>
<td>Excluded groups:</td><td></td>
</tr>
</table><p/>
<small><i>(Hover the method name to see the test class name)</i></small><p/>
<table width='100%' border='1' class='invocation-failed'>
<tr><td colspan='4' align='center'><b>FAILED TESTS</b></td></tr>
<tr><td><b>Test method</b></td>
<td width="30%"><b>Exception</b></td>
<td width="10%"><b>Time (seconds)</b></td>
<td><b>Instance</b></td>
</tr>
<tr>
<td title='com.androidMobile.scripts.RP_011_Forgot_Password.ResetPassword()'><b>ResetPassword</b><br>Test class: com.androidMobile.scripts.RP_011_Forgot_Password<br>Parameters: nirmal4testing@gmail.com, Cigniti@123, Password, Reset password and Validate</td>
<td><div><pre>java.lang.AssertionError: Step WaitForElementPresent  Failed with description Falied to locate element composeButton expected [true] but found [false]
	at org.testng.Assert.fail(Assert.java:94)
	at org.testng.Assert.failNotEquals(Assert.java:494)
	at org.testng.Assert.assertTrue(Assert.java:42)
	at com.ctaf.support.HtmlReportSupport.onFailure(HtmlReportSupport.java:779)
	at com.ctaf.utilities.Reporter.failureReport(Reporter.java:91)
	at com.androidMobile.workflows.GmailHelper.waitForElementPresent(GmailHelper.java:175)
	at com.androidMobile.workflows.GmailHelper.ResetPasswordViaGmail(GmailHelper.java:42)
	at com.androidMobile.scripts.RP_011_Forgot_Password.ResetPassword(RP_011_Forgot_Password.java:94)
	at sun.reflect.NativeMethodAccessorImpl.invoke0(Native Method)
	at sun.reflect.NativeMethodAccessorImpl.invoke(NativeMethodAccessorImpl.java:57)
	at sun.reflect.DelegatingMethodAccessorImpl.invoke(DelegatingMethodAccessorImpl.java:43)
	at java.lang.reflect.Method.invoke(Method.java:601)
	at org.testng.internal.MethodInvocationHelper.invokeMethod(MethodInvocationHelper.java:80)
	at org.testng.internal.Invoker.invokeMethod(Invoker.java:714)
	at org.testng.internal.Invoker.invokeTestMethod(Invoker.java:901)
	at org.testng.internal.Invoker.invokeTestMethods(Invoker.java:1231)
	at org.testng.internal.TestMethodWorker.invokeTestMethods(TestMethodWorker.java:127)
	at org.testng.internal.TestMethodWorker.run(TestMethodWorker.java:111)
	at org.testng.TestRunner.privateRun(TestRunner.java:767)
	at org.testng.TestRunner.run(TestRunner.java:617)
	at org.testng.SuiteRunner.runTest(SuiteRunner.java:334)
	at org.testng.SuiteRunner.runSequentially(SuiteRunner.java:329)
	at org.testng.SuiteRunner.privateRun(SuiteRunner.java:291)
	at org.testng.SuiteRunner.run(SuiteRunner.java:240)
	at org.testng.SuiteRunnerWorker.runSuite(SuiteRunnerWorker.java:52)
	at org.testng.SuiteRunnerWorker.run(SuiteRunnerWorker.java:86)
	at org.testng.TestNG.runSuitesSequentially(TestNG.java:1198)
	at org.testng.TestNG.runSuitesLocally(TestNG.java:1123)
	at org.testng.TestNG.run(TestNG.java:1031)
	at org.testng.remote.RemoteTestNG.run(RemoteTestNG.java:115)
	at org.testng.remote.RemoteTestNG.initAndRun(RemoteTestNG.java:207)
	at org.testng.remote.RemoteTestNG.main(RemoteTestNG.java:178)
</pre></div><a href='#' onClick='toggleBox("stack-trace1474372151", this, "Click to show all stack frames", "Click to hide stack frames")'>Click to show all stack frames</a>
<div class='stack-trace' id='stack-trace1474372151'><pre>java.lang.AssertionError: Step WaitForElementPresent  Failed with description Falied to locate element composeButton expected [true] but found [false]
	at org.testng.Assert.fail(Assert.java:94)
	at org.testng.Assert.failNotEquals(Assert.java:494)
	at org.testng.Assert.assertTrue(Assert.java:42)
	at com.ctaf.support.HtmlReportSupport.onFailure(HtmlReportSupport.java:779)
	at com.ctaf.utilities.Reporter.failureReport(Reporter.java:91)
	at com.androidMobile.workflows.GmailHelper.waitForElementPresent(GmailHelper.java:175)
	at com.androidMobile.workflows.GmailHelper.ResetPasswordViaGmail(GmailHelper.java:42)
	at com.androidMobile.scripts.RP_011_Forgot_Password.ResetPassword(RP_011_Forgot_Password.java:94)
	at sun.reflect.NativeMethodAccessorImpl.invoke0(Native Method)
	at sun.reflect.NativeMethodAccessorImpl.invoke(NativeMethodAccessorImpl.java:57)
	at sun.reflect.DelegatingMethodAccessorImpl.invoke(DelegatingMethodAccessorImpl.java:43)
	at java.lang.reflect.Method.invoke(Method.java:601)
	at org.testng.internal.MethodInvocationHelper.invokeMethod(MethodInvocationHelper.java:80)
	at org.testng.internal.Invoker.invokeMethod(Invoker.java:714)
	at org.testng.internal.Invoker.invokeTestMethod(Invoker.java:901)
	at org.testng.internal.Invoker.invokeTestMethods(Invoker.java:1231)
	at org.testng.internal.TestMethodWorker.invokeTestMethods(TestMethodWorker.java:127)
	at org.testng.internal.TestMethodWorker.run(TestMethodWorker.java:111)
	at org.testng.TestRunner.privateRun(TestRunner.java:767)
	at org.testng.TestRunner.run(TestRunner.java:617)
	at org.testng.SuiteRunner.runTest(SuiteRunner.java:334)
	at org.testng.SuiteRunner.runSequentially(SuiteRunner.java:329)
	at org.testng.SuiteRunner.privateRun(SuiteRunner.java:291)
	at org.testng.SuiteRunner.run(SuiteRunner.java:240)
	at org.testng.SuiteRunnerWorker.runSuite(SuiteRunnerWorker.java:52)
	at org.testng.SuiteRunnerWorker.run(SuiteRunnerWorker.java:86)
	at org.testng.TestNG.runSuitesSequentially(TestNG.java:1198)
	at org.testng.TestNG.runSuitesLocally(TestNG.java:1123)
	at org.testng.TestNG.run(TestNG.java:1031)
	at org.testng.remote.RemoteTestNG.run(RemoteTestNG.java:115)
	at org.testng.remote.RemoteTestNG.initAndRun(RemoteTestNG.java:207)
	at org.testng.remote.RemoteTestNG.main(RemoteTestNG.java:178)
</pre></div></td>
<td>275</td>
<td>com.androidMobile.scripts.RP_011_Forgot_Password@797ff11f</td></tr>
<tr>
<td title='com.androidMobile.scripts.RP_008_RetriveBookingAsMember.retriveBookingAsMember()'><b>retriveBookingAsMember</b><br>Test class: com.androidMobile.scripts.RP_008_RetriveBookingAsMember<br>Parameters: rphtest112@gmail.com, Password1, Philippines, Ermita, TestFName, TestLName, rphtest112@gmail.com, test, 4005550000000001, 05, 2017, 123, Validate Retrive Booking Details</td>
<td><div><pre>java.lang.AssertionError: Step Click Failed with description Unable to click on MyBookingButtonInMyBookingsPage expected [true] but found [false]
	at org.testng.Assert.fail(Assert.java:94)
	at org.testng.Assert.failNotEquals(Assert.java:494)
	at org.testng.Assert.assertTrue(Assert.java:42)
	at com.ctaf.support.HtmlReportSupport.onFailure(HtmlReportSupport.java:779)
	at com.ctaf.utilities.Reporter.failureReport(Reporter.java:91)
	at com.ctaf.accelerators.ActionEngine.click(ActionEngine.java:91)
	at com.androidMobile.scripts.RP_008_RetriveBookingAsMember.retriveBookingAsMember(RP_008_RetriveBookingAsMember.java:83)
	at sun.reflect.NativeMethodAccessorImpl.invoke0(Native Method)
	at sun.reflect.NativeMethodAccessorImpl.invoke(NativeMethodAccessorImpl.java:57)
	at sun.reflect.DelegatingMethodAccessorImpl.invoke(DelegatingMethodAccessorImpl.java:43)
	at java.lang.reflect.Method.invoke(Method.java:601)
	at org.testng.internal.MethodInvocationHelper.invokeMethod(MethodInvocationHelper.java:80)
	at org.testng.internal.Invoker.invokeMethod(Invoker.java:714)
	at org.testng.internal.Invoker.invokeTestMethod(Invoker.java:901)
	at org.testng.internal.Invoker.invokeTestMethods(Invoker.java:1231)
	at org.testng.internal.TestMethodWorker.invokeTestMethods(TestMethodWorker.java:127)
	at org.testng.internal.TestMethodWorker.run(TestMethodWorker.java:111)
	at org.testng.TestRunner.privateRun(TestRunner.java:767)
	at org.testng.TestRunner.run(TestRunner.java:617)
	at org.testng.SuiteRunner.runTest(SuiteRunner.java:334)
	at org.testng.SuiteRunner.runSequentially(SuiteRunner.java:329)
	at org.testng.SuiteRunner.privateRun(SuiteRunner.java:291)
	at org.testng.SuiteRunner.run(SuiteRunner.java:240)
	at org.testng.SuiteRunnerWorker.runSuite(SuiteRunnerWorker.java:52)
	at org.testng.SuiteRunnerWorker.run(SuiteRunnerWorker.java:86)
	at org.testng.TestNG.runSuitesSequentially(TestNG.java:1198)
	at org.testng.TestNG.runSuitesLocally(TestNG.java:1123)
	at org.testng.TestNG.run(TestNG.java:1031)
	at org.testng.remote.RemoteTestNG.run(RemoteTestNG.java:115)
	at org.testng.remote.RemoteTestNG.initAndRun(RemoteTestNG.java:207)
	at org.testng.remote.RemoteTestNG.main(RemoteTestNG.java:178)
</pre></div><a href='#' onClick='toggleBox("stack-trace1200320659", this, "Click to show all stack frames", "Click to hide stack frames")'>Click to show all stack frames</a>
<div class='stack-trace' id='stack-trace1200320659'><pre>java.lang.AssertionError: Step Click Failed with description Unable to click on MyBookingButtonInMyBookingsPage expected [true] but found [false]
	at org.testng.Assert.fail(Assert.java:94)
	at org.testng.Assert.failNotEquals(Assert.java:494)
	at org.testng.Assert.assertTrue(Assert.java:42)
	at com.ctaf.support.HtmlReportSupport.onFailure(HtmlReportSupport.java:779)
	at com.ctaf.utilities.Reporter.failureReport(Reporter.java:91)
	at com.ctaf.accelerators.ActionEngine.click(ActionEngine.java:91)
	at com.androidMobile.scripts.RP_008_RetriveBookingAsMember.retriveBookingAsMember(RP_008_RetriveBookingAsMember.java:83)
	at sun.reflect.NativeMethodAccessorImpl.invoke0(Native Method)
	at sun.reflect.NativeMethodAccessorImpl.invoke(NativeMethodAccessorImpl.java:57)
	at sun.reflect.DelegatingMethodAccessorImpl.invoke(DelegatingMethodAccessorImpl.java:43)
	at java.lang.reflect.Method.invoke(Method.java:601)
	at org.testng.internal.MethodInvocationHelper.invokeMethod(MethodInvocationHelper.java:80)
	at org.testng.internal.Invoker.invokeMethod(Invoker.java:714)
	at org.testng.internal.Invoker.invokeTestMethod(Invoker.java:901)
	at org.testng.internal.Invoker.invokeTestMethods(Invoker.java:1231)
	at org.testng.internal.TestMethodWorker.invokeTestMethods(TestMethodWorker.java:127)
	at org.testng.internal.TestMethodWorker.run(TestMethodWorker.java:111)
	at org.testng.TestRunner.privateRun(TestRunner.java:767)
	at org.testng.TestRunner.run(TestRunner.java:617)
	at org.testng.SuiteRunner.runTest(SuiteRunner.java:334)
	at org.testng.SuiteRunner.runSequentially(SuiteRunner.java:329)
	at org.testng.SuiteRunner.privateRun(SuiteRunner.java:291)
	at org.testng.SuiteRunner.run(SuiteRunner.java:240)
	at org.testng.SuiteRunnerWorker.runSuite(SuiteRunnerWorker.java:52)
	at org.testng.SuiteRunnerWorker.run(SuiteRunnerWorker.java:86)
	at org.testng.TestNG.runSuitesSequentially(TestNG.java:1198)
	at org.testng.TestNG.runSuitesLocally(TestNG.java:1123)
	at org.testng.TestNG.run(TestNG.java:1031)
	at org.testng.remote.RemoteTestNG.run(RemoteTestNG.java:115)
	at org.testng.remote.RemoteTestNG.initAndRun(RemoteTestNG.java:207)
	at org.testng.remote.RemoteTestNG.main(RemoteTestNG.java:178)
</pre></div></td>
<td>493</td>
<td>com.androidMobile.scripts.RP_008_RetriveBookingAsMember@438f17eb</td></tr>
<tr>
<td title='com.androidMobile.scripts.RP_006_TestBookingAsAMember.testBookingAsAMember()'><b>testBookingAsAMember</b><br>Test class: com.androidMobile.scripts.RP_006_TestBookingAsAMember<br>Parameters: rphtest112@gmail.com, Password1, Philippines, Ermita, RphFname, RphLname, rphtest112@gmail.com, test, 4005550000000001, 05, 2017, 123, true, Validate booking of a Hotel as Member from home screen</td>
<td><div><pre>java.lang.AssertionError: Step Type  Failed with description Data typing action is not perform on EmailInput with data is rphtest112@gmail.com expected [true] but found [false]
	at org.testng.Assert.fail(Assert.java:94)
	at org.testng.Assert.failNotEquals(Assert.java:494)
	at org.testng.Assert.assertTrue(Assert.java:42)
	at com.ctaf.support.HtmlReportSupport.onFailure(HtmlReportSupport.java:779)
	at com.ctaf.utilities.Reporter.failureReport(Reporter.java:91)
	at com.ctaf.accelerators.ActionEngine.type(ActionEngine.java:382)
	at com.androidMobile.workflows.BookingPageHelper.populateGuestDetails(BookingPageHelper.java:44)
	at com.androidMobile.scripts.RP_006_TestBookingAsAMember.testBookingAsAMember(RP_006_TestBookingAsAMember.java:64)
	at sun.reflect.NativeMethodAccessorImpl.invoke0(Native Method)
	at sun.reflect.NativeMethodAccessorImpl.invoke(NativeMethodAccessorImpl.java:57)
	at sun.reflect.DelegatingMethodAccessorImpl.invoke(DelegatingMethodAccessorImpl.java:43)
	at java.lang.reflect.Method.invoke(Method.java:601)
	at org.testng.internal.MethodInvocationHelper.invokeMethod(MethodInvocationHelper.java:80)
	at org.testng.internal.Invoker.invokeMethod(Invoker.java:714)
	at org.testng.internal.Invoker.invokeTestMethod(Invoker.java:901)
	at org.testng.internal.Invoker.invokeTestMethods(Invoker.java:1231)
	at org.testng.internal.TestMethodWorker.invokeTestMethods(TestMethodWorker.java:127)
	at org.testng.internal.TestMethodWorker.run(TestMethodWorker.java:111)
	at org.testng.TestRunner.privateRun(TestRunner.java:767)
	at org.testng.TestRunner.run(TestRunner.java:617)
	at org.testng.SuiteRunner.runTest(SuiteRunner.java:334)
	at org.testng.SuiteRunner.runSequentially(SuiteRunner.java:329)
	at org.testng.SuiteRunner.privateRun(SuiteRunner.java:291)
	at org.testng.SuiteRunner.run(SuiteRunner.java:240)
	at org.testng.SuiteRunnerWorker.runSuite(SuiteRunnerWorker.java:52)
	at org.testng.SuiteRunnerWorker.run(SuiteRunnerWorker.java:86)
	at org.testng.TestNG.runSuitesSequentially(TestNG.java:1198)
	at org.testng.TestNG.runSuitesLocally(TestNG.java:1123)
	at org.testng.TestNG.run(TestNG.java:1031)
	at org.testng.remote.RemoteTestNG.run(RemoteTestNG.java:115)
	at org.testng.remote.RemoteTestNG.initAndRun(RemoteTestNG.java:207)
	at org.testng.remote.RemoteTestNG.main(RemoteTestNG.java:178)
</pre></div><a href='#' onClick='toggleBox("stack-trace1952938692", this, "Click to show all stack frames", "Click to hide stack frames")'>Click to show all stack frames</a>
<div class='stack-trace' id='stack-trace1952938692'><pre>java.lang.AssertionError: Step Type  Failed with description Data typing action is not perform on EmailInput with data is rphtest112@gmail.com expected [true] but found [false]
	at org.testng.Assert.fail(Assert.java:94)
	at org.testng.Assert.failNotEquals(Assert.java:494)
	at org.testng.Assert.assertTrue(Assert.java:42)
	at com.ctaf.support.HtmlReportSupport.onFailure(HtmlReportSupport.java:779)
	at com.ctaf.utilities.Reporter.failureReport(Reporter.java:91)
	at com.ctaf.accelerators.ActionEngine.type(ActionEngine.java:382)
	at com.androidMobile.workflows.BookingPageHelper.populateGuestDetails(BookingPageHelper.java:44)
	at com.androidMobile.scripts.RP_006_TestBookingAsAMember.testBookingAsAMember(RP_006_TestBookingAsAMember.java:64)
	at sun.reflect.NativeMethodAccessorImpl.invoke0(Native Method)
	at sun.reflect.NativeMethodAccessorImpl.invoke(NativeMethodAccessorImpl.java:57)
	at sun.reflect.DelegatingMethodAccessorImpl.invoke(DelegatingMethodAccessorImpl.java:43)
	at java.lang.reflect.Method.invoke(Method.java:601)
	at org.testng.internal.MethodInvocationHelper.invokeMethod(MethodInvocationHelper.java:80)
	at org.testng.internal.Invoker.invokeMethod(Invoker.java:714)
	at org.testng.internal.Invoker.invokeTestMethod(Invoker.java:901)
	at org.testng.internal.Invoker.invokeTestMethods(Invoker.java:1231)
	at org.testng.internal.TestMethodWorker.invokeTestMethods(TestMethodWorker.java:127)
	at org.testng.internal.TestMethodWorker.run(TestMethodWorker.java:111)
	at org.testng.TestRunner.privateRun(TestRunner.java:767)
	at org.testng.TestRunner.run(TestRunner.java:617)
	at org.testng.SuiteRunner.runTest(SuiteRunner.java:334)
	at org.testng.SuiteRunner.runSequentially(SuiteRunner.java:329)
	at org.testng.SuiteRunner.privateRun(SuiteRunner.java:291)
	at org.testng.SuiteRunner.run(SuiteRunner.java:240)
	at org.testng.SuiteRunnerWorker.runSuite(SuiteRunnerWorker.java:52)
	at org.testng.SuiteRunnerWorker.run(SuiteRunnerWorker.java:86)
	at org.testng.TestNG.runSuitesSequentially(TestNG.java:1198)
	at org.testng.TestNG.runSuitesLocally(TestNG.java:1123)
	at org.testng.TestNG.run(TestNG.java:1031)
	at org.testng.remote.RemoteTestNG.run(RemoteTestNG.java:115)
	at org.testng.remote.RemoteTestNG.initAndRun(RemoteTestNG.java:207)
	at org.testng.remote.RemoteTestNG.main(RemoteTestNG.java:178)
</pre></div></td>
<td>290</td>
<td>com.androidMobile.scripts.RP_006_TestBookingAsAMember@676b67f3</td></tr>
<tr>
<td title='com.androidMobile.scripts.RP_005_TestGuestBookingFromBookNow.testGuestBookingFromBookNow()'><b>testGuestBookingFromBookNow</b><br>Test class: com.androidMobile.scripts.RP_005_TestGuestBookingFromBookNow</td>
<td><div><pre>org.testng.TestNGException: 
The data provider is trying to pass 10 parameters but the method com.androidMobile.scripts.RP_005_TestGuestBookingFromBookNow#testGuestBookingFromBookNow takes 11 and TestNG is unable in inject a suitable object
	at org.testng.internal.Invoker.injectParameters(Invoker.java:1361)
	at org.testng.internal.Invoker.invokeTestMethods(Invoker.java:1225)
	at org.testng.internal.TestMethodWorker.invokeTestMethods(TestMethodWorker.java:127)
	at org.testng.internal.TestMethodWorker.run(TestMethodWorker.java:111)
	at org.testng.TestRunner.privateRun(TestRunner.java:767)
	at org.testng.TestRunner.run(TestRunner.java:617)
	at org.testng.SuiteRunner.runTest(SuiteRunner.java:334)
	at org.testng.SuiteRunner.runSequentially(SuiteRunner.java:329)
	at org.testng.SuiteRunner.privateRun(SuiteRunner.java:291)
	at org.testng.SuiteRunner.run(SuiteRunner.java:240)
	at org.testng.SuiteRunnerWorker.runSuite(SuiteRunnerWorker.java:52)
	at org.testng.SuiteRunnerWorker.run(SuiteRunnerWorker.java:86)
	at org.testng.TestNG.runSuitesSequentially(TestNG.java:1198)
	at org.testng.TestNG.runSuitesLocally(TestNG.java:1123)
	at org.testng.TestNG.run(TestNG.java:1031)
	at org.testng.remote.RemoteTestNG.run(RemoteTestNG.java:115)
	at org.testng.remote.RemoteTestNG.initAndRun(RemoteTestNG.java:207)
	at org.testng.remote.RemoteTestNG.main(RemoteTestNG.java:178)
Caused by: java.lang.ArrayIndexOutOfBoundsException: 10
	at org.testng.internal.Invoker.injectParameters(Invoker.java:1359)
	... 17 more
</pre></div><a href='#' onClick='toggleBox("stack-trace790969940", this, "Click to show all stack frames", "Click to hide stack frames")'>Click to show all stack frames</a>
<div class='stack-trace' id='stack-trace790969940'><pre>org.testng.TestNGException: 
The data provider is trying to pass 10 parameters but the method com.androidMobile.scripts.RP_005_TestGuestBookingFromBookNow#testGuestBookingFromBookNow takes 11 and TestNG is unable in inject a suitable object
	at org.testng.internal.Invoker.injectParameters(Invoker.java:1361)
	at org.testng.internal.Invoker.invokeTestMethods(Invoker.java:1225)
	at org.testng.internal.TestMethodWorker.invokeTestMethods(TestMethodWorker.java:127)
	at org.testng.internal.TestMethodWorker.run(TestMethodWorker.java:111)
	at org.testng.TestRunner.privateRun(TestRunner.java:767)
	at org.testng.TestRunner.run(TestRunner.java:617)
	at org.testng.SuiteRunner.runTest(SuiteRunner.java:334)
	at org.testng.SuiteRunner.runSequentially(SuiteRunner.java:329)
	at org.testng.SuiteRunner.privateRun(SuiteRunner.java:291)
	at org.testng.SuiteRunner.run(SuiteRunner.java:240)
	at org.testng.SuiteRunnerWorker.runSuite(SuiteRunnerWorker.java:52)
	at org.testng.SuiteRunnerWorker.run(SuiteRunnerWorker.java:86)
	at org.testng.TestNG.runSuitesSequentially(TestNG.java:1198)
	at org.testng.TestNG.runSuitesLocally(TestNG.java:1123)
	at org.testng.TestNG.run(TestNG.java:1031)
	at org.testng.remote.RemoteTestNG.run(RemoteTestNG.java:115)
	at org.testng.remote.RemoteTestNG.initAndRun(RemoteTestNG.java:207)
	at org.testng.remote.RemoteTestNG.main(RemoteTestNG.java:178)
Caused by: java.lang.ArrayIndexOutOfBoundsException: 10
	at org.testng.internal.Invoker.injectParameters(Invoker.java:1359)
	... 17 more
</pre></div></td>
<td>0</td>
<td>com.androidMobile.scripts.RP_005_TestGuestBookingFromBookNow@3eaf688a</td></tr>
<tr>
<td title='com.androidMobile.scripts.RP_004_TestGuestBookingFromHome.testGuestBookingFromHome()'><b>testGuestBookingFromHome</b><br>Test class: com.androidMobile.scripts.RP_004_TestGuestBookingFromHome</td>
<td><div><pre>org.testng.TestNGException: 
The data provider is trying to pass 10 parameters but the method com.androidMobile.scripts.RP_004_TestGuestBookingFromHome#testGuestBookingFromHome takes 11 and TestNG is unable in inject a suitable object
	at org.testng.internal.Invoker.injectParameters(Invoker.java:1361)
	at org.testng.internal.Invoker.invokeTestMethods(Invoker.java:1225)
	at org.testng.internal.TestMethodWorker.invokeTestMethods(TestMethodWorker.java:127)
	at org.testng.internal.TestMethodWorker.run(TestMethodWorker.java:111)
	at org.testng.TestRunner.privateRun(TestRunner.java:767)
	at org.testng.TestRunner.run(TestRunner.java:617)
	at org.testng.SuiteRunner.runTest(SuiteRunner.java:334)
	at org.testng.SuiteRunner.runSequentially(SuiteRunner.java:329)
	at org.testng.SuiteRunner.privateRun(SuiteRunner.java:291)
	at org.testng.SuiteRunner.run(SuiteRunner.java:240)
	at org.testng.SuiteRunnerWorker.runSuite(SuiteRunnerWorker.java:52)
	at org.testng.SuiteRunnerWorker.run(SuiteRunnerWorker.java:86)
	at org.testng.TestNG.runSuitesSequentially(TestNG.java:1198)
	at org.testng.TestNG.runSuitesLocally(TestNG.java:1123)
	at org.testng.TestNG.run(TestNG.java:1031)
	at org.testng.remote.RemoteTestNG.run(RemoteTestNG.java:115)
	at org.testng.remote.RemoteTestNG.initAndRun(RemoteTestNG.java:207)
	at org.testng.remote.RemoteTestNG.main(RemoteTestNG.java:178)
Caused by: java.lang.ArrayIndexOutOfBoundsException: 10
	at org.testng.internal.Invoker.injectParameters(Invoker.java:1359)
	... 17 more
</pre></div><a href='#' onClick='toggleBox("stack-trace9864709", this, "Click to show all stack frames", "Click to hide stack frames")'>Click to show all stack frames</a>
<div class='stack-trace' id='stack-trace9864709'><pre>org.testng.TestNGException: 
The data provider is trying to pass 10 parameters but the method com.androidMobile.scripts.RP_004_TestGuestBookingFromHome#testGuestBookingFromHome takes 11 and TestNG is unable in inject a suitable object
	at org.testng.internal.Invoker.injectParameters(Invoker.java:1361)
	at org.testng.internal.Invoker.invokeTestMethods(Invoker.java:1225)
	at org.testng.internal.TestMethodWorker.invokeTestMethods(TestMethodWorker.java:127)
	at org.testng.internal.TestMethodWorker.run(TestMethodWorker.java:111)
	at org.testng.TestRunner.privateRun(TestRunner.java:767)
	at org.testng.TestRunner.run(TestRunner.java:617)
	at org.testng.SuiteRunner.runTest(SuiteRunner.java:334)
	at org.testng.SuiteRunner.runSequentially(SuiteRunner.java:329)
	at org.testng.SuiteRunner.privateRun(SuiteRunner.java:291)
	at org.testng.SuiteRunner.run(SuiteRunner.java:240)
	at org.testng.SuiteRunnerWorker.runSuite(SuiteRunnerWorker.java:52)
	at org.testng.SuiteRunnerWorker.run(SuiteRunnerWorker.java:86)
	at org.testng.TestNG.runSuitesSequentially(TestNG.java:1198)
	at org.testng.TestNG.runSuitesLocally(TestNG.java:1123)
	at org.testng.TestNG.run(TestNG.java:1031)
	at org.testng.remote.RemoteTestNG.run(RemoteTestNG.java:115)
	at org.testng.remote.RemoteTestNG.initAndRun(RemoteTestNG.java:207)
	at org.testng.remote.RemoteTestNG.main(RemoteTestNG.java:178)
Caused by: java.lang.ArrayIndexOutOfBoundsException: 10
	at org.testng.internal.Invoker.injectParameters(Invoker.java:1359)
	... 17 more
</pre></div></td>
<td>0</td>
<td>com.androidMobile.scripts.RP_004_TestGuestBookingFromHome@7d6b513b</td></tr>
<tr>
<td title='com.androidMobile.scripts.RP_017_TestInputCreditCards.testInputCreditCards()'><b>testInputCreditCards</b><br>Test class: com.androidMobile.scripts.RP_017_TestInputCreditCards<br>Parameters: Philippines, Ermita, TestFName, TestLName, rphtest112@gmail.com, test1, 370000000000002, 06, 2017, 7373, Validate American Express card payment</td>
<td><div><pre>java.lang.AssertionError: Step WaitForElementPresent  Failed with description Falied to locate element bookNowMenuLink expected [true] but found [false]
	at org.testng.Assert.fail(Assert.java:94)
	at org.testng.Assert.failNotEquals(Assert.java:494)
	at org.testng.Assert.assertTrue(Assert.java:42)
	at com.ctaf.support.HtmlReportSupport.onFailure(HtmlReportSupport.java:779)
	at com.ctaf.utilities.Reporter.failureReport(Reporter.java:91)
	at com.ctaf.accelerators.ActionEngine.waitForElementPresent(ActionEngine.java:658)
	at com.androidMobile.workflows.HomePageHelper.navigateToBookNow(HomePageHelper.java:87)
	at com.androidMobile.scripts.RP_017_TestInputCreditCards.testInputCreditCards(RP_017_TestInputCreditCards.java:33)
	at sun.reflect.NativeMethodAccessorImpl.invoke0(Native Method)
	at sun.reflect.NativeMethodAccessorImpl.invoke(NativeMethodAccessorImpl.java:57)
	at sun.reflect.DelegatingMethodAccessorImpl.invoke(DelegatingMethodAccessorImpl.java:43)
	at java.lang.reflect.Method.invoke(Method.java:601)
	at org.testng.internal.MethodInvocationHelper.invokeMethod(MethodInvocationHelper.java:80)
	at org.testng.internal.Invoker.invokeMethod(Invoker.java:714)
	at org.testng.internal.Invoker.invokeTestMethod(Invoker.java:901)
	at org.testng.internal.Invoker.invokeTestMethods(Invoker.java:1231)
	at org.testng.internal.TestMethodWorker.invokeTestMethods(TestMethodWorker.java:127)
	at org.testng.internal.TestMethodWorker.run(TestMethodWorker.java:111)
	at org.testng.TestRunner.privateRun(TestRunner.java:767)
	at org.testng.TestRunner.run(TestRunner.java:617)
	at org.testng.SuiteRunner.runTest(SuiteRunner.java:334)
	at org.testng.SuiteRunner.runSequentially(SuiteRunner.java:329)
	at org.testng.SuiteRunner.privateRun(SuiteRunner.java:291)
	at org.testng.SuiteRunner.run(SuiteRunner.java:240)
	at org.testng.SuiteRunnerWorker.runSuite(SuiteRunnerWorker.java:52)
	at org.testng.SuiteRunnerWorker.run(SuiteRunnerWorker.java:86)
	at org.testng.TestNG.runSuitesSequentially(TestNG.java:1198)
	at org.testng.TestNG.runSuitesLocally(TestNG.java:1123)
	at org.testng.TestNG.run(TestNG.java:1031)
	at org.testng.remote.RemoteTestNG.run(RemoteTestNG.java:115)
	at org.testng.remote.RemoteTestNG.initAndRun(RemoteTestNG.java:207)
	at org.testng.remote.RemoteTestNG.main(RemoteTestNG.java:178)
</pre></div><a href='#' onClick='toggleBox("stack-trace663623284", this, "Click to show all stack frames", "Click to hide stack frames")'>Click to show all stack frames</a>
<div class='stack-trace' id='stack-trace663623284'><pre>java.lang.AssertionError: Step WaitForElementPresent  Failed with description Falied to locate element bookNowMenuLink expected [true] but found [false]
	at org.testng.Assert.fail(Assert.java:94)
	at org.testng.Assert.failNotEquals(Assert.java:494)
	at org.testng.Assert.assertTrue(Assert.java:42)
	at com.ctaf.support.HtmlReportSupport.onFailure(HtmlReportSupport.java:779)
	at com.ctaf.utilities.Reporter.failureReport(Reporter.java:91)
	at com.ctaf.accelerators.ActionEngine.waitForElementPresent(ActionEngine.java:658)
	at com.androidMobile.workflows.HomePageHelper.navigateToBookNow(HomePageHelper.java:87)
	at com.androidMobile.scripts.RP_017_TestInputCreditCards.testInputCreditCards(RP_017_TestInputCreditCards.java:33)
	at sun.reflect.NativeMethodAccessorImpl.invoke0(Native Method)
	at sun.reflect.NativeMethodAccessorImpl.invoke(NativeMethodAccessorImpl.java:57)
	at sun.reflect.DelegatingMethodAccessorImpl.invoke(DelegatingMethodAccessorImpl.java:43)
	at java.lang.reflect.Method.invoke(Method.java:601)
	at org.testng.internal.MethodInvocationHelper.invokeMethod(MethodInvocationHelper.java:80)
	at org.testng.internal.Invoker.invokeMethod(Invoker.java:714)
	at org.testng.internal.Invoker.invokeTestMethod(Invoker.java:901)
	at org.testng.internal.Invoker.invokeTestMethods(Invoker.java:1231)
	at org.testng.internal.TestMethodWorker.invokeTestMethods(TestMethodWorker.java:127)
	at org.testng.internal.TestMethodWorker.run(TestMethodWorker.java:111)
	at org.testng.TestRunner.privateRun(TestRunner.java:767)
	at org.testng.TestRunner.run(TestRunner.java:617)
	at org.testng.SuiteRunner.runTest(SuiteRunner.java:334)
	at org.testng.SuiteRunner.runSequentially(SuiteRunner.java:329)
	at org.testng.SuiteRunner.privateRun(SuiteRunner.java:291)
	at org.testng.SuiteRunner.run(SuiteRunner.java:240)
	at org.testng.SuiteRunnerWorker.runSuite(SuiteRunnerWorker.java:52)
	at org.testng.SuiteRunnerWorker.run(SuiteRunnerWorker.java:86)
	at org.testng.TestNG.runSuitesSequentially(TestNG.java:1198)
	at org.testng.TestNG.runSuitesLocally(TestNG.java:1123)
	at org.testng.TestNG.run(TestNG.java:1031)
	at org.testng.remote.RemoteTestNG.run(RemoteTestNG.java:115)
	at org.testng.remote.RemoteTestNG.initAndRun(RemoteTestNG.java:207)
	at org.testng.remote.RemoteTestNG.main(RemoteTestNG.java:178)
</pre></div></td>
<td>851</td>
<td>com.androidMobile.scripts.RP_017_TestInputCreditCards@3dcde370</td></tr>
<tr>
<td title='com.androidMobile.scripts.RP_003_TestSearchHotels.testSearchHotels()'><b>testSearchHotels</b><br>Test class: com.androidMobile.scripts.RP_003_TestSearchHotels<br>Parameters: Philippines, Ermita, Verify Search Hotels</td>
<td><div><pre>java.lang.AssertionError: Step WaitForElementPresent  Failed with description Falied to locate element searchButton expected [true] but found [false]
	at org.testng.Assert.fail(Assert.java:94)
	at org.testng.Assert.failNotEquals(Assert.java:494)
	at org.testng.Assert.assertTrue(Assert.java:42)
	at com.ctaf.support.HtmlReportSupport.onFailure(HtmlReportSupport.java:779)
	at com.ctaf.utilities.Reporter.failureReport(Reporter.java:91)
	at com.ctaf.accelerators.ActionEngine.waitForElementPresent(ActionEngine.java:658)
	at com.androidMobile.scripts.RP_003_TestSearchHotels.testSearchHotels(RP_003_TestSearchHotels.java:37)
	at sun.reflect.NativeMethodAccessorImpl.invoke0(Native Method)
	at sun.reflect.NativeMethodAccessorImpl.invoke(NativeMethodAccessorImpl.java:57)
	at sun.reflect.DelegatingMethodAccessorImpl.invoke(DelegatingMethodAccessorImpl.java:43)
	at java.lang.reflect.Method.invoke(Method.java:601)
	at org.testng.internal.MethodInvocationHelper.invokeMethod(MethodInvocationHelper.java:80)
	at org.testng.internal.Invoker.invokeMethod(Invoker.java:714)
	at org.testng.internal.Invoker.invokeTestMethod(Invoker.java:901)
	at org.testng.internal.Invoker.invokeTestMethods(Invoker.java:1231)
	at org.testng.internal.TestMethodWorker.invokeTestMethods(TestMethodWorker.java:127)
	at org.testng.internal.TestMethodWorker.run(TestMethodWorker.java:111)
	at org.testng.TestRunner.privateRun(TestRunner.java:767)
	at org.testng.TestRunner.run(TestRunner.java:617)
	at org.testng.SuiteRunner.runTest(SuiteRunner.java:334)
	at org.testng.SuiteRunner.runSequentially(SuiteRunner.java:329)
	at org.testng.SuiteRunner.privateRun(SuiteRunner.java:291)
	at org.testng.SuiteRunner.run(SuiteRunner.java:240)
	at org.testng.SuiteRunnerWorker.runSuite(SuiteRunnerWorker.java:52)
	at org.testng.SuiteRunnerWorker.run(SuiteRunnerWorker.java:86)
	at org.testng.TestNG.runSuitesSequentially(TestNG.java:1198)
	at org.testng.TestNG.runSuitesLocally(TestNG.java:1123)
	at org.testng.TestNG.run(TestNG.java:1031)
	at org.testng.remote.RemoteTestNG.run(RemoteTestNG.java:115)
	at org.testng.remote.RemoteTestNG.initAndRun(RemoteTestNG.java:207)
	at org.testng.remote.RemoteTestNG.main(RemoteTestNG.java:178)
</pre></div><a href='#' onClick='toggleBox("stack-trace610105986", this, "Click to show all stack frames", "Click to hide stack frames")'>Click to show all stack frames</a>
<div class='stack-trace' id='stack-trace610105986'><pre>java.lang.AssertionError: Step WaitForElementPresent  Failed with description Falied to locate element searchButton expected [true] but found [false]
	at org.testng.Assert.fail(Assert.java:94)
	at org.testng.Assert.failNotEquals(Assert.java:494)
	at org.testng.Assert.assertTrue(Assert.java:42)
	at com.ctaf.support.HtmlReportSupport.onFailure(HtmlReportSupport.java:779)
	at com.ctaf.utilities.Reporter.failureReport(Reporter.java:91)
	at com.ctaf.accelerators.ActionEngine.waitForElementPresent(ActionEngine.java:658)
	at com.androidMobile.scripts.RP_003_TestSearchHotels.testSearchHotels(RP_003_TestSearchHotels.java:37)
	at sun.reflect.NativeMethodAccessorImpl.invoke0(Native Method)
	at sun.reflect.NativeMethodAccessorImpl.invoke(NativeMethodAccessorImpl.java:57)
	at sun.reflect.DelegatingMethodAccessorImpl.invoke(DelegatingMethodAccessorImpl.java:43)
	at java.lang.reflect.Method.invoke(Method.java:601)
	at org.testng.internal.MethodInvocationHelper.invokeMethod(MethodInvocationHelper.java:80)
	at org.testng.internal.Invoker.invokeMethod(Invoker.java:714)
	at org.testng.internal.Invoker.invokeTestMethod(Invoker.java:901)
	at org.testng.internal.Invoker.invokeTestMethods(Invoker.java:1231)
	at org.testng.internal.TestMethodWorker.invokeTestMethods(TestMethodWorker.java:127)
	at org.testng.internal.TestMethodWorker.run(TestMethodWorker.java:111)
	at org.testng.TestRunner.privateRun(TestRunner.java:767)
	at org.testng.TestRunner.run(TestRunner.java:617)
	at org.testng.SuiteRunner.runTest(SuiteRunner.java:334)
	at org.testng.SuiteRunner.runSequentially(SuiteRunner.java:329)
	at org.testng.SuiteRunner.privateRun(SuiteRunner.java:291)
	at org.testng.SuiteRunner.run(SuiteRunner.java:240)
	at org.testng.SuiteRunnerWorker.runSuite(SuiteRunnerWorker.java:52)
	at org.testng.SuiteRunnerWorker.run(SuiteRunnerWorker.java:86)
	at org.testng.TestNG.runSuitesSequentially(TestNG.java:1198)
	at org.testng.TestNG.runSuitesLocally(TestNG.java:1123)
	at org.testng.TestNG.run(TestNG.java:1031)
	at org.testng.remote.RemoteTestNG.run(RemoteTestNG.java:115)
	at org.testng.remote.RemoteTestNG.initAndRun(RemoteTestNG.java:207)
	at org.testng.remote.RemoteTestNG.main(RemoteTestNG.java:178)
</pre></div></td>
<td>874</td>
<td>com.androidMobile.scripts.RP_003_TestSearchHotels@2b3b5229</td></tr>
</table><p>
<table width='100%' border='1' class='invocation-passed'>
<tr><td colspan='4' align='center'><b>PASSED TESTS</b></td></tr>
<tr><td><b>Test method</b></td>
<td width="30%"><b>Exception</b></td>
<td width="10%"><b>Time (seconds)</b></td>
<td><b>Instance</b></td>
</tr>
<tr>
<td title='com.androidMobile.scripts.RP_011_Forgot_Password.ResetPassword()'><b>ResetPassword</b><br>Test class: com.androidMobile.scripts.RP_011_Forgot_Password<br>Parameters: , , , Validate Forgot password frame and click on Cancel</td>
<td></td>
<td>89</td>
<td>com.androidMobile.scripts.RP_011_Forgot_Password@797ff11f</td></tr>
<tr>
<td title='com.androidMobile.scripts.RP_011_Forgot_Password.ResetPassword()'><b>ResetPassword</b><br>Test class: com.androidMobile.scripts.RP_011_Forgot_Password<br>Parameters: testUser@gmail.com, , , Validate error for Reset password with InValid email</td>
<td></td>
<td>100</td>
<td>com.androidMobile.scripts.RP_011_Forgot_Password@797ff11f</td></tr>
<tr>
<td title='com.androidMobile.scripts.RP_011_Forgot_Password.ResetPassword()'><b>ResetPassword</b><br>Test class: com.androidMobile.scripts.RP_011_Forgot_Password<br>Parameters: , , , Validate error for Reset password with blank email</td>
<td></td>
<td>126</td>
<td>com.androidMobile.scripts.RP_011_Forgot_Password@797ff11f</td></tr>
<tr>
<td title='com.androidMobile.scripts.RP_Smoke_TestBookNow.smokeTestBookNow()'><b>smokeTestBookNow</b><br>Test class: com.androidMobile.scripts.RP_Smoke_TestBookNow<br>Parameters: Philippines, Ermita</td>
<td></td>
<td>65</td>
<td>com.androidMobile.scripts.RP_Smoke_TestBookNow@14f94672</td></tr>
<tr>
<td title='com.androidMobile.scripts.RP_Smoke_TestHomeMainMenu.smokeTestHomeMainMenu()'><b>smokeTestHomeMainMenu</b><br>Test class: com.androidMobile.scripts.RP_Smoke_TestHomeMainMenu</td>
<td></td>
<td>45</td>
<td>com.androidMobile.scripts.RP_Smoke_TestHomeMainMenu@7886d48e</td></tr>
<tr>
<td title='com.androidMobile.scripts.RP_Smoke_TestMyAccount.smokeTestMyAccount()'><b>smokeTestMyAccount</b><br>Test class: com.androidMobile.scripts.RP_Smoke_TestMyAccount<br>Parameters: nirmal4testing@gmail.com, testing123</td>
<td></td>
<td>184</td>
<td>com.androidMobile.scripts.RP_Smoke_TestMyAccount@4dada74e</td></tr>
<tr>
<td title='com.androidMobile.scripts.RP_Smoke_TestRetrieveBookings.smokeTestRetrieveBookings()'><b>smokeTestRetrieveBookings</b><br>Test class: com.androidMobile.scripts.RP_Smoke_TestRetrieveBookings</td>
<td></td>
<td>39</td>
<td>com.androidMobile.scripts.RP_Smoke_TestRetrieveBookings@208b4e03</td></tr>
<tr>
<td title='com.androidMobile.scripts.RP_015_TestChatWithFrontDesk.testChatWithFrontDesk()'><b>testChatWithFrontDesk</b><br>Test class: com.androidMobile.scripts.RP_015_TestChatWithFrontDesk<br>Parameters: nirmal4testing@gmail.com, testing123, TestUser, chatline-admin@redplanethotels.com, admin, test6998, Validate chat with FrontDesk</td>
<td></td>
<td>291</td>
<td>com.androidMobile.scripts.RP_015_TestChatWithFrontDesk@43c319b9</td></tr>
<tr>
<td title='com.androidMobile.scripts.RP_014_TestInHousePhone.testInHousePhone()'><b>testInHousePhone</b><br>Test class: com.androidMobile.scripts.RP_014_TestInHousePhone<br>Parameters: 9004, nirmal4testing@gmail.com, testing123, true, Validate InHousePhone to valid room number</td>
<td></td>
<td>189</td>
<td>com.androidMobile.scripts.RP_014_TestInHousePhone@6df85c2c</td></tr>
<tr>
<td title='com.androidMobile.scripts.RP_014_TestInHousePhone.testInHousePhone()'><b>testInHousePhone</b><br>Test class: com.androidMobile.scripts.RP_014_TestInHousePhone<br>Parameters: 9002, nirmal4testing@gmail.com, testing123, true, Validate InHousePhone to invalid room number</td>
<td></td>
<td>216</td>
<td>com.androidMobile.scripts.RP_014_TestInHousePhone@6df85c2c</td></tr>
<tr>
<td title='com.androidMobile.scripts.RP_014_TestInHousePhone.testInHousePhone()'><b>testInHousePhone</b><br>Test class: com.androidMobile.scripts.RP_014_TestInHousePhone<br>Parameters: 9002, nirmal4testing@gmail.com, testing123, false, Validate InHousePhone to FrontDesk</td>
<td></td>
<td>211</td>
<td>com.androidMobile.scripts.RP_014_TestInHousePhone@6df85c2c</td></tr>
<tr>
<td title='com.androidMobile.scripts.RP_017_TestInputCreditCards.testInputCreditCards()'><b>testInputCreditCards</b><br>Test class: com.androidMobile.scripts.RP_017_TestInputCreditCards<br>Parameters: Philippines, Ermita, TestFName, TestLName, rphtest112@gmail.com, test, 4005550000000001, 05, 2017, 123, Validate Visa card payment</td>
<td></td>
<td>362</td>
<td>com.androidMobile.scripts.RP_017_TestInputCreditCards@3dcde370</td></tr>
<tr>
<td title='com.androidMobile.scripts.RP_017_TestInputCreditCards.testInputCreditCards()'><b>testInputCreditCards</b><br>Test class: com.androidMobile.scripts.RP_017_TestInputCreditCards<br>Parameters: Philippines, Ermita, TestFName, TestLName, rphtest112@gmail.com, test1, 5123456789012346, 05, 2017, 123, Validate Master card payment</td>
<td></td>
<td>348</td>
<td>com.androidMobile.scripts.RP_017_TestInputCreditCards@3dcde370</td></tr>
<tr>
<td title='com.androidMobile.scripts.RP_016_TestTabsLocalAttractions.testLocalAttractions()'><b>testLocalAttractions</b><br>Test class: com.androidMobile.scripts.RP_016_TestTabsLocalAttractions<br>Parameters: Philippines, Ermita, nirmal4testing@gmail.com, testing123, Verify tabs under Local Attractions screen</td>
<td></td>
<td>293</td>
<td>com.androidMobile.scripts.RP_016_TestTabsLocalAttractions@21a4d92b</td></tr>
<tr>
<td title='com.androidMobile.scripts.RP_002_TestLogInFromBookingScreen.testLogInFromBookingScreen()'><b>testLogInFromBookingScreen</b><br>Test class: com.androidMobile.scripts.RP_002_TestLogInFromBookingScreen<br>Parameters: Philippines, Ermita, rphtest112@gmail.com, Password1, Validate LogIn from Booking page</td>
<td></td>
<td>172</td>
<td>com.androidMobile.scripts.RP_002_TestLogInFromBookingScreen@5becf473</td></tr>
<tr>
<td title='com.androidMobile.scripts.RP_007_RetriveBookingAsGuest.testRetriveBookingAsGuest()'><b>testRetriveBookingAsGuest</b><br>Test class: com.androidMobile.scripts.RP_007_RetriveBookingAsGuest<br>Parameters: Philippines, Ermita, TestFName, TestLName, testwhiffler@gmail.com, test, 4005550000000001, 05, 2017, 123, Validate Retrive Booking As Guest</td>
<td></td>
<td>345</td>
<td>com.androidMobile.scripts.RP_007_RetriveBookingAsGuest@22f573e3</td></tr>
<tr>
<td title='com.androidMobile.scripts.RP_003_TestSearchHotels.testSearchHotels()'><b>testSearchHotels</b><br>Test class: com.androidMobile.scripts.RP_003_TestSearchHotels<br>Parameters: Philippines, Ermita, Verify Select Destination</td>
<td></td>
<td>58</td>
<td>com.androidMobile.scripts.RP_003_TestSearchHotels@2b3b5229</td></tr>
<tr>
<td title='com.androidMobile.scripts.RP_009_TestSignUpUser.testSignUpUser()'><b>testSignUpUser</b><br>Test class: com.androidMobile.scripts.RP_009_TestSignUpUser<br>Parameters: TestFName, TestLName, test11658@gmail.com, test@1234, Validate SignUp new user</td>
<td></td>
<td>202</td>
<td>com.androidMobile.scripts.RP_009_TestSignUpUser@1d9b0076</td></tr>
<tr>
<td title='com.androidMobile.scripts.RP_009_TestSignUpUser.testSignUpUser()'><b>testSignUpUser</b><br>Test class: com.androidMobile.scripts.RP_009_TestSignUpUser<br>Parameters: TestFName, TestLName, testwhiffler@gmail.com, test@1234, Validate error on SignUp with exising user</td>
<td></td>
<td>240</td>
<td>com.androidMobile.scripts.RP_009_TestSignUpUser@1d9b0076</td></tr>
<tr>
<td title='com.androidMobile.scripts.RP_001_TestLoginFromMyAccount.testTestLoginFromMyAccount()'><b>testTestLoginFromMyAccount</b><br>Test class: com.androidMobile.scripts.RP_001_TestLoginFromMyAccount<br>Parameters: cigniti1@redplanet.com, password, Invalid credentials, false</td>
<td></td>
<td>81</td>
<td>com.androidMobile.scripts.RP_001_TestLoginFromMyAccount@19aeb7a6</td></tr>
<tr>
<td title='com.androidMobile.scripts.RP_001_TestLoginFromMyAccount.testTestLoginFromMyAccount()'><b>testTestLoginFromMyAccount</b><br>Test class: com.androidMobile.scripts.RP_001_TestLoginFromMyAccount<br>Parameters: testwhiffler@gmail.com, password, Invalid password and valid email, false</td>
<td></td>
<td>62</td>
<td>com.androidMobile.scripts.RP_001_TestLoginFromMyAccount@19aeb7a6</td></tr>
<tr>
<td title='com.androidMobile.scripts.RP_001_TestLoginFromMyAccount.testTestLoginFromMyAccount()'><b>testTestLoginFromMyAccount</b><br>Test class: com.androidMobile.scripts.RP_001_TestLoginFromMyAccount<br>Parameters: testmail, whiffler@1234, Invalid email and valid password, false</td>
<td></td>
<td>64</td>
<td>com.androidMobile.scripts.RP_001_TestLoginFromMyAccount@19aeb7a6</td></tr>
<tr>
<td title='com.androidMobile.scripts.RP_001_TestLoginFromMyAccount.testTestLoginFromMyAccount()'><b>testTestLoginFromMyAccount</b><br>Test class: com.androidMobile.scripts.RP_001_TestLoginFromMyAccount<br>Parameters: , , Blank Email and blank password, false</td>
<td></td>
<td>47</td>
<td>com.androidMobile.scripts.RP_001_TestLoginFromMyAccount@19aeb7a6</td></tr>
<tr>
<td title='com.androidMobile.scripts.RP_001_TestLoginFromMyAccount.testTestLoginFromMyAccount()'><b>testTestLoginFromMyAccount</b><br>Test class: com.androidMobile.scripts.RP_001_TestLoginFromMyAccount<br>Parameters: rphtest112@gmail.com, Password1, Valid email and valid password, true</td>
<td></td>
<td>137</td>
<td>com.androidMobile.scripts.RP_001_TestLoginFromMyAccount@19aeb7a6</td></tr>
</table><p>
</body>
</html>