<?xml version="1.0" encoding="UTF-8"?>
<!-- Generated by org.testng.reporters.JUnitReportReporter -->
<testsuite hostname="CTLINDT-0119" name="tv.hooq.web.scripts.HOOQ_Web_TVOD_Rent_Flag" tests="4" failures="0" timestamp="20 Apr 2017 18:54:56 GMT" time="5457.261" errors="1">
  <testcase name="HOOQ_Web_TVOD_Rent_Flag" time="1748.617" classname="tv.hooq.web.scripts.HOOQ_Web_TVOD_Rent_Flag"/>
  <testcase name="HOOQ_Web_TVOD_Rent_Flag" time="1836.875" classname="tv.hooq.web.scripts.HOOQ_Web_TVOD_Rent_Flag"/>
  <testcase name="HOOQ_Web_TVOD_Rent_Flag" time="1862.066" classname="tv.hooq.web.scripts.HOOQ_Web_TVOD_Rent_Flag"/>
  <testcase name="HOOQ_Web_TVOD_Rent_Flag" time="9.703" classname="tv.hooq.web.scripts.HOOQ_Web_TVOD_Rent_Flag">
    <error type="java.lang.AssertionError" message="Step Click Failed with description &lt;b&gt;Log In&lt;/b&gt; was &lt;b&gt;NOT&lt;/b&gt; clicked expected [true] but found [false]">
      <![CDATA[java.lang.AssertionError: Step Click Failed with description <b>Log In</b> was <b>NOT</b> clicked expected [true] but found [false]
	at org.testng.Assert.fail(Assert.java:94)
	at org.testng.Assert.failNotEquals(Assert.java:494)
	at org.testng.Assert.assertTrue(Assert.java:42)
	at com.ctaf.support.HtmlReportSupport.onFailure(HtmlReportSupport.java:780)
	at com.ctaf.utilities.Reporter.failureReport(Reporter.java:92)
	at com.ctaf.accelerators.ActionEngine.click(ActionEngine.java:95)
	at tv.hooq.web.workflows.HOOQWorkflows.verifyLoginWithExistingAndInvalidEmails(HOOQWorkflows.java:76)
	at tv.hooq.web.scripts.HOOQ_Web_TVOD_Rent_Flag.HOOQ_Web_TVOD_Rent_Flag(HOOQ_Web_TVOD_Rent_Flag.java:43)
	at sun.reflect.NativeMethodAccessorImpl.invoke0(Native Method)
	at sun.reflect.NativeMethodAccessorImpl.invoke(Unknown Source)
	at sun.reflect.DelegatingMethodAccessorImpl.invoke(Unknown Source)
	at java.lang.reflect.Method.invoke(Unknown Source)
	at org.testng.internal.MethodInvocationHelper.invokeMethod(MethodInvocationHelper.java:80)
	at org.testng.internal.Invoker.invokeMethod(Invoker.java:714)
	at org.testng.internal.Invoker.invokeTestMethod(Invoker.java:901)
	at org.testng.internal.Invoker.invokeTestMethods(Invoker.java:1231)
	at org.testng.internal.TestMethodWorker.invokeTestMethods(TestMethodWorker.java:127)
	at org.testng.internal.TestMethodWorker.run(TestMethodWorker.java:111)
	at org.testng.TestRunner.privateRun(TestRunner.java:767)
	at org.testng.TestRunner.run(TestRunner.java:617)
	at org.testng.SuiteRunner.runTest(SuiteRunner.java:334)
	at org.testng.SuiteRunner.runSequentially(SuiteRunner.java:329)
	at org.testng.SuiteRunner.privateRun(SuiteRunner.java:291)
	at org.testng.SuiteRunner.run(SuiteRunner.java:240)
	at org.testng.SuiteRunnerWorker.runSuite(SuiteRunnerWorker.java:52)
	at org.testng.SuiteRunnerWorker.run(SuiteRunnerWorker.java:86)
	at org.testng.TestNG.runSuitesSequentially(TestNG.java:1198)
	at org.testng.TestNG.runSuitesLocally(TestNG.java:1123)
	at org.testng.TestNG.run(TestNG.java:1031)
	at org.testng.remote.AbstractRemoteTestNG.run(AbstractRemoteTestNG.java:132)
	at org.testng.remote.RemoteTestNG.initAndRun(RemoteTestNG.java:236)
	at org.testng.remote.RemoteTestNG.main(RemoteTestNG.java:81)
]]>
    </error>
  </testcase> <!-- HOOQ_Web_TVOD_Rent_Flag -->
</testsuite> <!-- tv.hooq.web.scripts.HOOQ_Web_TVOD_Rent_Flag -->
