<?xml version="1.0" encoding="UTF-8"?>
<!-- Generated by org.testng.reporters.JUnitReportReporter -->
<testsuite hostname="CTLINDT-0119" name="tv.hooq.web.scripts.HOOQ_Web_Player_Settings_UserAccess" tests="2" failures="0" timestamp="28 Apr 2017 05:02:29 GMT" time="509.954" errors="1">
  <testcase name="HOOQ_Web_Player_Settings_UserAccess" time="307.634" classname="tv.hooq.web.scripts.HOOQ_Web_Player_Settings_UserAccess"/>
  <testcase name="HOOQ_Web_Player_Settings_UserAccess" time="202.320" classname="tv.hooq.web.scripts.HOOQ_Web_Player_Settings_UserAccess">
    <error type="java.lang.AssertionError" message="Step MouseOver Failed with description MouseOver action is not performed on Video Area expected [true] but found [false]">
      <![CDATA[java.lang.AssertionError: Step MouseOver Failed with description MouseOver action is not performed on Video Area expected [true] but found [false]
	at org.testng.Assert.fail(Assert.java:94)
	at org.testng.Assert.failNotEquals(Assert.java:494)
	at org.testng.Assert.assertTrue(Assert.java:42)
	at com.ctaf.support.HtmlReportSupport.onFailure(HtmlReportSupport.java:780)
	at com.ctaf.utilities.Reporter.failureReport(Reporter.java:92)
	at com.ctaf.accelerators.ActionEngine.mouseover(ActionEngine.java:434)
	at tv.hooq.web.workflows.HOOQWorkflows.verifyPlaybackOfItem(HOOQWorkflows.java:278)
	at tv.hooq.web.scripts.HOOQ_Web_Player_Settings_UserAccess.HOOQ_Web_Player_Settings_UserAccess(HOOQ_Web_Player_Settings_UserAccess.java:75)
	at sun.reflect.NativeMethodAccessorImpl.invoke0(Native Method)
	at sun.reflect.NativeMethodAccessorImpl.invoke(Unknown Source)
	at sun.reflect.DelegatingMethodAccessorImpl.invoke(Unknown Source)
	at java.lang.reflect.Method.invoke(Unknown Source)
	at org.testng.internal.MethodInvocationHelper.invokeMethod(MethodInvocationHelper.java:80)
	at org.testng.internal.Invoker.invokeMethod(Invoker.java:714)
	at org.testng.internal.Invoker.invokeTestMethod(Invoker.java:901)
	at org.testng.internal.Invoker.invokeTestMethods(Invoker.java:1231)
	at org.testng.internal.TestMethodWorker.invokeTestMethods(TestMethodWorker.java:127)
	at org.testng.internal.TestMethodWorker.run(TestMethodWorker.java:111)
	at org.testng.TestRunner.privateRun(TestRunner.java:767)
	at org.testng.TestRunner.run(TestRunner.java:617)
	at org.testng.SuiteRunner.runTest(SuiteRunner.java:334)
	at org.testng.SuiteRunner.runSequentially(SuiteRunner.java:329)
	at org.testng.SuiteRunner.privateRun(SuiteRunner.java:291)
	at org.testng.SuiteRunner.run(SuiteRunner.java:240)
	at org.testng.SuiteRunnerWorker.runSuite(SuiteRunnerWorker.java:52)
	at org.testng.SuiteRunnerWorker.run(SuiteRunnerWorker.java:86)
	at org.testng.TestNG.runSuitesSequentially(TestNG.java:1198)
	at org.testng.TestNG.runSuitesLocally(TestNG.java:1123)
	at org.testng.TestNG.run(TestNG.java:1031)
	at org.testng.remote.AbstractRemoteTestNG.run(AbstractRemoteTestNG.java:132)
	at org.testng.remote.RemoteTestNG.initAndRun(RemoteTestNG.java:236)
	at org.testng.remote.RemoteTestNG.main(RemoteTestNG.java:81)
]]>
    </error>
  </testcase> <!-- HOOQ_Web_Player_Settings_UserAccess -->
</testsuite> <!-- tv.hooq.web.scripts.HOOQ_Web_Player_Settings_UserAccess -->
