<?xml version="1.0" encoding="UTF-8"?>
<!-- Generated by org.testng.reporters.JUnitReportReporter -->
<testsuite hostname="CTLINDT-0119" name="tv.hooq.web.scripts.C167_HOOQ_LapsedUserOnWebMakingPaymentOnPlanSelectorViaMySubscription" tests="1" failures="0" timestamp="28 Nov 2016 06:32:46 GMT" time="42.934" errors="1">
  <testcase name="c167_HOOQ_LapsedUserOnWebMakingPaymentOnPlanSelectorViaMySubscription" time="42.934" classname="tv.hooq.web.scripts.C167_HOOQ_LapsedUserOnWebMakingPaymentOnPlanSelectorViaMySubscription">
    <error type="java.lang.AssertionError" message="Step MouseOver  Failed with description MouseOver Action was &lt;b&gt;NOT&lt;/b&gt; perform on &lt;b&gt;Header Navigation&lt;/b&gt; expected [true] but found [false]">
      <![CDATA[java.lang.AssertionError: Step MouseOver  Failed with description MouseOver Action was <b>NOT</b> perform on <b>Header Navigation</b> expected [true] but found [false]
	at org.testng.Assert.fail(Assert.java:94)
	at org.testng.Assert.failNotEquals(Assert.java:494)
	at org.testng.Assert.assertTrue(Assert.java:42)
	at com.ctaf.support.HtmlReportSupport.onFailure(HtmlReportSupport.java:780)
	at com.ctaf.utilities.Reporter.failureReport(Reporter.java:92)
	at com.ctaf.accelerators.ActionEngine.mouseHoverByJavaScript(ActionEngine.java:1790)
	at tv.hooq.web.workflows.HOOQWorkflows.navigateToPlanSelector(HOOQWorkflows.java:494)
	at tv.hooq.web.scripts.C167_HOOQ_LapsedUserOnWebMakingPaymentOnPlanSelectorViaMySubscription.c167_HOOQ_LapsedUserOnWebMakingPaymentOnPlanSelectorViaMySubscription(C167_HOOQ_LapsedUserOnWebMakingPaymentOnPlanSelectorViaMySubscription.java:31)
	at sun.reflect.NativeMethodAccessorImpl.invoke0(Native Method)
	at sun.reflect.NativeMethodAccessorImpl.invoke(Unknown Source)
	at sun.reflect.DelegatingMethodAccessorImpl.invoke(Unknown Source)
	at java.lang.reflect.Method.invoke(Unknown Source)
	at org.testng.internal.MethodInvocationHelper.invokeMethod(MethodInvocationHelper.java:80)
	at org.testng.internal.Invoker.invokeMethod(Invoker.java:714)
	at org.testng.internal.Invoker.invokeTestMethod(Invoker.java:901)
	at org.testng.internal.Invoker.invokeTestMethods(Invoker.java:1231)
	at org.testng.internal.TestMethodWorker.invokeTestMethods(TestMethodWorker.java:127)
	at org.testng.internal.TestMethodWorker.run(TestMethodWorker.java:111)
	at org.testng.TestRunner.privateRun(TestRunner.java:767)
	at org.testng.TestRunner.run(TestRunner.java:617)
	at org.testng.SuiteRunner.runTest(SuiteRunner.java:334)
	at org.testng.SuiteRunner.runSequentially(SuiteRunner.java:329)
	at org.testng.SuiteRunner.privateRun(SuiteRunner.java:291)
	at org.testng.SuiteRunner.run(SuiteRunner.java:240)
	at org.testng.SuiteRunnerWorker.runSuite(SuiteRunnerWorker.java:52)
	at org.testng.SuiteRunnerWorker.run(SuiteRunnerWorker.java:86)
	at org.testng.TestNG.runSuitesSequentially(TestNG.java:1198)
	at org.testng.TestNG.runSuitesLocally(TestNG.java:1123)
	at org.testng.TestNG.run(TestNG.java:1031)
	at org.testng.remote.AbstractRemoteTestNG.run(AbstractRemoteTestNG.java:132)
	at org.testng.remote.RemoteTestNG.initAndRun(RemoteTestNG.java:236)
	at org.testng.remote.RemoteTestNG.main(RemoteTestNG.java:81)
]]>
    </error>
  </testcase> <!-- c167_HOOQ_LapsedUserOnWebMakingPaymentOnPlanSelectorViaMySubscription -->
</testsuite> <!-- tv.hooq.web.scripts.C167_HOOQ_LapsedUserOnWebMakingPaymentOnPlanSelectorViaMySubscription -->
