<?xml version="1.0" encoding="UTF-8"?>
<!-- Generated by org.testng.reporters.JUnitReportReporter -->
<testsuite hostname="HW1100" name="tv.hooq.web.scripts.C122_HOOQ_RedeemVoucherWithNoValidSKU" tests="4" failures="0" timestamp="28 Aug 2016 17:07:14 GMT" time="198.323" errors="1">
  <testcase name="c122_HOOQ_RedeemVoucherWithNoValidSKU" time="48.546" classname="tv.hooq.web.scripts.C122_HOOQ_RedeemVoucherWithNoValidSKU"/>
  <testcase name="c122_HOOQ_RedeemVoucherWithNoValidSKU" time="57.530" classname="tv.hooq.web.scripts.C122_HOOQ_RedeemVoucherWithNoValidSKU">
    <error type="java.lang.AssertionError" message="Step Expiry date Failed with description Expiry date is not moved before redeem:Wed Nov 09 00:00:00 IST 2016 after redeem:Wed Nov 09 00:00:00 IST 2016 expected:&lt;true&gt; but was:&lt;false&gt;">
      <![CDATA[java.lang.AssertionError: Step Expiry date Failed with description Expiry date is not moved before redeem:Wed Nov 09 00:00:00 IST 2016 after redeem:Wed Nov 09 00:00:00 IST 2016 expected:<true> but was:<false>
	at org.testng.Assert.fail(Assert.java:89)
	at org.testng.Assert.failNotEquals(Assert.java:489)
	at org.testng.Assert.assertTrue(Assert.java:37)
	at com.ctaf.support.HtmlReportSupport.onFailure(HtmlReportSupport.java:780)
	at com.ctaf.utilities.Reporter.failureReport(Reporter.java:91)
	at tv.hooq.web.scripts.C122_HOOQ_RedeemVoucherWithNoValidSKU.c122_HOOQ_RedeemVoucherWithNoValidSKU(C122_HOOQ_RedeemVoucherWithNoValidSKU.java:68)
	at sun.reflect.NativeMethodAccessorImpl.invoke0(Native Method)
	at sun.reflect.NativeMethodAccessorImpl.invoke(NativeMethodAccessorImpl.java:62)
	at sun.reflect.DelegatingMethodAccessorImpl.invoke(DelegatingMethodAccessorImpl.java:43)
	at java.lang.reflect.Method.invoke(Method.java:498)
	at org.testng.internal.MethodInvocationHelper.invokeMethod(MethodInvocationHelper.java:80)
	at org.testng.internal.Invoker.invokeMethod(Invoker.java:673)
	at org.testng.internal.Invoker.invokeTestMethod(Invoker.java:842)
	at org.testng.internal.Invoker.invokeTestMethods(Invoker.java:1166)
	at org.testng.internal.TestMethodWorker.invokeTestMethods(TestMethodWorker.java:125)
	at org.testng.internal.TestMethodWorker.run(TestMethodWorker.java:109)
	at org.testng.TestRunner.runWorkers(TestRunner.java:1178)
	at org.testng.TestRunner.privateRun(TestRunner.java:757)
	at org.testng.TestRunner.run(TestRunner.java:608)
	at org.testng.SuiteRunner.runTest(SuiteRunner.java:334)
	at org.testng.SuiteRunner.runSequentially(SuiteRunner.java:329)
	at org.testng.SuiteRunner.privateRun(SuiteRunner.java:291)
	at org.testng.SuiteRunner.run(SuiteRunner.java:240)
	at org.testng.SuiteRunnerWorker.runSuite(SuiteRunnerWorker.java:52)
	at org.testng.SuiteRunnerWorker.run(SuiteRunnerWorker.java:86)
	at org.testng.TestNG.runSuitesSequentially(TestNG.java:1158)
	at org.testng.TestNG.runSuitesLocally(TestNG.java:1083)
	at org.testng.TestNG.run(TestNG.java:999)
	at org.testng.TestNG.privateMain(TestNG.java:1301)
	at org.testng.TestNG.main(TestNG.java:1265)
]]>
    </error>
  </testcase>
  <testcase name="c122_HOOQ_RedeemVoucherWithNoValidSKU" time="44.920" classname="tv.hooq.web.scripts.C122_HOOQ_RedeemVoucherWithNoValidSKU"/>
  <testcase name="c122_HOOQ_RedeemVoucherWithNoValidSKU" time="47.327" classname="tv.hooq.web.scripts.C122_HOOQ_RedeemVoucherWithNoValidSKU"/>
</testsuite>
