<?xml version="1.0" encoding="UTF-8"?>
<!-- Generated by org.testng.reporters.JUnitReportReporter -->
<testsuite hostname="HW0376" name="tv.hooq.web.scripts.HOOQ_TestLogin" tests="17" failures="0" timestamp="22 Aug 2016 06:28:26 GMT" time="2988.917" errors="1">
  <testcase name="verifyHomeScreen" time="137.355" classname="tv.hooq.web.scripts.HOOQ_TestLogin"/>
  <testcase name="validateExistingLoginScenarios" time="207.106" classname="tv.hooq.web.scripts.HOOQ_TestLogin">
    <error type="java.lang.AssertionError" message="Step Verify Element is displayed Failed with description &lt;b&gt;Account does not exist&lt;/b&gt; is NOT displayed expected [true] but found [false]">
      <![CDATA[java.lang.AssertionError: Step Verify Element is displayed Failed with description <b>Account does not exist</b> is NOT displayed expected [true] but found [false]
	at org.testng.Assert.fail(Assert.java:94)
	at org.testng.Assert.failNotEquals(Assert.java:494)
	at org.testng.Assert.assertTrue(Assert.java:42)
	at com.ctaf.support.HtmlReportSupport.onFailure(HtmlReportSupport.java:779)
	at com.ctaf.utilities.Reporter.failureReport(Reporter.java:91)
	at com.ctaf.accelerators.ActionEngine.verifyElementDisplayed(ActionEngine.java:163)
	at tv.hooq.web.workflows.HomePageHelper.verifyLoginWithExistingAndInvalidEmails(HomePageHelper.java:85)
	at tv.hooq.web.scripts.HOOQ_TestLogin.validateExistingLoginScenarios(HOOQ_TestLogin.java:31)
	at sun.reflect.NativeMethodAccessorImpl.invoke0(Native Method)
	at sun.reflect.NativeMethodAccessorImpl.invoke(Unknown Source)
	at sun.reflect.DelegatingMethodAccessorImpl.invoke(Unknown Source)
	at java.lang.reflect.Method.invoke(Unknown Source)
	at org.testng.internal.MethodInvocationHelper.invokeMethod(MethodInvocationHelper.java:80)
	at org.testng.internal.Invoker.invokeMethod(Invoker.java:714)
	at org.testng.internal.Invoker.invokeTestMethod(Invoker.java:901)
	at org.testng.internal.Invoker.invokeTestMethods(Invoker.java:1231)
	at org.testng.internal.TestMethodWorker.invokeTestMethods(TestMethodWorker.java:127)
	at org.testng.internal.TestMethodWorker.run(TestMethodWorker.java:111)
	at org.testng.TestRunner.privateRun(TestRunner.java:767)
	at org.testng.TestRunner.run(TestRunner.java:617)
	at org.testng.SuiteRunner.runTest(SuiteRunner.java:334)
	at org.testng.SuiteRunner.runSequentially(SuiteRunner.java:329)
	at org.testng.SuiteRunner.privateRun(SuiteRunner.java:291)
	at org.testng.SuiteRunner.run(SuiteRunner.java:240)
	at org.testng.SuiteRunnerWorker.runSuite(SuiteRunnerWorker.java:52)
	at org.testng.SuiteRunnerWorker.run(SuiteRunnerWorker.java:86)
	at org.testng.TestNG.runSuitesSequentially(TestNG.java:1198)
	at org.testng.TestNG.runSuitesLocally(TestNG.java:1123)
	at org.testng.TestNG.run(TestNG.java:1031)
	at org.testng.remote.AbstractRemoteTestNG.run(AbstractRemoteTestNG.java:126)
	at org.testng.remote.RemoteTestNG.initAndRun(RemoteTestNG.java:75)
	at org.testng.remote.RemoteTestNG.main(RemoteTestNG.java:46)
]]>
    </error>
  </testcase> <!-- validateExistingLoginScenarios -->
  <testcase name="validateExistingLoginScenarios" time="175.285" classname="tv.hooq.web.scripts.HOOQ_TestLogin"/>
  <testcase name="validateExistingLoginScenarios" time="163.010" classname="tv.hooq.web.scripts.HOOQ_TestLogin"/>
  <testcase name="validateExistingLoginScenarios" time="211.276" classname="tv.hooq.web.scripts.HOOQ_TestLogin"/>
  <testcase name="validateExistingLoginScenarios" time="200.527" classname="tv.hooq.web.scripts.HOOQ_TestLogin"/>
  <testcase name="validateExistingLoginScenarios" time="180.242" classname="tv.hooq.web.scripts.HOOQ_TestLogin"/>
  <testcase name="validateExistingLoginScenarios" time="180.152" classname="tv.hooq.web.scripts.HOOQ_TestLogin"/>
  <testcase name="validateExistingLoginScenarios" time="215.419" classname="tv.hooq.web.scripts.HOOQ_TestLogin"/>
  <testcase name="validateExistingLoginScenarios" time="160.309" classname="tv.hooq.web.scripts.HOOQ_TestLogin"/>
  <testcase name="validateExistingLoginScenarios" time="192.806" classname="tv.hooq.web.scripts.HOOQ_TestLogin"/>
  <testcase name="validateExistingLoginScenarios" time="158.737" classname="tv.hooq.web.scripts.HOOQ_TestLogin"/>
  <testcase name="validateExistingLoginScenarios" time="166.866" classname="tv.hooq.web.scripts.HOOQ_TestLogin"/>
  <testcase name="validateExistingLoginScenarios" time="179.029" classname="tv.hooq.web.scripts.HOOQ_TestLogin"/>
  <testcase name="validateExistingLoginScenarios" time="173.399" classname="tv.hooq.web.scripts.HOOQ_TestLogin"/>
  <testcase name="validateExistingLoginScenarios" time="122.596" classname="tv.hooq.web.scripts.HOOQ_TestLogin"/>
  <testcase name="validateExistingLoginScenarios" time="164.803" classname="tv.hooq.web.scripts.HOOQ_TestLogin"/>
</testsuite> <!-- tv.hooq.web.scripts.HOOQ_TestLogin -->
