<?xml version="1.0" encoding="UTF-8"?>
<testng-results skipped="0" failed="1" total="2" passed="1">
  <reporter-output>
  </reporter-output>
  <suite name="Default suite" duration-ms="509970" started-at="2017-04-28T04:53:58Z" finished-at="2017-04-28T05:02:28Z">
    <groups>
      <group name="web">
        <method signature="HOOQ_Web_Player_Settings_UserAccess.HOOQ_Web_Player_Settings_UserAccess(java.lang.String, java.lang.String, java.lang.String, java.lang.String)[pri:0, instance:tv.hooq.web.scripts.HOOQ_Web_Player_Settings_UserAccess@75cb2da0]" name="HOOQ_Web_Player_Settings_UserAccess" class="tv.hooq.web.scripts.HOOQ_Web_Player_Settings_UserAccess"/>
      </group> <!-- web -->
    </groups>
    <test name="Default test" duration-ms="509970" started-at="2017-04-28T04:53:58Z" finished-at="2017-04-28T05:02:28Z">
      <class name="tv.hooq.web.scripts.HOOQ_Web_Player_Settings_UserAccess">
        <test-method status="PASS" signature="setupSuite(org.testng.ITestContext)[pri:0, instance:tv.hooq.web.scripts.HOOQ_Web_Player_Settings_UserAccess@75cb2da0]" name="setupSuite" is-config="true" duration-ms="24" started-at="2017-04-28T10:23:58Z" finished-at="2017-04-28T10:23:58Z">
          <params>
            <param index="0">
              <value>
                <![CDATA[org.testng.TestRunner@413efaf2]]>
              </value>
            </param>
          </params>
          <reporter-output>
          </reporter-output>
        </test-method> <!-- setupSuite -->
        <test-method status="PASS" signature="reportHeader(java.lang.reflect.Method)[pri:0, instance:tv.hooq.web.scripts.HOOQ_Web_Player_Settings_UserAccess@75cb2da0]" name="reportHeader" is-config="true" duration-ms="6318" started-at="2017-04-28T10:23:58Z" finished-at="2017-04-28T10:24:05Z">
          <params>
            <param index="0">
              <value>
                <![CDATA[public void tv.hooq.web.scripts.HOOQ_Web_Player_Settings_UserAccess.HOOQ_Web_Player_Settings_UserAccess(java.lang.String,java.lang.String,java.lang.String,java.lang.String) throws java.lang.Throwable]]>
              </value>
            </param>
          </params>
          <reporter-output>
          </reporter-output>
        </test-method> <!-- reportHeader -->
        <test-method status="PASS" signature="HOOQ_Web_Player_Settings_UserAccess(java.lang.String, java.lang.String, java.lang.String, java.lang.String)[pri:0, instance:tv.hooq.web.scripts.HOOQ_Web_Player_Settings_UserAccess@75cb2da0]" name="HOOQ_Web_Player_Settings_UserAccess" duration-ms="301027" started-at="2017-04-28T10:24:05Z" data-provider="testData" finished-at="2017-04-28T10:29:06Z">
          <params>
            <param index="0">
              <value>
                <![CDATA[Cigniinfree01@yopmail.com]]>
              </value>
            </param>
            <param index="1">
              <value>
                <![CDATA[valid]]>
              </value>
            </param>
            <param index="2">
              <value>
                <![CDATA[FREE]]>
              </value>
            </param>
            <param index="3">
              <value>
                <![CDATA[Verifying HOOQ_Player_Settings_UserAccess scenarios for IN_FREE_USER]]>
              </value>
            </param>
          </params>
          <reporter-output>
          </reporter-output>
        </test-method> <!-- HOOQ_Web_Player_Settings_UserAccess -->
        <test-method status="PASS" signature="tearDownMethod()[pri:0, instance:tv.hooq.web.scripts.HOOQ_Web_Player_Settings_UserAccess@75cb2da0]" name="tearDownMethod" is-config="true" duration-ms="1396" started-at="2017-04-28T10:29:06Z" finished-at="2017-04-28T10:29:07Z">
          <reporter-output>
          </reporter-output>
        </test-method> <!-- tearDownMethod -->
        <test-method status="PASS" signature="reportHeader(java.lang.reflect.Method)[pri:0, instance:tv.hooq.web.scripts.HOOQ_Web_Player_Settings_UserAccess@75cb2da0]" name="reportHeader" is-config="true" duration-ms="5211" started-at="2017-04-28T10:29:07Z" finished-at="2017-04-28T10:29:12Z">
          <params>
            <param index="0">
              <value>
                <![CDATA[public void tv.hooq.web.scripts.HOOQ_Web_Player_Settings_UserAccess.HOOQ_Web_Player_Settings_UserAccess(java.lang.String,java.lang.String,java.lang.String,java.lang.String) throws java.lang.Throwable]]>
              </value>
            </param>
          </params>
          <reporter-output>
          </reporter-output>
        </test-method> <!-- reportHeader -->
        <test-method status="FAIL" signature="HOOQ_Web_Player_Settings_UserAccess(java.lang.String, java.lang.String, java.lang.String, java.lang.String)[pri:0, instance:tv.hooq.web.scripts.HOOQ_Web_Player_Settings_UserAccess@75cb2da0]" name="HOOQ_Web_Player_Settings_UserAccess" duration-ms="194757" started-at="2017-04-28T10:29:12Z" data-provider="testData" finished-at="2017-04-28T10:32:27Z">
          <params>
            <param index="0">
              <value>
                <![CDATA[cigniinacti01@yopmail.com]]>
              </value>
            </param>
            <param index="1">
              <value>
                <![CDATA[valid]]>
              </value>
            </param>
            <param index="2">
              <value>
                <![CDATA[ACTIVE]]>
              </value>
            </param>
            <param index="3">
              <value>
                <![CDATA[Verifying HOOQ_Player_Settings_UserAccess scenarios for IN_ACTIVE_USER]]>
              </value>
            </param>
          </params>
          <exception class="java.lang.AssertionError">
            <message>
              <![CDATA[Step MouseOver Failed with description MouseOver action is not performed on Video Area expected [true] but found [false]]]>
            </message>
            <full-stacktrace>
              <![CDATA[java.lang.AssertionError: Step MouseOver Failed with description MouseOver action is not performed on Video Area expected [true] but found [false]
	at org.testng.Assert.fail(Assert.java:94)
	at org.testng.Assert.failNotEquals(Assert.java:494)
	at org.testng.Assert.assertTrue(Assert.java:42)
	at com.ctaf.support.HtmlReportSupport.onFailure(HtmlReportSupport.java:780)
	at com.ctaf.utilities.Reporter.failureReport(Reporter.java:92)
	at com.ctaf.accelerators.ActionEngine.mouseover(ActionEngine.java:434)
	at tv.hooq.web.workflows.HOOQWorkflows.verifyPlaybackOfItem(HOOQWorkflows.java:278)
	at tv.hooq.web.scripts.HOOQ_Web_Player_Settings_UserAccess.HOOQ_Web_Player_Settings_UserAccess(HOOQ_Web_Player_Settings_UserAccess.java:75)
	at sun.reflect.NativeMethodAccessorImpl.invoke0(Native Method)
	at sun.reflect.NativeMethodAccessorImpl.invoke(Unknown Source)
	at sun.reflect.DelegatingMethodAccessorImpl.invoke(Unknown Source)
	at java.lang.reflect.Method.invoke(Unknown Source)
	at org.testng.internal.MethodInvocationHelper.invokeMethod(MethodInvocationHelper.java:80)
	at org.testng.internal.Invoker.invokeMethod(Invoker.java:714)
	at org.testng.internal.Invoker.invokeTestMethod(Invoker.java:901)
	at org.testng.internal.Invoker.invokeTestMethods(Invoker.java:1231)
	at org.testng.internal.TestMethodWorker.invokeTestMethods(TestMethodWorker.java:127)
	at org.testng.internal.TestMethodWorker.run(TestMethodWorker.java:111)
	at org.testng.TestRunner.privateRun(TestRunner.java:767)
	at org.testng.TestRunner.run(TestRunner.java:617)
	at org.testng.SuiteRunner.runTest(SuiteRunner.java:334)
	at org.testng.SuiteRunner.runSequentially(SuiteRunner.java:329)
	at org.testng.SuiteRunner.privateRun(SuiteRunner.java:291)
	at org.testng.SuiteRunner.run(SuiteRunner.java:240)
	at org.testng.SuiteRunnerWorker.runSuite(SuiteRunnerWorker.java:52)
	at org.testng.SuiteRunnerWorker.run(SuiteRunnerWorker.java:86)
	at org.testng.TestNG.runSuitesSequentially(TestNG.java:1198)
	at org.testng.TestNG.runSuitesLocally(TestNG.java:1123)
	at org.testng.TestNG.run(TestNG.java:1031)
	at org.testng.remote.AbstractRemoteTestNG.run(AbstractRemoteTestNG.java:132)
	at org.testng.remote.RemoteTestNG.initAndRun(RemoteTestNG.java:236)
	at org.testng.remote.RemoteTestNG.main(RemoteTestNG.java:81)
]]>
            </full-stacktrace>
          </exception> <!-- java.lang.AssertionError -->
          <reporter-output>
          </reporter-output>
        </test-method> <!-- HOOQ_Web_Player_Settings_UserAccess -->
        <test-method status="PASS" signature="tearDownMethod()[pri:0, instance:tv.hooq.web.scripts.HOOQ_Web_Player_Settings_UserAccess@75cb2da0]" name="tearDownMethod" is-config="true" duration-ms="1245" started-at="2017-04-28T10:32:27Z" finished-at="2017-04-28T10:32:28Z">
          <reporter-output>
          </reporter-output>
        </test-method> <!-- tearDownMethod -->
        <test-method status="PASS" signature="tearDown(org.testng.ITestContext)[pri:0, instance:tv.hooq.web.scripts.HOOQ_Web_Player_Settings_UserAccess@75cb2da0]" name="tearDown" is-config="true" duration-ms="28" started-at="2017-04-28T10:32:28Z" finished-at="2017-04-28T10:32:28Z">
          <params>
            <param index="0">
              <value>
                <![CDATA[org.testng.TestRunner@413efaf2]]>
              </value>
            </param>
          </params>
          <reporter-output>
          </reporter-output>
        </test-method> <!-- tearDown -->
      </class> <!-- tv.hooq.web.scripts.HOOQ_Web_Player_Settings_UserAccess -->
    </test> <!-- Default test -->
  </suite> <!-- Default suite -->
</testng-results>
