<?xml version="1.0" encoding="UTF-8"?>
<!-- Generated by org.testng.reporters.JUnitXMLReporter -->
<testsuite hostname="indrajeets-MacBook-Pro.local" name="Grouping" tests="35" failures="1" timestamp="26 Jul 2016 07:00:42 GMT" time="75435.888" errors="0">
  <testcase name="@BeforeMethod reportHeader" time="0.0" classname="com.mobile.scripts.RP_009_TestSignUp">
    <failure type="org.openqa.selenium.remote.UnreachableBrowserException" message="Error communicating with the remote browser. It may have died.
Build info: version: &amp;apos;2.48.2&amp;apos;, revision: &amp;apos;41bccdd10cf2c0560f637404c2d96164b67d9d67&amp;apos;, time: &amp;apos;2015-10-09 13:08:06&amp;apos;
System info: host: &amp;apos;indrajeets-MacBook-Pro.local&amp;apos;, ip: &amp;apos;192.168.56.1&amp;apos;, os.name: &amp;apos;Mac OS X&amp;apos;, os.arch: &amp;apos;x86_64&amp;apos;, os.version: &amp;apos;10.11.4&amp;apos;, java.version: &amp;apos;1.8.0_91&amp;apos;
Driver info: driver.version: AppiumDriver">
      <![CDATA[org.openqa.selenium.remote.UnreachableBrowserException: Error communicating with the remote browser. It may have died.
Build info: version: '2.48.2', revision: '41bccdd10cf2c0560f637404c2d96164b67d9d67', time: '2015-10-09 13:08:06'
System info: host: 'indrajeets-MacBook-Pro.local', ip: '192.168.56.1', os.name: 'Mac OS X', os.arch: 'x86_64', os.version: '10.11.4', java.version: '1.8.0_91'
Driver info: driver.version: AppiumDriver
	at org.openqa.selenium.remote.RemoteWebDriver.execute(RemoteWebDriver.java:641)
	at io.appium.java_client.DefaultGenericMobileDriver.execute(DefaultGenericMobileDriver.java:42)
	at io.appium.java_client.AppiumDriver.execute(AppiumDriver.java:206)
	at io.appium.java_client.AppiumDriver.resetApp(AppiumDriver.java:219)
	at com.ctaf.accelerators.TestEngine.reportHeader(TestEngine.java:398)
	at sun.reflect.GeneratedMethodAccessor15.invoke(Unknown Source)
	at sun.reflect.DelegatingMethodAccessorImpl.invoke(DelegatingMethodAccessorImpl.java:43)
	at java.lang.reflect.Method.invoke(Method.java:498)
	at org.testng.internal.MethodInvocationHelper.invokeMethod(MethodInvocationHelper.java:80)
	at org.testng.internal.Invoker.invokeConfigurationMethod(Invoker.java:564)
	at org.testng.internal.Invoker.invokeConfigurations(Invoker.java:213)
	at org.testng.internal.Invoker.invokeMethod(Invoker.java:653)
	at org.testng.internal.Invoker.invokeTestMethod(Invoker.java:901)
	at org.testng.internal.Invoker.invokeTestMethods(Invoker.java:1231)
	at org.testng.internal.TestMethodWorker.invokeTestMethods(TestMethodWorker.java:127)
	at org.testng.internal.TestMethodWorker.run(TestMethodWorker.java:111)
	at org.testng.TestRunner.privateRun(TestRunner.java:767)
	at org.testng.TestRunner.run(TestRunner.java:617)
	at org.testng.SuiteRunner.runTest(SuiteRunner.java:334)
	at org.testng.SuiteRunner.runSequentially(SuiteRunner.java:329)
	at org.testng.SuiteRunner.privateRun(SuiteRunner.java:291)
	at org.testng.SuiteRunner.run(SuiteRunner.java:240)
	at org.testng.SuiteRunnerWorker.runSuite(SuiteRunnerWorker.java:52)
	at org.testng.SuiteRunnerWorker.run(SuiteRunnerWorker.java:86)
	at org.testng.TestNG.runSuitesSequentially(TestNG.java:1198)
	at org.testng.TestNG.runSuitesLocally(TestNG.java:1123)
	at org.testng.TestNG.run(TestNG.java:1031)
	at org.testng.remote.AbstractRemoteTestNG.run(AbstractRemoteTestNG.java:126)
	at org.testng.remote.RemoteTestNG.initAndRun(RemoteTestNG.java:137)
	at org.testng.remote.RemoteTestNG.main(RemoteTestNG.java:58)
Caused by: org.openqa.selenium.WebDriverException: org.apache.http.conn.HttpHostConnectException: Connect to 127.0.0.1:4723 [/127.0.0.1] failed: Connection refused
Build info: version: '2.48.2', revision: '41bccdd10cf2c0560f637404c2d96164b67d9d67', time: '2015-10-09 13:08:06'
System info: host: 'indrajeets-MacBook-Pro.local', ip: '192.168.56.1', os.name: 'Mac OS X', os.arch: 'x86_64', os.version: '10.11.4', java.version: '1.8.0_91'
Driver info: driver.version: AppiumDriver
	at io.appium.java_client.remote.AppiumCommandExecutor.execute(AppiumCommandExecutor.java:79)
	at org.openqa.selenium.remote.RemoteWebDriver.execute(RemoteWebDriver.java:620)
	... 29 more
Caused by: org.apache.http.conn.HttpHostConnectException: Connect to 127.0.0.1:4723 [/127.0.0.1] failed: Connection refused
	at org.apache.http.impl.conn.HttpClientConnectionOperator.connect(HttpClientConnectionOperator.java:140)
	at org.apache.http.impl.conn.PoolingHttpClientConnectionManager.connect(PoolingHttpClientConnectionManager.java:314)
	at org.apache.http.impl.execchain.MainClientExec.establishRoute(MainClientExec.java:363)
	at org.apache.http.impl.execchain.MainClientExec.execute(MainClientExec.java:219)
	at org.apache.http.impl.execchain.ProtocolExec.execute(ProtocolExec.java:195)
	at org.apache.http.impl.execchain.RetryExec.execute(RetryExec.java:86)
	at org.apache.http.impl.execchain.RedirectExec.execute(RedirectExec.java:108)
	at org.apache.http.impl.client.InternalHttpClient.doExecute(InternalHttpClient.java:186)
	at org.apache.http.impl.client.CloseableHttpClient.execute(CloseableHttpClient.java:72)
	at org.apache.http.impl.client.CloseableHttpClient.execute(CloseableHttpClient.java:57)
	at org.openqa.selenium.remote.internal.ApacheHttpClient.fallBackExecute(ApacheHttpClient.java:143)
	at org.openqa.selenium.remote.internal.ApacheHttpClient.execute(ApacheHttpClient.java:89)
	at org.openqa.selenium.remote.HttpCommandExecutor.execute(HttpCommandExecutor.java:142)
	at io.appium.java_client.remote.AppiumCommandExecutor.execute(AppiumCommandExecutor.java:67)
	... 30 more
Caused by: java.net.ConnectException: Connection refused
	at java.net.PlainSocketImpl.socketConnect(Native Method)
	at java.net.AbstractPlainSocketImpl.doConnect(AbstractPlainSocketImpl.java:350)
	at java.net.AbstractPlainSocketImpl.connectToAddress(AbstractPlainSocketImpl.java:206)
	at java.net.AbstractPlainSocketImpl.connect(AbstractPlainSocketImpl.java:188)
	at java.net.SocksSocketImpl.connect(SocksSocketImpl.java:392)
	at java.net.Socket.connect(Socket.java:589)
	at org.apache.http.conn.socket.PlainConnectionSocketFactory.connectSocket(PlainConnectionSocketFactory.java:72)
	at org.apache.http.impl.conn.HttpClientConnectionOperator.connect(HttpClientConnectionOperator.java:117)
	... 43 more
]]>
    </failure>
  </testcase> <!-- @BeforeMethod reportHeader -->
  <testcase name="@BeforeMethod reportHeader" time="0.0" classname="com.mobile.scripts.RP_009_TestSignUp">
    <skipped/>
  </testcase> <!-- @BeforeMethod reportHeader -->
  <testcase name="@BeforeMethod reportHeader" time="0.0" classname="com.mobile.scripts.RP_010_ConnectWithFacebook">
    <skipped/>
  </testcase> <!-- @BeforeMethod reportHeader -->
  <testcase name="@BeforeMethod reportHeader" time="0.0" classname="com.mobile.scripts.RP_011_TestForgotPassword">
    <skipped/>
  </testcase> <!-- @BeforeMethod reportHeader -->
  <testcase name="@BeforeMethod reportHeader" time="0.0" classname="com.mobile.scripts.RP_012_ValidateSocialNetworkLinksInAboutUs">
    <skipped/>
  </testcase> <!-- @BeforeMethod reportHeader -->
  <testcase name="@BeforeMethod reportHeader" time="0.0" classname="com.mobile.scripts.RP_013_ValidateFooterLinksInAboutUs">
    <skipped/>
  </testcase> <!-- @BeforeMethod reportHeader -->
  <testcase name="@BeforeMethod reportHeader" time="0.0" classname="com.mobile.scripts.RP_014_TestInHousePhone">
    <skipped/>
  </testcase> <!-- @BeforeMethod reportHeader -->
  <testcase name="@BeforeMethod reportHeader" time="0.0" classname="com.mobile.scripts.RP_014_TestInHousePhone">
    <skipped/>
  </testcase> <!-- @BeforeMethod reportHeader -->
  <testcase name="@BeforeMethod reportHeader" time="0.0" classname="com.mobile.scripts.RP_015_TestChatWithFrontDesk">
    <skipped/>
  </testcase> <!-- @BeforeMethod reportHeader -->
  <testcase name="@BeforeMethod reportHeader" time="0.0" classname="com.mobile.scripts.RP_016_TestTabsLocalAttractions">
    <skipped/>
  </testcase> <!-- @BeforeMethod reportHeader -->
  <testcase name="@BeforeMethod reportHeader" time="0.0" classname="com.mobile.scripts.RP_017_TestInputCreditCards">
    <skipped/>
  </testcase> <!-- @BeforeMethod reportHeader -->
  <testcase name="@BeforeMethod reportHeader" time="0.0" classname="com.mobile.scripts.RP_017_TestInputCreditCards">
    <skipped/>
  </testcase> <!-- @BeforeMethod reportHeader -->
  <testcase name="@BeforeMethod reportHeader" time="0.0" classname="com.mobile.scripts.RP_017_TestInputCreditCards">
    <skipped/>
  </testcase> <!-- @BeforeMethod reportHeader -->
  <testcase name="smokeTestHomeMainMenu_inStay" time="213.808" classname="com.mobile.scripts.RP_Smoke_TestHomeMainMenu_inStay"/>
  <testcase name="smokeTestBookNow" time="147.28" classname="com.mobile.scripts.RP_Smoke_TestBookNow"/>
  <testcase name="smokeTestHomeMainMenu_logout" time="161.68" classname="com.mobile.scripts.RP_Smoke_TestHomeMainMenu_logout"/>
  <testcase name="smokeTestMyAccount" time="75.696" classname="com.mobile.scripts.RP_Smoke_TestMyAccount"/>
  <testcase name="smokeTestRetrieveBookings" time="32.587" classname="com.mobile.scripts.RP_Smoke_TestRetrieveBookings"/>
  <testcase name="validateTestLogin" time="96.94" classname="com.mobile.scripts.RP_001_TestLoginFromInStayMode"/>
  <testcase name="validateTestLogin" time="96.582" classname="com.mobile.scripts.RP_001_TestLoginFromInStayMode"/>
  <testcase name="validateTestLogin" time="97.311" classname="com.mobile.scripts.RP_001_TestLoginFromInStayMode"/>
  <testcase name="validateTestLogin" time="96.285" classname="com.mobile.scripts.RP_001_TestLoginFromInStayMode"/>
  <testcase name="validateTestLogin" time="53.174" classname="com.mobile.scripts.RP_001_TestLoginFromInStayMode"/>
  <testcase name="logInFromBookingScreen" time="232.251" classname="com.mobile.scripts.RP_002_TestLogInFromBooking"/>
  <testcase name="testSearchHotels" time="122.796" classname="com.mobile.scripts.RP_003_TestSearchHotels"/>
  <testcase name="testSearchHotels" time="223.616" classname="com.mobile.scripts.RP_003_TestSearchHotels"/>
  <testcase name="testBookingAsGuestFromHome" time="318.998" classname="com.mobile.scripts.RP_004_GuestBookingFromInstayMode"/>
  <testcase name="testBookingAsGuestFromBookNow" time="338.811" classname="com.mobile.scripts.RP_005_GuestBookingFromBookNow"/>
  <testcase name="testBookingAsGuestFromBookNow" time="321.346" classname="com.mobile.scripts.RP_005_GuestBookingFromBookNow"/>
  <testcase name="testBookingAsGuestFromBookNow" time="303.981" classname="com.mobile.scripts.RP_005_GuestBookingFromBookNow"/>
  <testcase name="testBookingAsMember" time="354.962" classname="com.mobile.scripts.RP_006_BookingAsAMember"/>
  <testcase name="testBookingAsMember" time="349.346" classname="com.mobile.scripts.RP_006_BookingAsAMember"/>
  <testcase name="testBookingAsMember" time="366.506" classname="com.mobile.scripts.RP_006_BookingAsAMember"/>
  <testcase name="testRetriveBookingAsGuest" time="380.352" classname="com.mobile.scripts.RP_007_RetriveBookingAsGuest"/>
  <testcase name="retriveBookingAsMember" time="69301.596" classname="com.mobile.scripts.RP_008_RetriveBookingAsMember">
    <failure type="org.openqa.selenium.remote.UnreachableBrowserException" message="Error communicating with the remote browser. It may have died.
Build info: version: &amp;apos;2.48.2&amp;apos;, revision: &amp;apos;41bccdd10cf2c0560f637404c2d96164b67d9d67&amp;apos;, time: &amp;apos;2015-10-09 13:08:06&amp;apos;
System info: host: &amp;apos;indrajeets-MacBook-Pro.local&amp;apos;, ip: &amp;apos;192.168.56.1&amp;apos;, os.name: &amp;apos;Mac OS X&amp;apos;, os.arch: &amp;apos;x86_64&amp;apos;, os.version: &amp;apos;10.11.4&amp;apos;, java.version: &amp;apos;1.8.0_91&amp;apos;
Driver info: driver.version: RemoteWebDriver">
      <![CDATA[org.openqa.selenium.remote.UnreachableBrowserException: Error communicating with the remote browser. It may have died.
Build info: version: '2.48.2', revision: '41bccdd10cf2c0560f637404c2d96164b67d9d67', time: '2015-10-09 13:08:06'
System info: host: 'indrajeets-MacBook-Pro.local', ip: '192.168.56.1', os.name: 'Mac OS X', os.arch: 'x86_64', os.version: '10.11.4', java.version: '1.8.0_91'
Driver info: driver.version: RemoteWebDriver
	at org.openqa.selenium.remote.RemoteWebDriver.execute(RemoteWebDriver.java:641)
	at io.appium.java_client.DefaultGenericMobileDriver.execute(DefaultGenericMobileDriver.java:42)
	at io.appium.java_client.AppiumDriver.execute(AppiumDriver.java:206)
	at org.openqa.selenium.remote.RemoteWebDriver.getScreenshotAs(RemoteWebDriver.java:325)
	at com.ctaf.accelerators.ActionEngine.screenShot(ActionEngine.java:1706)
	at com.ctaf.utilities.Reporter.failureReport(Reporter.java:87)
	at com.mobile.scripts.RP_008_RetriveBookingAsMember.retriveBookingAsMember(RP_008_RetriveBookingAsMember.java:76)
	at sun.reflect.NativeMethodAccessorImpl.invoke0(Native Method)
	at sun.reflect.NativeMethodAccessorImpl.invoke(NativeMethodAccessorImpl.java:62)
	at sun.reflect.DelegatingMethodAccessorImpl.invoke(DelegatingMethodAccessorImpl.java:43)
	at java.lang.reflect.Method.invoke(Method.java:498)
	at org.testng.internal.MethodInvocationHelper.invokeMethod(MethodInvocationHelper.java:80)
	at org.testng.internal.Invoker.invokeMethod(Invoker.java:714)
	at org.testng.internal.Invoker.invokeTestMethod(Invoker.java:901)
	at org.testng.internal.Invoker.invokeTestMethods(Invoker.java:1231)
	at org.testng.internal.TestMethodWorker.invokeTestMethods(TestMethodWorker.java:127)
	at org.testng.internal.TestMethodWorker.run(TestMethodWorker.java:111)
	at org.testng.TestRunner.privateRun(TestRunner.java:767)
	at org.testng.TestRunner.run(TestRunner.java:617)
	at org.testng.SuiteRunner.runTest(SuiteRunner.java:334)
	at org.testng.SuiteRunner.runSequentially(SuiteRunner.java:329)
	at org.testng.SuiteRunner.privateRun(SuiteRunner.java:291)
	at org.testng.SuiteRunner.run(SuiteRunner.java:240)
	at org.testng.SuiteRunnerWorker.runSuite(SuiteRunnerWorker.java:52)
	at org.testng.SuiteRunnerWorker.run(SuiteRunnerWorker.java:86)
	at org.testng.TestNG.runSuitesSequentially(TestNG.java:1198)
	at org.testng.TestNG.runSuitesLocally(TestNG.java:1123)
	at org.testng.TestNG.run(TestNG.java:1031)
	at org.testng.remote.AbstractRemoteTestNG.run(AbstractRemoteTestNG.java:126)
	at org.testng.remote.RemoteTestNG.initAndRun(RemoteTestNG.java:137)
	at org.testng.remote.RemoteTestNG.main(RemoteTestNG.java:58)
Caused by: org.openqa.selenium.WebDriverException: org.apache.http.conn.HttpHostConnectException: Connect to 127.0.0.1:4723 [/127.0.0.1] failed: Connection refused
Build info: version: '2.48.2', revision: '41bccdd10cf2c0560f637404c2d96164b67d9d67', time: '2015-10-09 13:08:06'
System info: host: 'indrajeets-MacBook-Pro.local', ip: '192.168.56.1', os.name: 'Mac OS X', os.arch: 'x86_64', os.version: '10.11.4', java.version: '1.8.0_91'
Driver info: driver.version: RemoteWebDriver
	at io.appium.java_client.remote.AppiumCommandExecutor.execute(AppiumCommandExecutor.java:79)
	at org.openqa.selenium.remote.RemoteWebDriver.execute(RemoteWebDriver.java:620)
	... 30 more
Caused by: org.apache.http.conn.HttpHostConnectException: Connect to 127.0.0.1:4723 [/127.0.0.1] failed: Connection refused
	at org.apache.http.impl.conn.HttpClientConnectionOperator.connect(HttpClientConnectionOperator.java:140)
	at org.apache.http.impl.conn.PoolingHttpClientConnectionManager.connect(PoolingHttpClientConnectionManager.java:314)
	at org.apache.http.impl.execchain.MainClientExec.establishRoute(MainClientExec.java:363)
	at org.apache.http.impl.execchain.MainClientExec.execute(MainClientExec.java:219)
	at org.apache.http.impl.execchain.ProtocolExec.execute(ProtocolExec.java:195)
	at org.apache.http.impl.execchain.RetryExec.execute(RetryExec.java:86)
	at org.apache.http.impl.execchain.RedirectExec.execute(RedirectExec.java:108)
	at org.apache.http.impl.client.InternalHttpClient.doExecute(InternalHttpClient.java:186)
	at org.apache.http.impl.client.CloseableHttpClient.execute(CloseableHttpClient.java:72)
	at org.apache.http.impl.client.CloseableHttpClient.execute(CloseableHttpClient.java:57)
	at org.openqa.selenium.remote.internal.ApacheHttpClient.fallBackExecute(ApacheHttpClient.java:143)
	at org.openqa.selenium.remote.internal.ApacheHttpClient.execute(ApacheHttpClient.java:89)
	at org.openqa.selenium.remote.HttpCommandExecutor.execute(HttpCommandExecutor.java:142)
	at io.appium.java_client.remote.AppiumCommandExecutor.execute(AppiumCommandExecutor.java:67)
	... 31 more
Caused by: java.net.ConnectException: Connection refused
	at java.net.PlainSocketImpl.socketConnect(Native Method)
	at java.net.AbstractPlainSocketImpl.doConnect(AbstractPlainSocketImpl.java:350)
	at java.net.AbstractPlainSocketImpl.connectToAddress(AbstractPlainSocketImpl.java:206)
	at java.net.AbstractPlainSocketImpl.connect(AbstractPlainSocketImpl.java:188)
	at java.net.SocksSocketImpl.connect(SocksSocketImpl.java:392)
	at java.net.Socket.connect(Socket.java:589)
	at org.apache.http.conn.socket.PlainConnectionSocketFactory.connectSocket(PlainConnectionSocketFactory.java:72)
	at org.apache.http.impl.conn.HttpClientConnectionOperator.connect(HttpClientConnectionOperator.java:117)
	... 44 more
]]>
    </failure>
  </testcase> <!-- retriveBookingAsMember -->
  <testcase name="testSignUpUser" time="0.001" classname="com.mobile.scripts.RP_009_TestSignUp">
    <skipped/>
  </testcase> <!-- testSignUpUser -->
  <testcase name="testSignUpUser" time="0.0" classname="com.mobile.scripts.RP_009_TestSignUp">
    <skipped/>
  </testcase> <!-- testSignUpUser -->
  <testcase name="validateConnectWithFacebook" time="0.001" classname="com.mobile.scripts.RP_010_ConnectWithFacebook">
    <skipped/>
  </testcase> <!-- validateConnectWithFacebook -->
  <testcase name="testForgotPassword" time="0.0" classname="com.mobile.scripts.RP_011_TestForgotPassword">
    <skipped/>
  </testcase> <!-- testForgotPassword -->
  <testcase name="ValidateSocialNetworkLinksInAboutUs" time="0.001" classname="com.mobile.scripts.RP_012_ValidateSocialNetworkLinksInAboutUs">
    <skipped/>
  </testcase> <!-- ValidateSocialNetworkLinksInAboutUs -->
  <testcase name="ValidateFooterLinksInAboutUs" time="0.001" classname="com.mobile.scripts.RP_013_ValidateFooterLinksInAboutUs">
    <skipped/>
  </testcase> <!-- ValidateFooterLinksInAboutUs -->
  <testcase name="testInHousePhone" time="0.0" classname="com.mobile.scripts.RP_014_TestInHousePhone">
    <skipped/>
  </testcase> <!-- testInHousePhone -->
  <testcase name="testInHousePhone" time="0.001" classname="com.mobile.scripts.RP_014_TestInHousePhone">
    <skipped/>
  </testcase> <!-- testInHousePhone -->
  <testcase name="testChatWithFrontDesk" time="0.0" classname="com.mobile.scripts.RP_015_TestChatWithFrontDesk">
    <skipped/>
  </testcase> <!-- testChatWithFrontDesk -->
  <testcase name="testLocalAttractions" time="0.001" classname="com.mobile.scripts.RP_016_TestTabsLocalAttractions">
    <skipped/>
  </testcase> <!-- testLocalAttractions -->
  <testcase name="testInputCreditCards" time="0.001" classname="com.mobile.scripts.RP_017_TestInputCreditCards">
    <skipped/>
  </testcase> <!-- testInputCreditCards -->
  <testcase name="testInputCreditCards" time="0.0" classname="com.mobile.scripts.RP_017_TestInputCreditCards">
    <skipped/>
  </testcase> <!-- testInputCreditCards -->
  <testcase name="testInputCreditCards" time="0.0" classname="com.mobile.scripts.RP_017_TestInputCreditCards">
    <skipped/>
  </testcase> <!-- testInputCreditCards -->
</testsuite> <!-- Grouping -->
