<html>
<head>
<title>TestNG:  Grouping</title>
<link href="../testng.css" rel="stylesheet" type="text/css" />
<link href="../my-testng.css" rel="stylesheet" type="text/css" />

<style type="text/css">
.log { display: none;} 
.stack-trace { display: none;} 
</style>
<script type="text/javascript">
<!--
function flip(e) {
  current = e.style.display;
  if (current == 'block') {
    e.style.display = 'none';
    return 0;
  }
  else {
    e.style.display = 'block';
    return 1;
  }
}

function toggleBox(szDivId, elem, msg1, msg2)
{
  var res = -1;  if (document.getElementById) {
    res = flip(document.getElementById(szDivId));
  }
  else if (document.all) {
    // this is the way old msie versions work
    res = flip(document.all[szDivId]);
  }
  if(elem) {
    if(res == 0) elem.innerHTML = msg1; else elem.innerHTML = msg2;
  }

}

function toggleAllBoxes() {
  if (document.getElementsByTagName) {
    d = document.getElementsByTagName('div');
    for (i = 0; i < d.length; i++) {
      if (d[i].className == 'log') {
        flip(d[i]);
      }
    }
  }
}

// -->
</script>

</head>
<body>
<h2 align='center'>Grouping</h2><table border='1' align="center">
<tr>
<td>Tests passed/Failed/Skipped:</td><td>21/1/13</td>
</tr><tr>
<td>Started on:</td><td>Mon Jul 25 15:33:26 IST 2016</td>
</tr>
<tr><td>Total time:</td><td>75435 seconds (75435888 ms)</td>
</tr><tr>
<td>Included groups:</td><td>Mobile </td>
</tr><tr>
<td>Excluded groups:</td><td></td>
</tr>
</table><p/>
<small><i>(Hover the method name to see the test class name)</i></small><p/>
<table width='100%' border='1' class='invocation-failed'>
<tr><td colspan='4' align='center'><b>FAILED CONFIGURATIONS</b></td></tr>
<tr><td><b>Test method</b></td>
<td width="30%"><b>Exception</b></td>
<td width="10%"><b>Time (seconds)</b></td>
<td><b>Instance</b></td>
</tr>
<tr>
<td title='com.mobile.scripts.RP_009_TestSignUp.reportHeader()'><b>reportHeader</b><br>Test class: com.mobile.scripts.RP_009_TestSignUp<br>Parameters: public void com.mobile.scripts.RP_009_TestSignUp.testSignUpUser(java.lang.String,java.lang.String,java.lang.String,java.lang.String,boolean,java.lang.String) throws java.lang.Throwable</td>
<td><div><pre>org.openqa.selenium.remote.UnreachableBrowserException: Error communicating with the remote browser. It may have died.
Build info: version: &apos;2.48.2&apos;, revision: &apos;41bccdd10cf2c0560f637404c2d96164b67d9d67&apos;, time: &apos;2015-10-09 13:08:06&apos;
System info: host: &apos;indrajeets-MacBook-Pro.local&apos;, ip: &apos;192.168.56.1&apos;, os.name: &apos;Mac OS X&apos;, os.arch: &apos;x86_64&apos;, os.version: &apos;10.11.4&apos;, java.version: &apos;1.8.0_91&apos;
Driver info: driver.version: AppiumDriver
	at org.openqa.selenium.remote.RemoteWebDriver.execute(RemoteWebDriver.java:641)
	at io.appium.java_client.DefaultGenericMobileDriver.execute(DefaultGenericMobileDriver.java:42)
	at io.appium.java_client.AppiumDriver.execute(AppiumDriver.java:206)
	at io.appium.java_client.AppiumDriver.resetApp(AppiumDriver.java:219)
	at com.ctaf.accelerators.TestEngine.reportHeader(TestEngine.java:398)
	at sun.reflect.GeneratedMethodAccessor15.invoke(Unknown Source)
	at sun.reflect.DelegatingMethodAccessorImpl.invoke(DelegatingMethodAccessorImpl.java:43)
	at java.lang.reflect.Method.invoke(Method.java:498)
	at org.testng.internal.MethodInvocationHelper.invokeMethod(MethodInvocationHelper.java:80)
	at org.testng.internal.Invoker.invokeConfigurationMethod(Invoker.java:564)
	at org.testng.internal.Invoker.invokeConfigurations(Invoker.java:213)
	at org.testng.internal.Invoker.invokeMethod(Invoker.java:653)
	at org.testng.internal.Invoker.invokeTestMethod(Invoker.java:901)
	at org.testng.internal.Invoker.invokeTestMethods(Invoker.java:1231)
	at org.testng.internal.TestMethodWorker.invokeTestMethods(TestMethodWorker.java:127)
	at org.testng.internal.TestMethodWorker.run(TestMethodWorker.java:111)
	at org.testng.TestRunner.privateRun(TestRunner.java:767)
	at org.testng.TestRunner.run(TestRunner.java:617)
	at org.testng.SuiteRunner.runTest(SuiteRunner.java:334)
	at org.testng.SuiteRunner.runSequentially(SuiteRunner.java:329)
	at org.testng.SuiteRunner.privateRun(SuiteRunner.java:291)
	at org.testng.SuiteRunner.run(SuiteRunner.java:240)
	at org.testng.SuiteRunnerWorker.runSuite(SuiteRunnerWorker.java:52)
	at org.testng.SuiteRunnerWorker.run(SuiteRunnerWorker.java:86)
	at org.testng.TestNG.runSuitesSequentially(TestNG.java:1198)
	at org.testng.TestNG.runSuitesLocally(TestNG.java:1123)
	at org.testng.TestNG.run(TestNG.java:1031)
	at org.testng.remote.AbstractRemoteTestNG.run(AbstractRemoteTestNG.java:126)
	at org.testng.remote.RemoteTestNG.initAndRun(RemoteTestNG.java:137)
	at org.testng.remote.RemoteTestNG.main(RemoteTestNG.java:58)
Caused by: org.openqa.selenium.WebDriverException: org.apache.http.conn.HttpHostConnectException: Connect to 127.0.0.1:4723 [/127.0.0.1] failed: Connection refused
Build info: version: &apos;2.48.2&apos;, revision: &apos;41bccdd10cf2c0560f637404c2d96164b67d9d67&apos;, time: &apos;2015-10-09 13:08:06&apos;
System info: host: &apos;indrajeets-MacBook-Pro.local&apos;, ip: &apos;192.168.56.1&apos;, os.name: &apos;Mac OS X&apos;, os.arch: &apos;x86_64&apos;, os.version: &apos;10.11.4&apos;, java.version: &apos;1.8.0_91&apos;
Driver info: driver.version: AppiumDriver
	at io.appium.java_client.remote.AppiumCommandExecutor.execute(AppiumCommandExecutor.java:79)
	at org.openqa.selenium.remote.RemoteWebDriver.execute(RemoteWebDriver.java:620)
	... 29 more
Caused by: org.apache.http.conn.HttpHostConnectException: Connect to 127.0.0.1:4723 [/127.0.0.1] failed: Connection refused
	at org.apache.http.impl.conn.HttpClientConnectionOperator.connect(HttpClientConnectionOperator.java:140)
	at org.apache.http.impl.conn.PoolingHttpClientConnectionManager.connect(PoolingHttpClientConnectionManager.java:314)
	at org.apache.http.impl.execchain.MainClientExec.establishRoute(MainClientExec.java:363)
	at org.apache.http.impl.execchain.MainClientExec.execute(MainClientExec.java:219)
	at org.apache.http.impl.execchain.ProtocolExec.execute(ProtocolExec.java:195)
	at org.apache.http.impl.execchain.RetryExec.execute(RetryExec.java:86)
	at org.apache.http.impl.execchain.RedirectExec.execute(RedirectExec.java:108)
	at org.apache.http.impl.client.InternalHttpClient.doExecute(InternalHttpClient.java:186)
	at org.apache.http.impl.client.CloseableHttpClient.execute(CloseableHttpClient.java:72)
	at org.apache.http.impl.client.CloseableHttpClient.execute(CloseableHttpClient.java:57)
	at org.openqa.selenium.remote.internal.ApacheHttpClient.fallBackExecute(ApacheHttpClient.java:143)
	at org.openqa.selenium.remote.internal.ApacheHttpClient.execute(ApacheHttpClient.java:89)
	at org.openqa.selenium.remote.HttpCommandExecutor.execute(HttpCommandExecutor.java:142)
	at io.appium.java_client.remote.AppiumCommandExecutor.execute(AppiumCommandExecutor.java:67)
	... 30 more
Caused by: java.net.ConnectException: Connection refused
	at java.net.PlainSocketImpl.socketConnect(Native Method)
	at java.net.AbstractPlainSocketImpl.doConnect(AbstractPlainSocketImpl.java:350)
	at java.net.AbstractPlainSocketImpl.connectToAddress(AbstractPlainSocketImpl.java:206)
	at java.net.AbstractPlainSocketImpl.connect(AbstractPlainSocketImpl.java:188)
	at java.net.SocksSocketImpl.connect(SocksSocketImpl.java:392)
	at java.net.Socket.connect(Socket.java:589)
	at org.apache.http.conn.socket.PlainConnectionSocketFactory.connectSocket(PlainConnectionSocketFactory.java:72)
	at org.apache.http.impl.conn.HttpClientConnectionOperator.connect(HttpClientConnectionOperator.java:117)
	... 43 more
</pre></div><a href='#' onClick='toggleBox("stack-trace172678484", this, "Click to show all stack frames", "Click to hide stack frames")'>Click to show all stack frames</a>
<div class='stack-trace' id='stack-trace172678484'><pre>org.openqa.selenium.remote.UnreachableBrowserException: Error communicating with the remote browser. It may have died.
Build info: version: &apos;2.48.2&apos;, revision: &apos;41bccdd10cf2c0560f637404c2d96164b67d9d67&apos;, time: &apos;2015-10-09 13:08:06&apos;
System info: host: &apos;indrajeets-MacBook-Pro.local&apos;, ip: &apos;192.168.56.1&apos;, os.name: &apos;Mac OS X&apos;, os.arch: &apos;x86_64&apos;, os.version: &apos;10.11.4&apos;, java.version: &apos;1.8.0_91&apos;
Driver info: driver.version: AppiumDriver
	at org.openqa.selenium.remote.RemoteWebDriver.execute(RemoteWebDriver.java:641)
	at io.appium.java_client.DefaultGenericMobileDriver.execute(DefaultGenericMobileDriver.java:42)
	at io.appium.java_client.AppiumDriver.execute(AppiumDriver.java:206)
	at io.appium.java_client.AppiumDriver.resetApp(AppiumDriver.java:219)
	at com.ctaf.accelerators.TestEngine.reportHeader(TestEngine.java:398)
	at sun.reflect.GeneratedMethodAccessor15.invoke(Unknown Source)
	at sun.reflect.DelegatingMethodAccessorImpl.invoke(DelegatingMethodAccessorImpl.java:43)
	at java.lang.reflect.Method.invoke(Method.java:498)
	at org.testng.internal.MethodInvocationHelper.invokeMethod(MethodInvocationHelper.java:80)
	at org.testng.internal.Invoker.invokeConfigurationMethod(Invoker.java:564)
	at org.testng.internal.Invoker.invokeConfigurations(Invoker.java:213)
	at org.testng.internal.Invoker.invokeMethod(Invoker.java:653)
	at org.testng.internal.Invoker.invokeTestMethod(Invoker.java:901)
	at org.testng.internal.Invoker.invokeTestMethods(Invoker.java:1231)
	at org.testng.internal.TestMethodWorker.invokeTestMethods(TestMethodWorker.java:127)
	at org.testng.internal.TestMethodWorker.run(TestMethodWorker.java:111)
	at org.testng.TestRunner.privateRun(TestRunner.java:767)
	at org.testng.TestRunner.run(TestRunner.java:617)
	at org.testng.SuiteRunner.runTest(SuiteRunner.java:334)
	at org.testng.SuiteRunner.runSequentially(SuiteRunner.java:329)
	at org.testng.SuiteRunner.privateRun(SuiteRunner.java:291)
	at org.testng.SuiteRunner.run(SuiteRunner.java:240)
	at org.testng.SuiteRunnerWorker.runSuite(SuiteRunnerWorker.java:52)
	at org.testng.SuiteRunnerWorker.run(SuiteRunnerWorker.java:86)
	at org.testng.TestNG.runSuitesSequentially(TestNG.java:1198)
	at org.testng.TestNG.runSuitesLocally(TestNG.java:1123)
	at org.testng.TestNG.run(TestNG.java:1031)
	at org.testng.remote.AbstractRemoteTestNG.run(AbstractRemoteTestNG.java:126)
	at org.testng.remote.RemoteTestNG.initAndRun(RemoteTestNG.java:137)
	at org.testng.remote.RemoteTestNG.main(RemoteTestNG.java:58)
Caused by: org.openqa.selenium.WebDriverException: org.apache.http.conn.HttpHostConnectException: Connect to 127.0.0.1:4723 [/127.0.0.1] failed: Connection refused
Build info: version: &apos;2.48.2&apos;, revision: &apos;41bccdd10cf2c0560f637404c2d96164b67d9d67&apos;, time: &apos;2015-10-09 13:08:06&apos;
System info: host: &apos;indrajeets-MacBook-Pro.local&apos;, ip: &apos;192.168.56.1&apos;, os.name: &apos;Mac OS X&apos;, os.arch: &apos;x86_64&apos;, os.version: &apos;10.11.4&apos;, java.version: &apos;1.8.0_91&apos;
Driver info: driver.version: AppiumDriver
	at io.appium.java_client.remote.AppiumCommandExecutor.execute(AppiumCommandExecutor.java:79)
	at org.openqa.selenium.remote.RemoteWebDriver.execute(RemoteWebDriver.java:620)
	... 29 more
Caused by: org.apache.http.conn.HttpHostConnectException: Connect to 127.0.0.1:4723 [/127.0.0.1] failed: Connection refused
	at org.apache.http.impl.conn.HttpClientConnectionOperator.connect(HttpClientConnectionOperator.java:140)
	at org.apache.http.impl.conn.PoolingHttpClientConnectionManager.connect(PoolingHttpClientConnectionManager.java:314)
	at org.apache.http.impl.execchain.MainClientExec.establishRoute(MainClientExec.java:363)
	at org.apache.http.impl.execchain.MainClientExec.execute(MainClientExec.java:219)
	at org.apache.http.impl.execchain.ProtocolExec.execute(ProtocolExec.java:195)
	at org.apache.http.impl.execchain.RetryExec.execute(RetryExec.java:86)
	at org.apache.http.impl.execchain.RedirectExec.execute(RedirectExec.java:108)
	at org.apache.http.impl.client.InternalHttpClient.doExecute(InternalHttpClient.java:186)
	at org.apache.http.impl.client.CloseableHttpClient.execute(CloseableHttpClient.java:72)
	at org.apache.http.impl.client.CloseableHttpClient.execute(CloseableHttpClient.java:57)
	at org.openqa.selenium.remote.internal.ApacheHttpClient.fallBackExecute(ApacheHttpClient.java:143)
	at org.openqa.selenium.remote.internal.ApacheHttpClient.execute(ApacheHttpClient.java:89)
	at org.openqa.selenium.remote.HttpCommandExecutor.execute(HttpCommandExecutor.java:142)
	at io.appium.java_client.remote.AppiumCommandExecutor.execute(AppiumCommandExecutor.java:67)
	... 30 more
Caused by: java.net.ConnectException: Connection refused
	at java.net.PlainSocketImpl.socketConnect(Native Method)
	at java.net.AbstractPlainSocketImpl.doConnect(AbstractPlainSocketImpl.java:350)
	at java.net.AbstractPlainSocketImpl.connectToAddress(AbstractPlainSocketImpl.java:206)
	at java.net.AbstractPlainSocketImpl.connect(AbstractPlainSocketImpl.java:188)
	at java.net.SocksSocketImpl.connect(SocksSocketImpl.java:392)
	at java.net.Socket.connect(Socket.java:589)
	at org.apache.http.conn.socket.PlainConnectionSocketFactory.connectSocket(PlainConnectionSocketFactory.java:72)
	at org.apache.http.impl.conn.HttpClientConnectionOperator.connect(HttpClientConnectionOperator.java:117)
	... 43 more
</pre></div></td>
<td>0</td>
<td>com.mobile.scripts.RP_009_TestSignUp@12468a38</td></tr>
</table><p>
<table width='100%' border='1' class='invocation-skipped'>
<tr><td colspan='4' align='center'><b>SKIPPED CONFIGURATIONS</b></td></tr>
<tr><td><b>Test method</b></td>
<td width="30%"><b>Exception</b></td>
<td width="10%"><b>Time (seconds)</b></td>
<td><b>Instance</b></td>
</tr>
<tr>
<td title='com.mobile.scripts.RP_009_TestSignUp.reportHeader()'><b>reportHeader</b><br>Test class: com.mobile.scripts.RP_009_TestSignUp</td>
<td></td>
<td>0</td>
<td>com.mobile.scripts.RP_009_TestSignUp@12468a38</td></tr>
<tr>
<td title='com.mobile.scripts.RP_010_ConnectWithFacebook.reportHeader()'><b>reportHeader</b><br>Test class: com.mobile.scripts.RP_010_ConnectWithFacebook</td>
<td></td>
<td>0</td>
<td>com.mobile.scripts.RP_010_ConnectWithFacebook@4a94ee4</td></tr>
<tr>
<td title='com.mobile.scripts.RP_011_TestForgotPassword.reportHeader()'><b>reportHeader</b><br>Test class: com.mobile.scripts.RP_011_TestForgotPassword</td>
<td></td>
<td>0</td>
<td>com.mobile.scripts.RP_011_TestForgotPassword@4cc451f2</td></tr>
<tr>
<td title='com.mobile.scripts.RP_012_ValidateSocialNetworkLinksInAboutUs.reportHeader()'><b>reportHeader</b><br>Test class: com.mobile.scripts.RP_012_ValidateSocialNetworkLinksInAboutUs</td>
<td></td>
<td>0</td>
<td>com.mobile.scripts.RP_012_ValidateSocialNetworkLinksInAboutUs@9f116cc</td></tr>
<tr>
<td title='com.mobile.scripts.RP_013_ValidateFooterLinksInAboutUs.reportHeader()'><b>reportHeader</b><br>Test class: com.mobile.scripts.RP_013_ValidateFooterLinksInAboutUs</td>
<td></td>
<td>0</td>
<td>com.mobile.scripts.RP_013_ValidateFooterLinksInAboutUs@1fa268de</td></tr>
<tr>
<td title='com.mobile.scripts.RP_014_TestInHousePhone.reportHeader()'><b>reportHeader</b><br>Test class: com.mobile.scripts.RP_014_TestInHousePhone</td>
<td></td>
<td>0</td>
<td>com.mobile.scripts.RP_014_TestInHousePhone@6379eb</td></tr>
<tr>
<td title='com.mobile.scripts.RP_014_TestInHousePhone.reportHeader()'><b>reportHeader</b><br>Test class: com.mobile.scripts.RP_014_TestInHousePhone</td>
<td></td>
<td>0</td>
<td>com.mobile.scripts.RP_014_TestInHousePhone@6379eb</td></tr>
<tr>
<td title='com.mobile.scripts.RP_015_TestChatWithFrontDesk.reportHeader()'><b>reportHeader</b><br>Test class: com.mobile.scripts.RP_015_TestChatWithFrontDesk</td>
<td></td>
<td>0</td>
<td>com.mobile.scripts.RP_015_TestChatWithFrontDesk@3e58a80e</td></tr>
<tr>
<td title='com.mobile.scripts.RP_016_TestTabsLocalAttractions.reportHeader()'><b>reportHeader</b><br>Test class: com.mobile.scripts.RP_016_TestTabsLocalAttractions</td>
<td></td>
<td>0</td>
<td>com.mobile.scripts.RP_016_TestTabsLocalAttractions@74e52303</td></tr>
<tr>
<td title='com.mobile.scripts.RP_017_TestInputCreditCards.reportHeader()'><b>reportHeader</b><br>Test class: com.mobile.scripts.RP_017_TestInputCreditCards</td>
<td></td>
<td>0</td>
<td>com.mobile.scripts.RP_017_TestInputCreditCards@a514af7</td></tr>
<tr>
<td title='com.mobile.scripts.RP_017_TestInputCreditCards.reportHeader()'><b>reportHeader</b><br>Test class: com.mobile.scripts.RP_017_TestInputCreditCards</td>
<td></td>
<td>0</td>
<td>com.mobile.scripts.RP_017_TestInputCreditCards@a514af7</td></tr>
<tr>
<td title='com.mobile.scripts.RP_017_TestInputCreditCards.reportHeader()'><b>reportHeader</b><br>Test class: com.mobile.scripts.RP_017_TestInputCreditCards</td>
<td></td>
<td>0</td>
<td>com.mobile.scripts.RP_017_TestInputCreditCards@a514af7</td></tr>
</table><p>
<table width='100%' border='1' class='invocation-failed'>
<tr><td colspan='4' align='center'><b>FAILED TESTS</b></td></tr>
<tr><td><b>Test method</b></td>
<td width="30%"><b>Exception</b></td>
<td width="10%"><b>Time (seconds)</b></td>
<td><b>Instance</b></td>
</tr>
<tr>
<td title='com.mobile.scripts.RP_008_RetriveBookingAsMember.retriveBookingAsMember()'><b>retriveBookingAsMember</b><br>Test class: com.mobile.scripts.RP_008_RetriveBookingAsMember<br>Parameters: test53856@gmail.com, Password1, Philippines, Ermita, TestFName, TestLName, test53856@gmail.com, test, 370000000000002, 06, 2016, 7373, Validate Retrive Booking Details</td>
<td><div><pre>org.openqa.selenium.remote.UnreachableBrowserException: Error communicating with the remote browser. It may have died.
Build info: version: &apos;2.48.2&apos;, revision: &apos;41bccdd10cf2c0560f637404c2d96164b67d9d67&apos;, time: &apos;2015-10-09 13:08:06&apos;
System info: host: &apos;indrajeets-MacBook-Pro.local&apos;, ip: &apos;192.168.56.1&apos;, os.name: &apos;Mac OS X&apos;, os.arch: &apos;x86_64&apos;, os.version: &apos;10.11.4&apos;, java.version: &apos;1.8.0_91&apos;
Driver info: driver.version: RemoteWebDriver
	at org.openqa.selenium.remote.RemoteWebDriver.execute(RemoteWebDriver.java:641)
	at io.appium.java_client.DefaultGenericMobileDriver.execute(DefaultGenericMobileDriver.java:42)
	at io.appium.java_client.AppiumDriver.execute(AppiumDriver.java:206)
	at org.openqa.selenium.remote.RemoteWebDriver.getScreenshotAs(RemoteWebDriver.java:325)
	at com.ctaf.accelerators.ActionEngine.screenShot(ActionEngine.java:1706)
	at com.ctaf.utilities.Reporter.failureReport(Reporter.java:87)
	at com.mobile.scripts.RP_008_RetriveBookingAsMember.retriveBookingAsMember(RP_008_RetriveBookingAsMember.java:76)
	at sun.reflect.NativeMethodAccessorImpl.invoke0(Native Method)
	at sun.reflect.NativeMethodAccessorImpl.invoke(NativeMethodAccessorImpl.java:62)
	at sun.reflect.DelegatingMethodAccessorImpl.invoke(DelegatingMethodAccessorImpl.java:43)
	at java.lang.reflect.Method.invoke(Method.java:498)
	at org.testng.internal.MethodInvocationHelper.invokeMethod(MethodInvocationHelper.java:80)
	at org.testng.internal.Invoker.invokeMethod(Invoker.java:714)
	at org.testng.internal.Invoker.invokeTestMethod(Invoker.java:901)
	at org.testng.internal.Invoker.invokeTestMethods(Invoker.java:1231)
	at org.testng.internal.TestMethodWorker.invokeTestMethods(TestMethodWorker.java:127)
	at org.testng.internal.TestMethodWorker.run(TestMethodWorker.java:111)
	at org.testng.TestRunner.privateRun(TestRunner.java:767)
	at org.testng.TestRunner.run(TestRunner.java:617)
	at org.testng.SuiteRunner.runTest(SuiteRunner.java:334)
	at org.testng.SuiteRunner.runSequentially(SuiteRunner.java:329)
	at org.testng.SuiteRunner.privateRun(SuiteRunner.java:291)
	at org.testng.SuiteRunner.run(SuiteRunner.java:240)
	at org.testng.SuiteRunnerWorker.runSuite(SuiteRunnerWorker.java:52)
	at org.testng.SuiteRunnerWorker.run(SuiteRunnerWorker.java:86)
	at org.testng.TestNG.runSuitesSequentially(TestNG.java:1198)
	at org.testng.TestNG.runSuitesLocally(TestNG.java:1123)
	at org.testng.TestNG.run(TestNG.java:1031)
	at org.testng.remote.AbstractRemoteTestNG.run(AbstractRemoteTestNG.java:126)
	at org.testng.remote.RemoteTestNG.initAndRun(RemoteTestNG.java:137)
	at org.testng.remote.RemoteTestNG.main(RemoteTestNG.java:58)
Caused by: org.openqa.selenium.WebDriverException: org.apache.http.conn.HttpHostConnectException: Connect to 127.0.0.1:4723 [/127.0.0.1] failed: Connection refused
Build info: version: &apos;2.48.2&apos;, revision: &apos;41bccdd10cf2c0560f637404c2d96164b67d9d67&apos;, time: &apos;2015-10-09 13:08:06&apos;
System info: host: &apos;indrajeets-MacBook-Pro.local&apos;, ip: &apos;192.168.56.1&apos;, os.name: &apos;Mac OS X&apos;, os.arch: &apos;x86_64&apos;, os.version: &apos;10.11.4&apos;, java.version: &apos;1.8.0_91&apos;
Driver info: driver.version: RemoteWebDriver
	at io.appium.java_client.remote.AppiumCommandExecutor.execute(AppiumCommandExecutor.java:79)
	at org.openqa.selenium.remote.RemoteWebDriver.execute(RemoteWebDriver.java:620)
	... 30 more
Caused by: org.apache.http.conn.HttpHostConnectException: Connect to 127.0.0.1:4723 [/127.0.0.1] failed: Connection refused
	at org.apache.http.impl.conn.HttpClientConnectionOperator.connect(HttpClientConnectionOperator.java:140)
	at org.apache.http.impl.conn.PoolingHttpClientConnectionManager.connect(PoolingHttpClientConnectionManager.java:314)
	at org.apache.http.impl.execchain.MainClientExec.establishRoute(MainClientExec.java:363)
	at org.apache.http.impl.execchain.MainClientExec.execute(MainClientExec.java:219)
	at org.apache.http.impl.execchain.ProtocolExec.execute(ProtocolExec.java:195)
	at org.apache.http.impl.execchain.RetryExec.execute(RetryExec.java:86)
	at org.apache.http.impl.execchain.RedirectExec.execute(RedirectExec.java:108)
	at org.apache.http.impl.client.InternalHttpClient.doExecute(InternalHttpClient.java:186)
	at org.apache.http.impl.client.CloseableHttpClient.execute(CloseableHttpClient.java:72)
	at org.apache.http.impl.client.CloseableHttpClient.execute(CloseableHttpClient.java:57)
	at org.openqa.selenium.remote.internal.ApacheHttpClient.fallBackExecute(ApacheHttpClient.java:143)
	at org.openqa.selenium.remote.internal.ApacheHttpClient.execute(ApacheHttpClient.java:89)
	at org.openqa.selenium.remote.HttpCommandExecutor.execute(HttpCommandExecutor.java:142)
	at io.appium.java_client.remote.AppiumCommandExecutor.execute(AppiumCommandExecutor.java:67)
	... 31 more
Caused by: java.net.ConnectException: Connection refused
	at java.net.PlainSocketImpl.socketConnect(Native Method)
	at java.net.AbstractPlainSocketImpl.doConnect(AbstractPlainSocketImpl.java:350)
	at java.net.AbstractPlainSocketImpl.connectToAddress(AbstractPlainSocketImpl.java:206)
	at java.net.AbstractPlainSocketImpl.connect(AbstractPlainSocketImpl.java:188)
	at java.net.SocksSocketImpl.connect(SocksSocketImpl.java:392)
	at java.net.Socket.connect(Socket.java:589)
	at org.apache.http.conn.socket.PlainConnectionSocketFactory.connectSocket(PlainConnectionSocketFactory.java:72)
	at org.apache.http.impl.conn.HttpClientConnectionOperator.connect(HttpClientConnectionOperator.java:117)
	... 44 more
</pre></div><a href='#' onClick='toggleBox("stack-trace56861999", this, "Click to show all stack frames", "Click to hide stack frames")'>Click to show all stack frames</a>
<div class='stack-trace' id='stack-trace56861999'><pre>org.openqa.selenium.remote.UnreachableBrowserException: Error communicating with the remote browser. It may have died.
Build info: version: &apos;2.48.2&apos;, revision: &apos;41bccdd10cf2c0560f637404c2d96164b67d9d67&apos;, time: &apos;2015-10-09 13:08:06&apos;
System info: host: &apos;indrajeets-MacBook-Pro.local&apos;, ip: &apos;192.168.56.1&apos;, os.name: &apos;Mac OS X&apos;, os.arch: &apos;x86_64&apos;, os.version: &apos;10.11.4&apos;, java.version: &apos;1.8.0_91&apos;
Driver info: driver.version: RemoteWebDriver
	at org.openqa.selenium.remote.RemoteWebDriver.execute(RemoteWebDriver.java:641)
	at io.appium.java_client.DefaultGenericMobileDriver.execute(DefaultGenericMobileDriver.java:42)
	at io.appium.java_client.AppiumDriver.execute(AppiumDriver.java:206)
	at org.openqa.selenium.remote.RemoteWebDriver.getScreenshotAs(RemoteWebDriver.java:325)
	at com.ctaf.accelerators.ActionEngine.screenShot(ActionEngine.java:1706)
	at com.ctaf.utilities.Reporter.failureReport(Reporter.java:87)
	at com.mobile.scripts.RP_008_RetriveBookingAsMember.retriveBookingAsMember(RP_008_RetriveBookingAsMember.java:76)
	at sun.reflect.NativeMethodAccessorImpl.invoke0(Native Method)
	at sun.reflect.NativeMethodAccessorImpl.invoke(NativeMethodAccessorImpl.java:62)
	at sun.reflect.DelegatingMethodAccessorImpl.invoke(DelegatingMethodAccessorImpl.java:43)
	at java.lang.reflect.Method.invoke(Method.java:498)
	at org.testng.internal.MethodInvocationHelper.invokeMethod(MethodInvocationHelper.java:80)
	at org.testng.internal.Invoker.invokeMethod(Invoker.java:714)
	at org.testng.internal.Invoker.invokeTestMethod(Invoker.java:901)
	at org.testng.internal.Invoker.invokeTestMethods(Invoker.java:1231)
	at org.testng.internal.TestMethodWorker.invokeTestMethods(TestMethodWorker.java:127)
	at org.testng.internal.TestMethodWorker.run(TestMethodWorker.java:111)
	at org.testng.TestRunner.privateRun(TestRunner.java:767)
	at org.testng.TestRunner.run(TestRunner.java:617)
	at org.testng.SuiteRunner.runTest(SuiteRunner.java:334)
	at org.testng.SuiteRunner.runSequentially(SuiteRunner.java:329)
	at org.testng.SuiteRunner.privateRun(SuiteRunner.java:291)
	at org.testng.SuiteRunner.run(SuiteRunner.java:240)
	at org.testng.SuiteRunnerWorker.runSuite(SuiteRunnerWorker.java:52)
	at org.testng.SuiteRunnerWorker.run(SuiteRunnerWorker.java:86)
	at org.testng.TestNG.runSuitesSequentially(TestNG.java:1198)
	at org.testng.TestNG.runSuitesLocally(TestNG.java:1123)
	at org.testng.TestNG.run(TestNG.java:1031)
	at org.testng.remote.AbstractRemoteTestNG.run(AbstractRemoteTestNG.java:126)
	at org.testng.remote.RemoteTestNG.initAndRun(RemoteTestNG.java:137)
	at org.testng.remote.RemoteTestNG.main(RemoteTestNG.java:58)
Caused by: org.openqa.selenium.WebDriverException: org.apache.http.conn.HttpHostConnectException: Connect to 127.0.0.1:4723 [/127.0.0.1] failed: Connection refused
Build info: version: &apos;2.48.2&apos;, revision: &apos;41bccdd10cf2c0560f637404c2d96164b67d9d67&apos;, time: &apos;2015-10-09 13:08:06&apos;
System info: host: &apos;indrajeets-MacBook-Pro.local&apos;, ip: &apos;192.168.56.1&apos;, os.name: &apos;Mac OS X&apos;, os.arch: &apos;x86_64&apos;, os.version: &apos;10.11.4&apos;, java.version: &apos;1.8.0_91&apos;
Driver info: driver.version: RemoteWebDriver
	at io.appium.java_client.remote.AppiumCommandExecutor.execute(AppiumCommandExecutor.java:79)
	at org.openqa.selenium.remote.RemoteWebDriver.execute(RemoteWebDriver.java:620)
	... 30 more
Caused by: org.apache.http.conn.HttpHostConnectException: Connect to 127.0.0.1:4723 [/127.0.0.1] failed: Connection refused
	at org.apache.http.impl.conn.HttpClientConnectionOperator.connect(HttpClientConnectionOperator.java:140)
	at org.apache.http.impl.conn.PoolingHttpClientConnectionManager.connect(PoolingHttpClientConnectionManager.java:314)
	at org.apache.http.impl.execchain.MainClientExec.establishRoute(MainClientExec.java:363)
	at org.apache.http.impl.execchain.MainClientExec.execute(MainClientExec.java:219)
	at org.apache.http.impl.execchain.ProtocolExec.execute(ProtocolExec.java:195)
	at org.apache.http.impl.execchain.RetryExec.execute(RetryExec.java:86)
	at org.apache.http.impl.execchain.RedirectExec.execute(RedirectExec.java:108)
	at org.apache.http.impl.client.InternalHttpClient.doExecute(InternalHttpClient.java:186)
	at org.apache.http.impl.client.CloseableHttpClient.execute(CloseableHttpClient.java:72)
	at org.apache.http.impl.client.CloseableHttpClient.execute(CloseableHttpClient.java:57)
	at org.openqa.selenium.remote.internal.ApacheHttpClient.fallBackExecute(ApacheHttpClient.java:143)
	at org.openqa.selenium.remote.internal.ApacheHttpClient.execute(ApacheHttpClient.java:89)
	at org.openqa.selenium.remote.HttpCommandExecutor.execute(HttpCommandExecutor.java:142)
	at io.appium.java_client.remote.AppiumCommandExecutor.execute(AppiumCommandExecutor.java:67)
	... 31 more
Caused by: java.net.ConnectException: Connection refused
	at java.net.PlainSocketImpl.socketConnect(Native Method)
	at java.net.AbstractPlainSocketImpl.doConnect(AbstractPlainSocketImpl.java:350)
	at java.net.AbstractPlainSocketImpl.connectToAddress(AbstractPlainSocketImpl.java:206)
	at java.net.AbstractPlainSocketImpl.connect(AbstractPlainSocketImpl.java:188)
	at java.net.SocksSocketImpl.connect(SocksSocketImpl.java:392)
	at java.net.Socket.connect(Socket.java:589)
	at org.apache.http.conn.socket.PlainConnectionSocketFactory.connectSocket(PlainConnectionSocketFactory.java:72)
	at org.apache.http.impl.conn.HttpClientConnectionOperator.connect(HttpClientConnectionOperator.java:117)
	... 44 more
</pre></div></td>
<td>69301</td>
<td>com.mobile.scripts.RP_008_RetriveBookingAsMember@4f18837a</td></tr>
</table><p>
<table width='100%' border='1' class='invocation-passed'>
<tr><td colspan='4' align='center'><b>PASSED TESTS</b></td></tr>
<tr><td><b>Test method</b></td>
<td width="30%"><b>Exception</b></td>
<td width="10%"><b>Time (seconds)</b></td>
<td><b>Instance</b></td>
</tr>
<tr>
<td title='com.mobile.scripts.RP_002_TestLogInFromBooking.logInFromBookingScreen()'><b>logInFromBookingScreen</b><br>Test class: com.mobile.scripts.RP_002_TestLogInFromBooking<br>Parameters: Philippines, Ermita, rphtest112@gmail.com, Password1, Validate LogIn from Booking page</td>
<td></td>
<td>232</td>
<td>com.mobile.scripts.RP_002_TestLogInFromBooking@4466af20</td></tr>
<tr>
<td title='com.mobile.scripts.RP_Smoke_TestBookNow.smokeTestBookNow()'><b>smokeTestBookNow</b><br>Test class: com.mobile.scripts.RP_Smoke_TestBookNow<br>Parameters: Philippines, Ermita</td>
<td></td>
<td>147</td>
<td>com.mobile.scripts.RP_Smoke_TestBookNow@359f7cdf</td></tr>
<tr>
<td title='com.mobile.scripts.RP_Smoke_TestHomeMainMenu_inStay.smokeTestHomeMainMenu_inStay()'><b>smokeTestHomeMainMenu_inStay</b><br>Test class: com.mobile.scripts.RP_Smoke_TestHomeMainMenu_inStay<br>Parameters: test1234@test.com, 12345</td>
<td></td>
<td>213</td>
<td>com.mobile.scripts.RP_Smoke_TestHomeMainMenu_inStay@4fb0f2b9</td></tr>
<tr>
<td title='com.mobile.scripts.RP_Smoke_TestHomeMainMenu_logout.smokeTestHomeMainMenu_logout()'><b>smokeTestHomeMainMenu_logout</b><br>Test class: com.mobile.scripts.RP_Smoke_TestHomeMainMenu_logout</td>
<td></td>
<td>161</td>
<td>com.mobile.scripts.RP_Smoke_TestHomeMainMenu_logout@59309333</td></tr>
<tr>
<td title='com.mobile.scripts.RP_Smoke_TestMyAccount.smokeTestMyAccount()'><b>smokeTestMyAccount</b><br>Test class: com.mobile.scripts.RP_Smoke_TestMyAccount<br>Parameters: test1234@test.com, 12345</td>
<td></td>
<td>75</td>
<td>com.mobile.scripts.RP_Smoke_TestMyAccount@79924b</td></tr>
<tr>
<td title='com.mobile.scripts.RP_Smoke_TestRetrieveBookings.smokeTestRetrieveBookings()'><b>smokeTestRetrieveBookings</b><br>Test class: com.mobile.scripts.RP_Smoke_TestRetrieveBookings</td>
<td></td>
<td>32</td>
<td>com.mobile.scripts.RP_Smoke_TestRetrieveBookings@6b927fb</td></tr>
<tr>
<td title='com.mobile.scripts.RP_005_GuestBookingFromBookNow.testBookingAsGuestFromBookNow()'><b>testBookingAsGuestFromBookNow</b><br>Test class: com.mobile.scripts.RP_005_GuestBookingFromBookNow<br>Parameters: Philippines, Ermita, TestFName, TestLName, test2@test.com, , , 05, 2017, 123, false, Validate Hotel Booking as a Guest with blank payment details</td>
<td></td>
<td>338</td>
<td>com.mobile.scripts.RP_005_GuestBookingFromBookNow@1aa7ecca</td></tr>
<tr>
<td title='com.mobile.scripts.RP_005_GuestBookingFromBookNow.testBookingAsGuestFromBookNow()'><b>testBookingAsGuestFromBookNow</b><br>Test class: com.mobile.scripts.RP_005_GuestBookingFromBookNow<br>Parameters: Philippines, Ermita, TestFName, TestLName, test2@test.com, test1, 4005550000000002, 05, 2017, 123, false, Validate Hotel Booking as a Guest with invalid payment details</td>
<td></td>
<td>321</td>
<td>com.mobile.scripts.RP_005_GuestBookingFromBookNow@1aa7ecca</td></tr>
<tr>
<td title='com.mobile.scripts.RP_005_GuestBookingFromBookNow.testBookingAsGuestFromBookNow()'><b>testBookingAsGuestFromBookNow</b><br>Test class: com.mobile.scripts.RP_005_GuestBookingFromBookNow<br>Parameters: Philippines, Ermita, TestFName, TestLName, test2@test.com, test, 4005550000000001, 05, 2017, 123, true, Validate Hotel Booking as a Guest with valid payment details</td>
<td></td>
<td>303</td>
<td>com.mobile.scripts.RP_005_GuestBookingFromBookNow@1aa7ecca</td></tr>
<tr>
<td title='com.mobile.scripts.RP_004_GuestBookingFromInstayMode.testBookingAsGuestFromHome()'><b>testBookingAsGuestFromHome</b><br>Test class: com.mobile.scripts.RP_004_GuestBookingFromInstayMode<br>Parameters: Philippines, Ermita, TestFName, TestLName, test1@test.com, test, 4005550000000001, 05, 2017, 123, true, Validate Hotel Booking as a Guest with valid payment details</td>
<td></td>
<td>318</td>
<td>com.mobile.scripts.RP_004_GuestBookingFromInstayMode@7b9a4292</td></tr>
<tr>
<td title='com.mobile.scripts.RP_006_BookingAsAMember.testBookingAsMember()'><b>testBookingAsMember</b><br>Test class: com.mobile.scripts.RP_006_BookingAsAMember<br>Parameters: test53856@gmail.com, Password1, Philippines, Ermita, TestFName, TestLName, testwhiffler@gmail.com, , , 06, 2016, 123, false, Validate Hotel Booking as a Member with blank payment details</td>
<td></td>
<td>354</td>
<td>com.mobile.scripts.RP_006_BookingAsAMember@67d48005</td></tr>
<tr>
<td title='com.mobile.scripts.RP_006_BookingAsAMember.testBookingAsMember()'><b>testBookingAsMember</b><br>Test class: com.mobile.scripts.RP_006_BookingAsAMember<br>Parameters: test53856@gmail.com, Password1, Philippines, Ermita, TestFName, TestLName, testwhiffler@gmail.com, test1, 4005550000000002, 06, 2016, 123, false, Validate Hotel Booking as a Member with invalid payment details</td>
<td></td>
<td>349</td>
<td>com.mobile.scripts.RP_006_BookingAsAMember@67d48005</td></tr>
<tr>
<td title='com.mobile.scripts.RP_006_BookingAsAMember.testBookingAsMember()'><b>testBookingAsMember</b><br>Test class: com.mobile.scripts.RP_006_BookingAsAMember<br>Parameters: test53856@gmail.com, Password1, Philippines, Ermita, TestFName, TestLName, testwhiffler@gmail.com, test1, 370000000000002, 06, 2016, 7373, true, Validate Hotel Booking as a Member with valid payment details</td>
<td></td>
<td>366</td>
<td>com.mobile.scripts.RP_006_BookingAsAMember@67d48005</td></tr>
<tr>
<td title='com.mobile.scripts.RP_007_RetriveBookingAsGuest.testRetriveBookingAsGuest()'><b>testRetriveBookingAsGuest</b><br>Test class: com.mobile.scripts.RP_007_RetriveBookingAsGuest<br>Parameters: Philippines, Ermita, TestFName, TestLName, testwhiffler@gmail.com, test, 370000000000002, 06, 2016, 7373, Validate Retrive Booking As Guest</td>
<td></td>
<td>380</td>
<td>com.mobile.scripts.RP_007_RetriveBookingAsGuest@4fb61f4a</td></tr>
<tr>
<td title='com.mobile.scripts.RP_003_TestSearchHotels.testSearchHotels()'><b>testSearchHotels</b><br>Test class: com.mobile.scripts.RP_003_TestSearchHotels<br>Parameters: Philippines, Ermita, Verify select Destination</td>
<td></td>
<td>122</td>
<td>com.mobile.scripts.RP_003_TestSearchHotels@294425a7</td></tr>
<tr>
<td title='com.mobile.scripts.RP_003_TestSearchHotels.testSearchHotels()'><b>testSearchHotels</b><br>Test class: com.mobile.scripts.RP_003_TestSearchHotels<br>Parameters: Philippines, Ermita, Verify search hotel functionlity</td>
<td></td>
<td>223</td>
<td>com.mobile.scripts.RP_003_TestSearchHotels@294425a7</td></tr>
<tr>
<td title='com.mobile.scripts.RP_001_TestLoginFromInStayMode.validateTestLogin()'><b>validateTestLogin</b><br>Test class: com.mobile.scripts.RP_001_TestLoginFromInStayMode<br>Parameters: cigniti1@redplanet.com, password, Invalid credentials, false</td>
<td></td>
<td>96</td>
<td>com.mobile.scripts.RP_001_TestLoginFromInStayMode@4f6ee6e4</td></tr>
<tr>
<td title='com.mobile.scripts.RP_001_TestLoginFromInStayMode.validateTestLogin()'><b>validateTestLogin</b><br>Test class: com.mobile.scripts.RP_001_TestLoginFromInStayMode<br>Parameters: rphtest112@gmail.com, password,  Invalid password and valid email, false</td>
<td></td>
<td>96</td>
<td>com.mobile.scripts.RP_001_TestLoginFromInStayMode@4f6ee6e4</td></tr>
<tr>
<td title='com.mobile.scripts.RP_001_TestLoginFromInStayMode.validateTestLogin()'><b>validateTestLogin</b><br>Test class: com.mobile.scripts.RP_001_TestLoginFromInStayMode<br>Parameters: testmail, Password1,  invalid Email Error message should be displayed, false</td>
<td></td>
<td>97</td>
<td>com.mobile.scripts.RP_001_TestLoginFromInStayMode@4f6ee6e4</td></tr>
<tr>
<td title='com.mobile.scripts.RP_001_TestLoginFromInStayMode.validateTestLogin()'><b>validateTestLogin</b><br>Test class: com.mobile.scripts.RP_001_TestLoginFromInStayMode<br>Parameters: , ,  Email and password field left blank, false</td>
<td></td>
<td>96</td>
<td>com.mobile.scripts.RP_001_TestLoginFromInStayMode@4f6ee6e4</td></tr>
<tr>
<td title='com.mobile.scripts.RP_001_TestLoginFromInStayMode.validateTestLogin()'><b>validateTestLogin</b><br>Test class: com.mobile.scripts.RP_001_TestLoginFromInStayMode<br>Parameters: rphtest112@gmail.com, Password1, Valid email and password, true</td>
<td></td>
<td>53</td>
<td>com.mobile.scripts.RP_001_TestLoginFromInStayMode@4f6ee6e4</td></tr>
</table><p>
<table width='100%' border='1' class='invocation-skipped'>
<tr><td colspan='4' align='center'><b>SKIPPED TESTS</b></td></tr>
<tr><td><b>Test method</b></td>
<td width="30%"><b>Exception</b></td>
<td width="10%"><b>Time (seconds)</b></td>
<td><b>Instance</b></td>
</tr>
<tr>
<td title='com.mobile.scripts.RP_013_ValidateFooterLinksInAboutUs.ValidateFooterLinksInAboutUs()'><b>ValidateFooterLinksInAboutUs</b><br>Test class: com.mobile.scripts.RP_013_ValidateFooterLinksInAboutUs</td>
<td></td>
<td>0</td>
<td>com.mobile.scripts.RP_013_ValidateFooterLinksInAboutUs@1fa268de</td></tr>
<tr>
<td title='com.mobile.scripts.RP_012_ValidateSocialNetworkLinksInAboutUs.ValidateSocialNetworkLinksInAboutUs()'><b>ValidateSocialNetworkLinksInAboutUs</b><br>Test class: com.mobile.scripts.RP_012_ValidateSocialNetworkLinksInAboutUs</td>
<td></td>
<td>0</td>
<td>com.mobile.scripts.RP_012_ValidateSocialNetworkLinksInAboutUs@9f116cc</td></tr>
<tr>
<td title='com.mobile.scripts.RP_015_TestChatWithFrontDesk.testChatWithFrontDesk()'><b>testChatWithFrontDesk</b><br>Test class: com.mobile.scripts.RP_015_TestChatWithFrontDesk<br>Parameters: test1234@test.com, 12345, chatline-admin@redplanethotels.com, admin, Validate chat with FrontDesk</td>
<td></td>
<td>0</td>
<td>com.mobile.scripts.RP_015_TestChatWithFrontDesk@3e58a80e</td></tr>
<tr>
<td title='com.mobile.scripts.RP_011_TestForgotPassword.testForgotPassword()'><b>testForgotPassword</b><br>Test class: com.mobile.scripts.RP_011_TestForgotPassword<br>Parameters: test47781@gmail.com, Password47781, Password, true, Validate Forgot Password on valid email ID</td>
<td></td>
<td>0</td>
<td>com.mobile.scripts.RP_011_TestForgotPassword@4cc451f2</td></tr>
<tr>
<td title='com.mobile.scripts.RP_014_TestInHousePhone.testInHousePhone()'><b>testInHousePhone</b><br>Test class: com.mobile.scripts.RP_014_TestInHousePhone<br>Parameters: , nirmal4testing@gmail.com, testing1234, true, Validate InHousePhone to invalid room number</td>
<td></td>
<td>0</td>
<td>com.mobile.scripts.RP_014_TestInHousePhone@6379eb</td></tr>
<tr>
<td title='com.mobile.scripts.RP_014_TestInHousePhone.testInHousePhone()'><b>testInHousePhone</b><br>Test class: com.mobile.scripts.RP_014_TestInHousePhone<br>Parameters: , nirmal4testing@gmail.com, testing1234, false, Validate InHousePhone to FrontDesk</td>
<td></td>
<td>0</td>
<td>com.mobile.scripts.RP_014_TestInHousePhone@6379eb</td></tr>
<tr>
<td title='com.mobile.scripts.RP_017_TestInputCreditCards.testInputCreditCards()'><b>testInputCreditCards</b><br>Test class: com.mobile.scripts.RP_017_TestInputCreditCards<br>Parameters: Philippines, Ermita, TestFName, TestLName, rphtest112@gmail.com, test, 4005550000000001, 05, 2017, 123, Validate Visa card payment</td>
<td></td>
<td>0</td>
<td>com.mobile.scripts.RP_017_TestInputCreditCards@a514af7</td></tr>
<tr>
<td title='com.mobile.scripts.RP_017_TestInputCreditCards.testInputCreditCards()'><b>testInputCreditCards</b><br>Test class: com.mobile.scripts.RP_017_TestInputCreditCards<br>Parameters: Philippines, Ermita, TestFName, TestLName, rphtest112@gmail.com, test1, 5123456789012346, 05, 2017, 123, Validate Master card payment</td>
<td></td>
<td>0</td>
<td>com.mobile.scripts.RP_017_TestInputCreditCards@a514af7</td></tr>
<tr>
<td title='com.mobile.scripts.RP_017_TestInputCreditCards.testInputCreditCards()'><b>testInputCreditCards</b><br>Test class: com.mobile.scripts.RP_017_TestInputCreditCards<br>Parameters: Philippines, Ermita, TestFName, TestLName, rphtest112@gmail.com, test1, 370000000000002, 06, 2016, 7373, Validate American Express card payment</td>
<td></td>
<td>0</td>
<td>com.mobile.scripts.RP_017_TestInputCreditCards@a514af7</td></tr>
<tr>
<td title='com.mobile.scripts.RP_016_TestTabsLocalAttractions.testLocalAttractions()'><b>testLocalAttractions</b><br>Test class: com.mobile.scripts.RP_016_TestTabsLocalAttractions<br>Parameters: Japan, Tokyo, test1234@test.com, 12345, Verify tabs under Local Attractions screen</td>
<td></td>
<td>0</td>
<td>com.mobile.scripts.RP_016_TestTabsLocalAttractions@74e52303</td></tr>
<tr>
<td title='com.mobile.scripts.RP_009_TestSignUp.testSignUpUser()'><b>testSignUpUser</b><br>Test class: com.mobile.scripts.RP_009_TestSignUp<br>Parameters: TestFName, TestLName, test27564@gmail.com, Password1, true, SignUp as new user</td>
<td></td>
<td>0</td>
<td>com.mobile.scripts.RP_009_TestSignUp@12468a38</td></tr>
<tr>
<td title='com.mobile.scripts.RP_009_TestSignUp.testSignUpUser()'><b>testSignUpUser</b><br>Test class: com.mobile.scripts.RP_009_TestSignUp<br>Parameters: TestFName, TestLName, rphtest112@gmail.com, Password1, false, SignUp with existing user id</td>
<td></td>
<td>0</td>
<td>com.mobile.scripts.RP_009_TestSignUp@12468a38</td></tr>
<tr>
<td title='com.mobile.scripts.RP_010_ConnectWithFacebook.validateConnectWithFacebook()'><b>validateConnectWithFacebook</b><br>Test class: com.mobile.scripts.RP_010_ConnectWithFacebook<br>Parameters: rphtest112@gmail.com, rphtest112, Connect with Facebook login</td>
<td></td>
<td>0</td>
<td>com.mobile.scripts.RP_010_ConnectWithFacebook@4a94ee4</td></tr>
</table><p>
</body>
</html>